#
# There is insufficient memory for the Java Runtime Environment to continue.
# Native memory allocation (malloc) failed to allocate 2866256 bytes. Error detail: Chunk::new
# Possible reasons:
#   The system is out of physical RAM or swap space
#   This process is running with CompressedOops enabled, and the Java Heap may be blocking the growth of the native heap
# Possible solutions:
#   Reduce memory load on the system
#   Increase physical memory or swap space
#   Check if swap backing store is full
#   Decrease Java heap size (-Xmx/-Xms)
#   Decrease number of Java threads
#   Decrease Java thread stack sizes (-Xss)
#   Set larger code cache with -XX:ReservedCodeCacheSize=
#   JVM is running with Unscaled Compressed Oops mode in which the Java heap is
#     placed in the first 4GB address space. The Java Heap base address is the
#     maximum limit for the native heap growth. Please use -XX:HeapBaseMinAddress
#     to set the Java Heap base and to place the Java Heap above 4GB virtual address.
# This output file may be truncated or incomplete.
#
#  Out of Memory Error (arena.cpp:162), pid=13732, tid=6752
#
# JRE version: Java(TM) SE Runtime Environment (24.0.2+12) (build 24.0.2+12-54)
# Java VM: Java HotSpot(TM) 64-Bit Server VM (24.0.2+12-54, mixed mode, sharing, tiered, compressed oops, compressed class ptrs, g1 gc, windows-amd64)
# No core dump will be written. Minidumps are not enabled by default on client versions of Windows
#

---------------  S U M M A R Y ------------

Command Line: -ea -Dfile.encoding=UTF-8 -Dstdout.encoding=UTF-8 -Dstderr.encoding=UTF-8 -XX:+ShowCodeDetailsInExceptionMessages org.testng.remote.RemoteTestNG -serport 50576 -protocol json -d C:\Users\PC\git\cucumberframewokrepository\Cucumberframework\test-output C:\Users\PC\git\cucumberframewokrepository\Cucumberframework\testng.xml

Host: Intel(R) Core(TM) i7-8550U CPU @ 1.80GHz, 8 cores, 7G,  Windows 10 , 64 bit Build 19041 (10.0.19041.5915)
Time: Fri Oct 17 07:57:23 2025 India Standard Time elapsed time: 13.731356 seconds (0d 0h 0m 13s)

---------------  T H R E A D  ---------------

Current thread (0x0000022a7fcfbdc0):  JavaThread "C2 CompilerThread0" daemon [_thread_in_native, id=6752, stack(0x000000b887200000,0x000000b887300000) (1024K)]


Current CompileTask:
C2:13731 3877       4       java.io.WinNTFileSystem::normalize (224 bytes)

Stack: [0x000000b887200000,0x000000b887300000]
Native frames: (J=compiled Java code, j=interpreted, Vv=VM code, C=native code)
V  [jvm.dll+0x730829]  (no source info available)
V  [jvm.dll+0x8d9da3]  (no source info available)
V  [jvm.dll+0x8dc28d]  (no source info available)
V  [jvm.dll+0x8dc903]  (no source info available)
V  [jvm.dll+0x2a9f56]  (no source info available)
V  [jvm.dll+0xced7f]  (no source info available)
V  [jvm.dll+0xcefdf]  (no source info available)
V  [jvm.dll+0x154c83]  (no source info available)
V  [jvm.dll+0x73604f]  (no source info available)
V  [jvm.dll+0x26f8dc]  (no source info available)
V  [jvm.dll+0x26e8ff]  (no source info available)
V  [jvm.dll+0x1e9c90]  (no source info available)
V  [jvm.dll+0x27e0cb]  (no source info available)
V  [jvm.dll+0x27c36a]  (no source info available)
V  [jvm.dll+0x42f396]  (no source info available)
V  [jvm.dll+0x87d9eb]  (no source info available)
V  [jvm.dll+0x72ef45]  (no source info available)
C  [ucrtbase.dll+0x21bb2]  (no source info available)
C  [KERNEL32.DLL+0x17374]  (no source info available)
C  [ntdll.dll+0x4cc91]  (no source info available)

Lock stack of current Java thread (top to bottom):


---------------  P R O C E S S  ---------------

Threads class SMR info:
_java_thread_list=0x0000022a58a77a20, length=41, elements={
0x0000022a71ce9de0, 0x0000022a7fcdf6e0, 0x0000022a7fce1030, 0x0000022a7fce5120,
0x0000022a7fce5c70, 0x0000022a7fceab60, 0x0000022a7fceba40, 0x0000022a7fcfbdc0,
0x0000022a7fd03900, 0x0000022a56081b50, 0x0000022a560ab580, 0x0000022a56d255b0,
0x0000022a57315950, 0x0000022a59580a30, 0x0000022a5998f0c0, 0x0000022a596c0cc0,
0x0000022a596c1400, 0x0000022a5a131c10, 0x0000022a5a133200, 0x0000022a5a132ab0,
0x0000022a5a130d70, 0x0000022a5a133950, 0x0000022a5a1340a0, 0x0000022a5a1314c0,
0x0000022a5a132360, 0x0000022a58e7fa20, 0x0000022a58e84a90, 0x0000022a58e867d0,
0x0000022a58e84340, 0x0000022a7fd04820, 0x0000022a58e851e0, 0x0000022a58e86080,
0x0000022a58e86f20, 0x0000022a58e85930, 0x0000022a58e80170, 0x0000022a58e82d50,
0x0000022a58e808c0, 0x0000022a58e82600, 0x0000022a58e81eb0, 0x0000022a58e83bf0,
0x0000022a58e81760
}

Java Threads: ( => current thread )
  0x0000022a71ce9de0 JavaThread "main"                              [_thread_in_native, id=12428, stack(0x000000b886400000,0x000000b886500000) (1024K)]
  0x0000022a7fcdf6e0 JavaThread "Reference Handler"          daemon [_thread_blocked, id=5016, stack(0x000000b886c00000,0x000000b886d00000) (1024K)]
  0x0000022a7fce1030 JavaThread "Finalizer"                  daemon [_thread_blocked, id=3300, stack(0x000000b886d00000,0x000000b886e00000) (1024K)]
  0x0000022a7fce5120 JavaThread "Signal Dispatcher"          daemon [_thread_blocked, id=15732, stack(0x000000b886e00000,0x000000b886f00000) (1024K)]
  0x0000022a7fce5c70 JavaThread "Attach Listener"            daemon [_thread_blocked, id=13872, stack(0x000000b886f00000,0x000000b887000000) (1024K)]
  0x0000022a7fceab60 JavaThread "Service Thread"             daemon [_thread_blocked, id=6280, stack(0x000000b887000000,0x000000b887100000) (1024K)]
  0x0000022a7fceba40 JavaThread "Monitor Deflation Thread"   daemon [_thread_blocked, id=8312, stack(0x000000b887100000,0x000000b887200000) (1024K)]
=>0x0000022a7fcfbdc0 JavaThread "C2 CompilerThread0"         daemon [_thread_in_native, id=6752, stack(0x000000b887200000,0x000000b887300000) (1024K)]
  0x0000022a7fd03900 JavaThread "C1 CompilerThread0"         daemon [_thread_in_native, id=12492, stack(0x000000b887300000,0x000000b887400000) (1024K)]
  0x0000022a56081b50 JavaThread "Notification Thread"        daemon [_thread_blocked, id=6372, stack(0x000000b887400000,0x000000b887500000) (1024K)]
  0x0000022a560ab580 JavaThread "Common-Cleaner"             daemon [_thread_blocked, id=7756, stack(0x000000b887500000,0x000000b887600000) (1024K)]
  0x0000022a56d255b0 JavaThread "ReaderThread"                      [_thread_in_native, id=2256, stack(0x000000b887800000,0x000000b887900000) (1024K)]
  0x0000022a57315950 JavaThread "ForkJoinPool.commonPool-worker-1" daemon [_thread_blocked, id=7304, stack(0x000000b888100000,0x000000b888200000) (1024K)]
  0x0000022a59580a30 JavaThread "HttpClient-1-SelectorManager" daemon [_thread_in_native, id=12708, stack(0x000000b888000000,0x000000b888100000) (1024K)]
  0x0000022a5998f0c0 JavaThread "External Process Output Forwarder - C:\Users\PC\.cache\selenium\chromedriver\win64\141.0.7390.78\chromedriver.exe" daemon [_thread_in_native, id=13324, stack(0x000000b888300000,0x000000b888400000) (1024K)]
  0x0000022a596c0cc0 JavaThread "Driver Service Executor"    daemon [_thread_blocked, id=13488, stack(0x000000b888400000,0x000000b888500000) (1024K)]
  0x0000022a596c1400 JavaThread "Driver Service Executor"    daemon [_thread_in_native, id=15740, stack(0x000000b888500000,0x000000b888600000) (1024K)]
  0x0000022a5a131c10 JavaThread "UrlChecker-2"               daemon [_thread_blocked, id=732, stack(0x000000b888600000,0x000000b888700000) (1024K)]
  0x0000022a5a133200 JavaThread "Keep-Alive-Timer"           daemon [_thread_blocked, id=13404, stack(0x000000b887600000,0x000000b887700000) (1024K)]
  0x0000022a5a132ab0 JavaThread "JdkHttpClient-0-0"          daemon [_thread_blocked, id=7600, stack(0x000000b888700000,0x000000b888800000) (1024K)]
  0x0000022a5a130d70 JavaThread "CompletableFutureDelayScheduler" daemon [_thread_blocked, id=1604, stack(0x000000b888800000,0x000000b888900000) (1024K)]
  0x0000022a5a133950 JavaThread "JdkHttpClient-0-1"          daemon [_thread_blocked, id=4044, stack(0x000000b888900000,0x000000b888a00000) (1024K)]
  0x0000022a5a1340a0 JavaThread "JdkHttpClient-0-2"          daemon [_thread_blocked, id=5372, stack(0x000000b888a00000,0x000000b888b00000) (1024K)]
  0x0000022a5a1314c0 JavaThread "JdkHttpClient-0-3"          daemon [_thread_blocked, id=7960, stack(0x000000b888b00000,0x000000b888c00000) (1024K)]
  0x0000022a5a132360 JavaThread "HttpClient-2-SelectorManager" daemon [_thread_in_native, id=9224, stack(0x000000b888d00000,0x000000b888e00000) (1024K)]
  0x0000022a58e7fa20 JavaThread "JdkHttpClient-1-0"          daemon [_thread_blocked, id=9152, stack(0x000000b888e00000,0x000000b888f00000) (1024K)]
  0x0000022a58e84a90 JavaThread "JdkHttpClient-1-1"          daemon [_thread_blocked, id=15352, stack(0x000000b888f00000,0x000000b889000000) (1024K)]
  0x0000022a58e867d0 JavaThread "JdkHttpClient-1-2"          daemon [_thread_blocked, id=14964, stack(0x000000b889000000,0x000000b889100000) (1024K)]
  0x0000022a58e84340 JavaThread "JdkHttpClient-1-3"          daemon [_thread_blocked, id=3448, stack(0x000000b889100000,0x000000b889200000) (1024K)]
  0x0000022a7fd04820 JavaThread "C2 CompilerThread1"         daemon [_thread_in_native, id=13632, stack(0x000000b888c00000,0x000000b888d00000) (1024K)]
  0x0000022a58e851e0 JavaThread "HttpClient-3-SelectorManager" daemon [_thread_in_native, id=9008, stack(0x000000b889200000,0x000000b889300000) (1024K)]
  0x0000022a58e86080 JavaThread "Driver Service Executor"    daemon [_thread_blocked, id=10864, stack(0x000000b889400000,0x000000b889500000) (1024K)]
  0x0000022a58e86f20 JavaThread "Driver Service Executor"    daemon [_thread_blocked, id=16844, stack(0x000000b889500000,0x000000b889600000) (1024K)]
  0x0000022a58e85930 JavaThread "HttpClient-4-SelectorManager" daemon [_thread_in_native, id=13912, stack(0x000000b889300000,0x000000b889400000) (1024K)]
  0x0000022a58e80170 JavaThread "Driver Service Executor"    daemon [_thread_blocked, id=9508, stack(0x000000b889700000,0x000000b889800000) (1024K)]
  0x0000022a58e82d50 JavaThread "Driver Service Executor"    daemon [_thread_blocked, id=11892, stack(0x000000b889800000,0x000000b889900000) (1024K)]
  0x0000022a58e808c0 JavaThread "UrlChecker-3"               daemon [_thread_blocked, id=15804, stack(0x000000b889900000,0x000000b889a00000) (1024K)]
  0x0000022a58e82600 JavaThread "HttpClient-5-SelectorManager" daemon [_thread_in_native, id=9836, stack(0x000000b889600000,0x000000b889700000) (1024K)]
  0x0000022a58e81eb0 JavaThread "Driver Service Executor"    daemon [_thread_blocked, id=9732, stack(0x000000b889b00000,0x000000b889c00000) (1024K)]
  0x0000022a58e83bf0 JavaThread "Driver Service Executor"    daemon [_thread_blocked, id=14840, stack(0x000000b889c00000,0x000000b889d00000) (1024K)]
  0x0000022a58e81760 JavaThread "UrlChecker-4"               daemon [_thread_blocked, id=14008, stack(0x000000b889d00000,0x000000b889e00000) (1024K)]
Total: 41

Other Threads:
  0x0000022a7fcd0390 VMThread "VM Thread"                           [id=4068, stack(0x000000b886b00000,0x000000b886c00000) (1024K)]
  0x0000022a7fcc3840 WatcherThread "VM Periodic Task Thread"        [id=6208, stack(0x000000b886a00000,0x000000b886b00000) (1024K)]
  0x0000022a73f865f0 WorkerThread "GC Thread#0"                     [id=4056, stack(0x000000b886500000,0x000000b886600000) (1024K)]
  0x0000022a571c15d0 WorkerThread "GC Thread#1"                     [id=6852, stack(0x000000b887900000,0x000000b887a00000) (1024K)]
  0x0000022a571c1980 WorkerThread "GC Thread#2"                     [id=16280, stack(0x000000b887a00000,0x000000b887b00000) (1024K)]
  0x0000022a571c1d30 WorkerThread "GC Thread#3"                     [id=4280, stack(0x000000b887b00000,0x000000b887c00000) (1024K)]
  0x0000022a5749f590 WorkerThread "GC Thread#4"                     [id=14552, stack(0x000000b887c00000,0x000000b887d00000) (1024K)]
  0x0000022a5749f940 WorkerThread "GC Thread#5"                     [id=8548, stack(0x000000b887d00000,0x000000b887e00000) (1024K)]
  0x0000022a574a0910 WorkerThread "GC Thread#6"                     [id=3420, stack(0x000000b887e00000,0x000000b887f00000) (1024K)]
  0x0000022a574a0cc0 WorkerThread "GC Thread#7"                     [id=8116, stack(0x000000b887f00000,0x000000b888000000) (1024K)]
  0x0000022a73f9b190 ConcurrentGCThread "G1 Main Marker"            [id=16120, stack(0x000000b886600000,0x000000b886700000) (1024K)]
  0x0000022a73f9c4d0 WorkerThread "G1 Conc#0"                       [id=13980, stack(0x000000b886700000,0x000000b886800000) (1024K)]
  0x0000022a57442fc0 WorkerThread "G1 Conc#1"                       [id=9668, stack(0x000000b888200000,0x000000b888300000) (1024K)]
  0x0000022a7fb8b140 ConcurrentGCThread "G1 Refine#0"               [id=13348, stack(0x000000b886800000,0x000000b886900000) (1024K)]
  0x0000022a7fb8b580 ConcurrentGCThread "G1 Service"                [id=14420, stack(0x000000b886900000,0x000000b886a00000) (1024K)]
Total: 15

Threads with active compile tasks:
C2 CompilerThread0  13870 3877       4       java.io.WinNTFileSystem::normalize (224 bytes)
C1 CompilerThread0  13870 3933       3       sun.nio.cs.UTF_8$Encoder::encodeArrayLoopSlow (377 bytes)
C2 CompilerThread1  13870 3899       4       sun.security.provider.SHA2::implCompress0 (448 bytes)
Total: 3

VM state: not at safepoint (normal execution)

VM Mutex/Monitor currently owned by a thread: None

Heap address: 0x0000000081800000, size: 2024 MB, Compressed Oops mode: 32-bit

CDS archive(s) mapped at: [0x0000022a11000000-0x0000022a11d40000-0x0000022a11d40000), size 13893632, SharedBaseAddress: 0x0000022a11000000, ArchiveRelocationMode: 1.
Compressed class space mapped at: 0x0000022a12000000-0x0000022a52000000, reserved size: 1073741824
UseCompressedClassPointers 1, UseCompactObjectHeaders 0
Narrow klass pointer bits 32, Max shift 3
Narrow klass base: 0x0000022a11000000, Narrow klass shift: 0
Encoding Range: [0x0000022a11000000 - 0x0000022b11000000), (4294967296 bytes)
Klass Range:    [0x0000022a11000000 - 0x0000022a52000000), (1090519040 bytes)
Klass ID Range:  [8 - 1090519033) (1090519025)

GC Precious Log:
 CardTable entry size: 512
 Card Set container configuration: InlinePtr #cards 5 size 8 Array Of Cards #cards 10 size 36 Howl #buckets 4 coarsen threshold 1843 Howl Bitmap #cards 512 size 80 coarsen threshold 460 Card regions per heap region 1 cards per card region 2048
 CPUs: 8 total, 8 available
 Memory: 8089M
 Large Page Support: Disabled
 NUMA Support: Disabled
 Compressed Oops: Enabled (32-bit)
 Heap Region Size: 1M
 Heap Min Capacity: 8M
 Heap Initial Capacity: 128M
 Heap Max Capacity: 2024M
 Pre-touch: Disabled
 Parallel Workers: 8
 Concurrent Workers: 2
 Concurrent Refinement Workers: 8
 Periodic GC: Disabled

Heap:
 garbage-first heap   total reserved 2072576K, committed 68608K, used 64983K [0x0000000081800000, 0x0000000100000000)
  region size 1024K, 48 young (49152K), 2 survivors (2048K)
 Metaspace       used 27080K, committed 27456K, reserved 1114112K
  class space    used 2829K, committed 2944K, reserved 1048576K

Heap Regions: E=young(eden), S=young(survivor), O=old, HS=humongous(starts), HC=humongous(continues), CS=collection set, F=free, TAMS=top-at-mark-start, PB=parsable bottom
|   0|0x0000000081800000, 0x0000000081900000, 0x0000000081900000|100%|HS|  |TAMS 0x0000000081800000| PB 0x0000000081800000| Complete |  0
|   1|0x0000000081900000, 0x0000000081a00000, 0x0000000081a00000|100%| O|  |TAMS 0x0000000081900000| PB 0x0000000081900000| Untracked |  0
|   2|0x0000000081a00000, 0x0000000081b00000, 0x0000000081b00000|100%| O|  |TAMS 0x0000000081a00000| PB 0x0000000081a00000| Untracked |  0
|   3|0x0000000081b00000, 0x0000000081c00000, 0x0000000081c00000|100%| O|  |TAMS 0x0000000081b00000| PB 0x0000000081b00000| Untracked |  0
|   4|0x0000000081c00000, 0x0000000081d00000, 0x0000000081d00000|100%| O|  |TAMS 0x0000000081c00000| PB 0x0000000081c00000| Untracked |  0
|   5|0x0000000081d00000, 0x0000000081e00000, 0x0000000081e00000|100%| O|  |TAMS 0x0000000081d00000| PB 0x0000000081d00000| Untracked |  0
|   6|0x0000000081e00000, 0x0000000081f00000, 0x0000000081f00000|100%| O|  |TAMS 0x0000000081e00000| PB 0x0000000081e00000| Untracked |  0
|   7|0x0000000081f00000, 0x0000000082000000, 0x0000000082000000|100%| O|  |TAMS 0x0000000081f00000| PB 0x0000000081f00000| Untracked |  0
|   8|0x0000000082000000, 0x0000000082100000, 0x0000000082100000|100%| O|  |TAMS 0x0000000082000000| PB 0x0000000082000000| Untracked |  0
|   9|0x0000000082100000, 0x0000000082200000, 0x0000000082200000|100%| O|  |TAMS 0x0000000082100000| PB 0x0000000082100000| Untracked |  0
|  10|0x0000000082200000, 0x0000000082300000, 0x0000000082300000|100%| O|  |TAMS 0x0000000082200000| PB 0x0000000082200000| Untracked |  0
|  11|0x0000000082300000, 0x0000000082400000, 0x0000000082400000|100%| O|  |TAMS 0x0000000082300000| PB 0x0000000082300000| Untracked |  0
|  12|0x0000000082400000, 0x0000000082500000, 0x0000000082500000|100%| O|  |TAMS 0x0000000082400000| PB 0x0000000082400000| Untracked |  0
|  13|0x0000000082500000, 0x0000000082600000, 0x0000000082600000|100%| O|  |TAMS 0x0000000082500000| PB 0x0000000082500000| Untracked |  0
|  14|0x0000000082600000, 0x0000000082700000, 0x0000000082700000|100%| O|  |TAMS 0x0000000082600000| PB 0x0000000082600000| Untracked |  0
|  15|0x0000000082700000, 0x0000000082800000, 0x0000000082800000|100%| O|  |TAMS 0x0000000082700000| PB 0x0000000082700000| Untracked |  0
|  16|0x0000000082800000, 0x0000000082800000, 0x0000000082900000|  0%| F|  |TAMS 0x0000000082800000| PB 0x0000000082800000| Untracked |  0
|  17|0x0000000082900000, 0x0000000082a00000, 0x0000000082a00000|100%| E|  |TAMS 0x0000000082900000| PB 0x0000000082900000| Complete |  0
|  18|0x0000000082a00000, 0x0000000082b00000, 0x0000000082b00000|100%| E|CS|TAMS 0x0000000082a00000| PB 0x0000000082a00000| Complete |  0
|  19|0x0000000082b00000, 0x0000000082c00000, 0x0000000082c00000|100%| E|CS|TAMS 0x0000000082b00000| PB 0x0000000082b00000| Complete |  0
|  20|0x0000000082c00000, 0x0000000082d00000, 0x0000000082d00000|100%| E|CS|TAMS 0x0000000082c00000| PB 0x0000000082c00000| Complete |  0
|  21|0x0000000082d00000, 0x0000000082e00000, 0x0000000082e00000|100%| E|CS|TAMS 0x0000000082d00000| PB 0x0000000082d00000| Complete |  0
|  22|0x0000000082e00000, 0x0000000082f00000, 0x0000000082f00000|100%| E|CS|TAMS 0x0000000082e00000| PB 0x0000000082e00000| Complete |  0
|  23|0x0000000082f00000, 0x0000000083000000, 0x0000000083000000|100%| E|CS|TAMS 0x0000000082f00000| PB 0x0000000082f00000| Complete |  0
|  24|0x0000000083000000, 0x0000000083100000, 0x0000000083100000|100%| E|CS|TAMS 0x0000000083000000| PB 0x0000000083000000| Complete |  0
|  25|0x0000000083100000, 0x0000000083200000, 0x0000000083200000|100%| E|CS|TAMS 0x0000000083100000| PB 0x0000000083100000| Complete |  0
|  26|0x0000000083200000, 0x0000000083300000, 0x0000000083300000|100%| E|CS|TAMS 0x0000000083200000| PB 0x0000000083200000| Complete |  0
|  27|0x0000000083300000, 0x0000000083400000, 0x0000000083400000|100%| E|CS|TAMS 0x0000000083300000| PB 0x0000000083300000| Complete |  0
|  28|0x0000000083400000, 0x0000000083500000, 0x0000000083500000|100%| E|CS|TAMS 0x0000000083400000| PB 0x0000000083400000| Complete |  0
|  29|0x0000000083500000, 0x0000000083600000, 0x0000000083600000|100%| E|CS|TAMS 0x0000000083500000| PB 0x0000000083500000| Complete |  0
|  30|0x0000000083600000, 0x0000000083700000, 0x0000000083700000|100%| E|CS|TAMS 0x0000000083600000| PB 0x0000000083600000| Complete |  0
|  31|0x0000000083700000, 0x0000000083800000, 0x0000000083800000|100%| E|CS|TAMS 0x0000000083700000| PB 0x0000000083700000| Complete |  0
|  32|0x0000000083800000, 0x0000000083900000, 0x0000000083900000|100%| E|CS|TAMS 0x0000000083800000| PB 0x0000000083800000| Complete |  0
|  33|0x0000000083900000, 0x0000000083a00000, 0x0000000083a00000|100%| E|CS|TAMS 0x0000000083900000| PB 0x0000000083900000| Complete |  0
|  34|0x0000000083a00000, 0x0000000083b00000, 0x0000000083b00000|100%| E|CS|TAMS 0x0000000083a00000| PB 0x0000000083a00000| Complete |  0
|  35|0x0000000083b00000, 0x0000000083c00000, 0x0000000083c00000|100%| E|CS|TAMS 0x0000000083b00000| PB 0x0000000083b00000| Complete |  0
|  36|0x0000000083c00000, 0x0000000083d00000, 0x0000000083d00000|100%| E|CS|TAMS 0x0000000083c00000| PB 0x0000000083c00000| Complete |  0
|  37|0x0000000083d00000, 0x0000000083e00000, 0x0000000083e00000|100%| E|CS|TAMS 0x0000000083d00000| PB 0x0000000083d00000| Complete |  0
|  38|0x0000000083e00000, 0x0000000083f00000, 0x0000000083f00000|100%| E|CS|TAMS 0x0000000083e00000| PB 0x0000000083e00000| Complete |  0
|  39|0x0000000083f00000, 0x0000000084000000, 0x0000000084000000|100%| E|CS|TAMS 0x0000000083f00000| PB 0x0000000083f00000| Complete |  0
|  40|0x0000000084000000, 0x0000000084100000, 0x0000000084100000|100%| E|CS|TAMS 0x0000000084000000| PB 0x0000000084000000| Complete |  0
|  41|0x0000000084100000, 0x0000000084200000, 0x0000000084200000|100%| E|CS|TAMS 0x0000000084100000| PB 0x0000000084100000| Complete |  0
|  42|0x0000000084200000, 0x0000000084300000, 0x0000000084300000|100%| E|CS|TAMS 0x0000000084200000| PB 0x0000000084200000| Complete |  0
|  43|0x0000000084300000, 0x0000000084400000, 0x0000000084400000|100%| E|CS|TAMS 0x0000000084300000| PB 0x0000000084300000| Complete |  0
|  44|0x0000000084400000, 0x0000000084500000, 0x0000000084500000|100%| E|CS|TAMS 0x0000000084400000| PB 0x0000000084400000| Complete |  0
|  45|0x0000000084500000, 0x0000000084600000, 0x0000000084600000|100%| E|CS|TAMS 0x0000000084500000| PB 0x0000000084500000| Complete |  0
|  46|0x0000000084600000, 0x0000000084700000, 0x0000000084700000|100%| E|CS|TAMS 0x0000000084600000| PB 0x0000000084600000| Complete |  0
|  47|0x0000000084700000, 0x0000000084800000, 0x0000000084800000|100%| E|CS|TAMS 0x0000000084700000| PB 0x0000000084700000| Complete |  0
|  48|0x0000000084800000, 0x0000000084900000, 0x0000000084900000|100%| E|CS|TAMS 0x0000000084800000| PB 0x0000000084800000| Complete |  0
|  49|0x0000000084900000, 0x0000000084a00000, 0x0000000084a00000|100%| E|CS|TAMS 0x0000000084900000| PB 0x0000000084900000| Complete |  0
|  50|0x0000000084a00000, 0x0000000084b00000, 0x0000000084b00000|100%| E|CS|TAMS 0x0000000084a00000| PB 0x0000000084a00000| Complete |  0
|  51|0x0000000084b00000, 0x0000000084c00000, 0x0000000084c00000|100%| E|CS|TAMS 0x0000000084b00000| PB 0x0000000084b00000| Complete |  0
|  52|0x0000000084c00000, 0x0000000084d00000, 0x0000000084d00000|100%| E|CS|TAMS 0x0000000084c00000| PB 0x0000000084c00000| Complete |  0
|  53|0x0000000084d00000, 0x0000000084e00000, 0x0000000084e00000|100%| E|CS|TAMS 0x0000000084d00000| PB 0x0000000084d00000| Complete |  0
|  54|0x0000000084e00000, 0x0000000084f00000, 0x0000000084f00000|100%| E|CS|TAMS 0x0000000084e00000| PB 0x0000000084e00000| Complete |  0
|  55|0x0000000084f00000, 0x0000000085000000, 0x0000000085000000|100%| E|CS|TAMS 0x0000000084f00000| PB 0x0000000084f00000| Complete |  0
|  56|0x0000000085000000, 0x0000000085100000, 0x0000000085100000|100%| E|CS|TAMS 0x0000000085000000| PB 0x0000000085000000| Complete |  0
|  57|0x0000000085100000, 0x0000000085200000, 0x0000000085200000|100%| E|CS|TAMS 0x0000000085100000| PB 0x0000000085100000| Complete |  0
|  58|0x0000000085200000, 0x0000000085300000, 0x0000000085300000|100%| E|CS|TAMS 0x0000000085200000| PB 0x0000000085200000| Complete |  0
|  59|0x0000000085300000, 0x0000000085400000, 0x0000000085400000|100%| E|CS|TAMS 0x0000000085300000| PB 0x0000000085300000| Complete |  0
|  60|0x0000000085400000, 0x0000000085500000, 0x0000000085500000|100%| E|CS|TAMS 0x0000000085400000| PB 0x0000000085400000| Complete |  0
|  61|0x0000000085500000, 0x0000000085600000, 0x0000000085600000|100%| E|CS|TAMS 0x0000000085500000| PB 0x0000000085500000| Complete |  0
| 123|0x0000000089300000, 0x0000000089358a70, 0x0000000089400000| 34%| S|CS|TAMS 0x0000000089300000| PB 0x0000000089300000| Complete |  0
| 124|0x0000000089400000, 0x0000000089500000, 0x0000000089500000|100%| S|CS|TAMS 0x0000000089400000| PB 0x0000000089400000| Complete |  0
| 127|0x0000000089700000, 0x0000000089800000, 0x0000000089800000|100%| E|CS|TAMS 0x0000000089700000| PB 0x0000000089700000| Complete |  0
|2022|0x00000000ffe00000, 0x00000000fff00000, 0x00000000fff00000|100%| O|  |TAMS 0x00000000ffe00000| PB 0x00000000ffe00000| Untracked |  0
|2023|0x00000000fff00000, 0x00000000fff1d248, 0x0000000100000000| 11%| O|Cm|TAMS 0x00000000fff00000| PB 0x00000000fff00000| Complete |  0

Card table byte_map: [0x0000022a7cf00000,0x0000022a7d300000] _byte_map_base: 0x0000022a7caf4000

Marking Bits: (CMBitMap*) 0x0000022a73f86c10
 Bits: [0x0000022a7d300000, 0x0000022a7f2a0000)

Polling page: 0x0000022a71f00000

Metaspace:

Usage:
  Non-class:     23.68 MB used.
      Class:      2.76 MB used.
       Both:     26.45 MB used.

Virtual space:
  Non-class space:       64.00 MB reserved,      23.94 MB ( 37%) committed,  1 nodes.
      Class space:        1.00 GB reserved,       2.88 MB ( <1%) committed,  1 nodes.
             Both:        1.06 GB reserved,      26.81 MB (  2%) committed. 

Chunk freelists:
   Non-Class:  7.92 MB
       Class:  13.06 MB
        Both:  20.98 MB

MaxMetaspaceSize: unlimited
CompressedClassSpaceSize: 1.00 GB
Initial GC threshold: 21.00 MB
Current GC threshold: 35.31 MB
CDS: on
 - commit_granule_bytes: 65536.
 - commit_granule_words: 8192.
 - virtual_space_node_default_size: 8388608.
 - enlarge_chunks_in_place: 1.
UseCompressedClassPointers 1, UseCompactObjectHeaders 0
Narrow klass pointer bits 32, Max shift 3
Narrow klass base: 0x0000022a11000000, Narrow klass shift: 0
Encoding Range: [0x0000022a11000000 - 0x0000022b11000000), (4294967296 bytes)
Klass Range:    [0x0000022a11000000 - 0x0000022a52000000), (1090519040 bytes)
Klass ID Range:  [8 - 1090519033) (1090519025)


Internal statistics:

num_allocs_failed_limit: 3.
num_arena_births: 376.
num_arena_deaths: 0.
num_vsnodes_births: 2.
num_vsnodes_deaths: 0.
num_space_committed: 429.
num_space_uncommitted: 0.
num_chunks_returned_to_freelist: 3.
num_chunks_taken_from_freelist: 1168.
num_chunk_merges: 0.
num_chunk_splits: 747.
num_chunks_enlarged: 532.
num_inconsistent_stats: 0.

CodeHeap 'non-profiled nmethods': size=120064Kb used=1459Kb max_used=1459Kb free=118604Kb
 bounds [0x0000022a07ac0000, 0x0000022a07d30000, 0x0000022a0f000000]
CodeHeap 'profiled nmethods': size=120000Kb used=6718Kb max_used=6718Kb free=113281Kb
 bounds [0x0000022a00000000, 0x0000022a00690000, 0x0000022a07530000]
CodeHeap 'non-nmethods': size=5696Kb used=1453Kb max_used=1565Kb free=4242Kb
 bounds [0x0000022a07530000, 0x0000022a077a0000, 0x0000022a07ac0000]
CodeCache: size=245760Kb, used=9630Kb, max_used=9742Kb, free=236127Kb
 total_blobs=4545, nmethods=3933, adapters=516, full_count=0
Compilation: enabled, stopped_count=0, restarted_count=0

Compilation events (20 events):
Event: 13.709 Thread 0x0000022a7fd03900 nmethod 3892 0x0000022a0067c008 code [0x0000022a0067c1c0, 0x0000022a0067c9a8]
Event: 13.709 Thread 0x0000022a7fd03900 3891       1       sun.nio.fs.WindowsNativeDispatcher$FirstFile::name (5 bytes)
Event: 13.709 Thread 0x0000022a7fd03900 nmethod 3891 0x0000022a07c2b788 code [0x0000022a07c2b880, 0x0000022a07c2b948]
Event: 13.709 Thread 0x0000022a7fd03900 3893   !   3       sun.nio.fs.WindowsPath::createFromNormalizedPath (65 bytes)
Event: 13.710 Thread 0x0000022a7fd03900 nmethod 3893 0x0000022a0067ca08 code [0x0000022a0067cbc0, 0x0000022a0067d340]
Event: 13.710 Thread 0x0000022a7fd03900 3894       3       sun.nio.fs.WindowsPathParser::parseNormalizedPath (6 bytes)
Event: 13.710 Thread 0x0000022a7fd03900 nmethod 3894 0x0000022a0067d388 code [0x0000022a0067d4a0, 0x0000022a0067d5b8]
Event: 13.711 Thread 0x0000022a7fd03900 3896       3       java.util.stream.MatchOps::makeRef (29 bytes)
Event: 13.712 Thread 0x0000022a7fd03900 nmethod 3896 0x0000022a0067d688 code [0x0000022a0067d860, 0x0000022a0067e3c0]
Event: 13.712 Thread 0x0000022a7fd03900 3897       3       java.util.stream.MatchOps$$Lambda/0x800000005::<init> (15 bytes)
Event: 13.712 Thread 0x0000022a7fd03900 nmethod 3897 0x0000022a0067e488 code [0x0000022a0067e5a0, 0x0000022a0067e7c0]
Event: 13.713 Thread 0x0000022a7fd03900 3898       3       java.util.ImmutableCollections$MapN$MapNIterator::hasNext (13 bytes)
Event: 13.713 Thread 0x0000022a7fd03900 nmethod 3898 0x0000022a0067e808 code [0x0000022a0067e920, 0x0000022a0067ea78]
Event: 13.715 Thread 0x0000022a7fd04820 3899       4       sun.security.provider.SHA2::implCompress0 (448 bytes)
Event: 13.715 Thread 0x0000022a7fd03900 3900       3       sun.nio.ch.Util::isBufferTooLarge (15 bytes)
Event: 13.715 Thread 0x0000022a7fd03900 nmethod 3900 0x0000022a0067eb08 code [0x0000022a0067ec20, 0x0000022a0067ed68]
Event: 13.717 Thread 0x0000022a7fd03900 3901       3       java.util.regex.ASCII::isType (15 bytes)
Event: 13.717 Thread 0x0000022a7fd03900 nmethod 3901 0x0000022a0067ee08 code [0x0000022a0067ef20, 0x0000022a0067f128]
Event: 13.725 Thread 0x0000022a7fd03900 3902       3       java.lang.AbstractStringBuilder::append (55 bytes)
Event: 13.726 Thread 0x0000022a7fd03900 nmethod 3902 0x0000022a0067f188 code [0x0000022a0067f2e0, 0x0000022a0067f6a0]

GC Heap History (6 events):
Event: 2.367 GC heap before
{Heap before GC invocations=0 (full 0):
 garbage-first heap   total reserved 2072576K, committed 133120K, used 50292K [0x0000000081800000, 0x0000000100000000)
  region size 1024K, 47 young (48128K), 0 survivors (0K)
 Metaspace       used 13183K, committed 13376K, reserved 1114112K
  class space    used 1277K, committed 1344K, reserved 1048576K
}
Event: 2.381 GC heap after
{Heap after GC invocations=1 (full 0):
 garbage-first heap   total reserved 2072576K, committed 133120K, used 8652K [0x0000000081800000, 0x0000000100000000)
  region size 1024K, 6 young (6144K), 6 survivors (6144K)
 Metaspace       used 13183K, committed 13376K, reserved 1114112K
  class space    used 1277K, committed 1344K, reserved 1048576K
}
Event: 4.087 GC heap before
{Heap before GC invocations=1 (full 0):
 garbage-first heap   total reserved 2072576K, committed 133120K, used 61900K [0x0000000081800000, 0x0000000100000000)
  region size 1024K, 59 young (60416K), 6 survivors (6144K)
 Metaspace       used 20482K, committed 20800K, reserved 1114112K
  class space    used 1987K, committed 2112K, reserved 1048576K
}
Event: 4.110 GC heap after
{Heap after GC invocations=2 (full 0):
 garbage-first heap   total reserved 2072576K, committed 133120K, used 17370K [0x0000000081800000, 0x0000000100000000)
  region size 1024K, 8 young (8192K), 8 survivors (8192K)
 Metaspace       used 20482K, committed 20800K, reserved 1114112K
  class space    used 1987K, committed 2112K, reserved 1048576K
}
Event: 4.216 GC heap before
{Heap before GC invocations=2 (full 0):
 garbage-first heap   total reserved 2072576K, committed 133120K, used 19418K [0x0000000081800000, 0x0000000100000000)
  region size 1024K, 11 young (11264K), 8 survivors (8192K)
 Metaspace       used 21203K, committed 21504K, reserved 1114112K
  class space    used 2081K, committed 2240K, reserved 1048576K
}
Event: 4.231 GC heap after
{Heap after GC invocations=3 (full 0):
 garbage-first heap   total reserved 2072576K, committed 133120K, used 18903K [0x0000000081800000, 0x0000000100000000)
  region size 1024K, 2 young (2048K), 2 survivors (2048K)
 Metaspace       used 21203K, committed 21504K, reserved 1114112K
  class space    used 2081K, committed 2240K, reserved 1048576K
}

Dll operation events (11 events):
Event: 0.016 Loaded shared library C:\Program Files\Java\jdk-24\bin\java.dll
Event: 0.078 Loaded shared library C:\Program Files\Java\jdk-24\bin\jsvml.dll
Event: 0.202 Loaded shared library C:\Program Files\Java\jdk-24\bin\net.dll
Event: 0.205 Loaded shared library C:\Program Files\Java\jdk-24\bin\nio.dll
Event: 0.229 Loaded shared library C:\Program Files\Java\jdk-24\bin\zip.dll
Event: 0.468 Loaded shared library C:\Program Files\Java\jdk-24\bin\jimage.dll
Event: 0.836 Loaded shared library C:\Program Files\Java\jdk-24\bin\extnet.dll
Event: 3.490 Loaded shared library C:\Program Files\Java\jdk-24\bin\verify.dll
Event: 4.164 Loaded shared library C:\Program Files\Java\jdk-24\bin\management.dll
Event: 4.169 Loaded shared library C:\Program Files\Java\jdk-24\bin\management_ext.dll
Event: 4.376 Loaded shared library C:\Program Files\Java\jdk-24\bin\sunmscapi.dll

Deoptimization events (20 events):
Event: 13.325 Thread 0x0000022a71ce9de0 DEOPT PACKING pc=0x0000022a07ba866c sp=0x000000b8864fd2d0
Event: 13.325 Thread 0x0000022a71ce9de0 DEOPT UNPACKING pc=0x0000022a07645202 sp=0x000000b8864fd278 mode 2
Event: 13.342 Thread 0x0000022a71ce9de0 Uncommon trap: trap_request=0xffffff4d fr.pc=0x0000022a07bcf268 relative=0x0000000000000408
Event: 13.342 Thread 0x0000022a71ce9de0 Uncommon trap: reason=unstable_if action=reinterpret pc=0x0000022a07bcf268 method=java.lang.AbstractStringBuilder.append(I)Ljava/lang/AbstractStringBuilder; @ 21 c2
Event: 13.342 Thread 0x0000022a71ce9de0 DEOPT PACKING pc=0x0000022a07bcf268 sp=0x000000b8864fdfc0
Event: 13.342 Thread 0x0000022a71ce9de0 DEOPT UNPACKING pc=0x0000022a07645202 sp=0x000000b8864fdf70 mode 2
Event: 13.530 Thread 0x0000022a71ce9de0 DEOPT PACKING pc=0x0000022a0063a452 sp=0x000000b8864fce90
Event: 13.530 Thread 0x0000022a71ce9de0 DEOPT UNPACKING pc=0x0000022a07585722 sp=0x000000b8864fc348 mode 0
Event: 13.536 Thread 0x0000022a71ce9de0 DEOPT PACKING pc=0x0000022a0063a452 sp=0x000000b8864fd030
Event: 13.536 Thread 0x0000022a71ce9de0 DEOPT UNPACKING pc=0x0000022a07585722 sp=0x000000b8864fc4e8 mode 0
Event: 13.540 Thread 0x0000022a71ce9de0 DEOPT PACKING pc=0x0000022a0063a452 sp=0x000000b8864fce20
Event: 13.540 Thread 0x0000022a71ce9de0 DEOPT UNPACKING pc=0x0000022a07585722 sp=0x000000b8864fc2d8 mode 0
Event: 13.548 Thread 0x0000022a71ce9de0 DEOPT PACKING pc=0x0000022a0063a452 sp=0x000000b8864fcc30
Event: 13.548 Thread 0x0000022a71ce9de0 DEOPT UNPACKING pc=0x0000022a07585722 sp=0x000000b8864fc0e8 mode 0
Event: 13.556 Thread 0x0000022a71ce9de0 DEOPT PACKING pc=0x0000022a0063a452 sp=0x000000b8864fcbf0
Event: 13.556 Thread 0x0000022a71ce9de0 DEOPT UNPACKING pc=0x0000022a07585722 sp=0x000000b8864fc0a8 mode 0
Event: 13.681 Thread 0x0000022a71ce9de0 DEOPT PACKING pc=0x0000022a00088f76 sp=0x000000b8864fc9b0
Event: 13.682 Thread 0x0000022a71ce9de0 DEOPT UNPACKING pc=0x0000022a07585722 sp=0x000000b8864fbeb0 mode 0
Event: 13.715 Thread 0x0000022a71ce9de0 DEOPT PACKING pc=0x0000022a002e56e7 sp=0x000000b8864fc3c0
Event: 13.715 Thread 0x0000022a71ce9de0 DEOPT UNPACKING pc=0x0000022a07585722 sp=0x000000b8864fb838 mode 0

Classes loaded (20 events):
Event: 7.440 Loading class java/util/AbstractList$ListItr
Event: 7.441 Loading class java/util/AbstractList$ListItr done
Event: 7.539 Loading class java/net/URLEncoder
Event: 7.540 Loading class java/net/URLEncoder done
Event: 7.540 Loading class jdk/internal/util/ImmutableBitSetPredicate
Event: 7.540 Loading class jdk/internal/util/ImmutableBitSetPredicate done
Event: 7.540 Loading class jdk/internal/util/ImmutableBitSetPredicate$SmallImmutableBitSetPredicate
Event: 7.540 Loading class jdk/internal/util/ImmutableBitSetPredicate$SmallImmutableBitSetPredicate done
Event: 13.306 Loading class java/util/TreeMap$EntrySpliterator
Event: 13.306 Loading class java/util/TreeMap$EntrySpliterator done
Event: 13.310 Loading class java/lang/invoke/WrongMethodTypeException
Event: 13.310 Loading class java/lang/invoke/WrongMethodTypeException done
Event: 13.313 Loading class java/lang/StackTraceElement$HashedModules
Event: 13.313 Loading class java/lang/StackTraceElement$HashedModules done
Event: 13.324 Loading class java/lang/Throwable$WrappedPrintWriter
Event: 13.324 Loading class java/lang/Throwable$PrintStreamOrWriter
Event: 13.324 Loading class java/lang/Throwable$PrintStreamOrWriter done
Event: 13.324 Loading class java/lang/Throwable$WrappedPrintWriter done
Event: 13.504 Loading class java/net/InetAddress$CachedLocalHost
Event: 13.504 Loading class java/net/InetAddress$CachedLocalHost done

Classes unloaded (0 events):
No events

Classes redefined (0 events):
No events

Internal exceptions (20 events):
Event: 4.612 Thread 0x0000022a71ce9de0 Exception <a 'java/lang/NoSuchMethodError'{0x0000000084c4cb68}: 'float java.lang.invoke.DirectMethodHandle$Holder.invokeVirtual(java.lang.Object, java.lang.Object)'> (0x0000000084c4cb68) 
thrown [s\open\src\hotspot\share\interpreter\linkResolver.cpp, line 805]
Event: 4.614 Thread 0x0000022a71ce9de0 Exception <a 'java/lang/NoSuchMethodError'{0x0000000084c638f0}: 'long java.lang.invoke.DirectMethodHandle$Holder.invokeVirtual(java.lang.Object, java.lang.Object)'> (0x0000000084c638f0) 
thrown [s\open\src\hotspot\share\interpreter\linkResolver.cpp, line 805]
Event: 4.647 Thread 0x0000022a71ce9de0 Exception <a 'java/lang/NoSuchMethodError'{0x0000000084a86528}: 'java.lang.Object java.lang.invoke.DirectMethodHandle$Holder.newInvokeSpecial(java.lang.Object, java.lang.Object, int, int)'> (0x0000000084a86528) 
thrown [s\open\src\hotspot\share\interpreter\linkResolver.cpp, line 805]
Event: 4.649 Thread 0x0000022a71ce9de0 Exception <a 'java/lang/NoSuchMethodError'{0x0000000084a97058}: 'void java.lang.invoke.DirectMethodHandle$Holder.invokeStatic(java.lang.Object, java.lang.Object, int)'> (0x0000000084a97058) 
thrown [s\open\src\hotspot\share\interpreter\linkResolver.cpp, line 805]
Event: 4.685 Thread 0x0000022a5a132ab0 Exception <a 'java/lang/NoSuchMethodError'{0x000000008483e0e0}: 'void java.lang.invoke.DirectMethodHandle$Holder.invokeStatic(java.lang.Object, java.lang.Object, java.lang.Object, java.lang.Object, java.lang.Object, java.lang.Object, java.lang.Object)'> (0x000000008483e0e0) 
thrown [s\open\src\hotspot\share\interpreter\linkResolver.cpp, line 805]
Event: 4.715 Thread 0x0000022a5a132ab0 Exception <a 'java/lang/NoSuchMethodError'{0x0000000084747988}: 'java.lang.Object java.lang.invoke.DirectMethodHandle$Holder.invokeSpecial(java.lang.Object, java.lang.Object, java.lang.Object, java.lang.Object, java.lang.Object, int)'> (0x0000000084747988) 
thrown [s\open\src\hotspot\share\interpreter\linkResolver.cpp, line 805]
Event: 4.752 Thread 0x0000022a5a132ab0 Exception <a 'java/lang/NoSuchMethodError'{0x0000000084631d30}: 'long java.lang.invoke.DirectMethodHandle$Holder.invokeStatic(java.lang.Object, long, long)'> (0x0000000084631d30) 
thrown [s\open\src\hotspot\share\interpreter\linkResolver.cpp, line 805]
Event: 4.758 Thread 0x0000022a59580a30 Exception <a 'java/lang/NoSuchMethodError'{0x000000008500a478}: 'int java.lang.invoke.DirectMethodHandle$Holder.invokeStatic(java.lang.Object, int, java.lang.Object)'> (0x000000008500a478) 
thrown [s\open\src\hotspot\share\interpreter\linkResolver.cpp, line 805]
Event: 6.316 Thread 0x0000022a71ce9de0 Exception <a 'java/lang/NoSuchMethodError'{0x00000000841c7508}: 'java.lang.Object java.lang.invoke.DirectMethodHandle$Holder.invokeSpecialIFC(java.lang.Object, java.lang.Object, java.lang.Object)'> (0x00000000841c7508) 
thrown [s\open\src\hotspot\share\interpreter\linkResolver.cpp, line 805]
Event: 6.498 Thread 0x0000022a71ce9de0 Exception <a 'java/lang/ClassNotFoundException'{0x0000000083bcbb28}: sun/util/logging/resources/spi/loggingProvider> (0x0000000083bcbb28) 
thrown [s\open\src\hotspot\share\classfile\systemDictionary.cpp, line 327]
Event: 13.434 Thread 0x0000022a5a131c10 Exception <a 'java/net/ConnectException'{0x0000000084d215e8}: Connection refused: getsockopt> (0x0000000084d215e8) 
thrown [s\open\src\hotspot\share\prims\jni.cpp, line 536]
Event: 13.446 Thread 0x0000022a5a131c10 Exception <a 'java/net/ConnectException'{0x0000000084d225b8}: Connection refused: getsockopt> (0x0000000084d225b8) 
thrown [s\open\src\hotspot\share\prims\jni.cpp, line 536]
Event: 13.477 Thread 0x0000022a5a131c10 Exception <a 'java/net/ConnectException'{0x0000000084d23588}: Connection refused: getsockopt> (0x0000000084d23588) 
thrown [s\open\src\hotspot\share\prims\jni.cpp, line 536]
Event: 13.529 Thread 0x0000022a5a131c10 Exception <a 'java/net/ConnectException'{0x0000000084d24558}: Connection refused: getsockopt> (0x0000000084d24558) 
thrown [s\open\src\hotspot\share\prims\jni.cpp, line 536]
Event: 13.596 Thread 0x0000022a58e808c0 Exception <a 'java/net/ConnectException'{0x0000000082e00cd0}: Connection refused: getsockopt> (0x0000000082e00cd0) 
thrown [s\open\src\hotspot\share\prims\jni.cpp, line 536]
Event: 13.607 Thread 0x0000022a58e808c0 Exception <a 'java/net/ConnectException'{0x0000000082e01ca0}: Connection refused: getsockopt> (0x0000000082e01ca0) 
thrown [s\open\src\hotspot\share\prims\jni.cpp, line 536]
Event: 13.611 Thread 0x0000022a5a131c10 Exception <a 'java/net/ConnectException'{0x0000000084d25528}: Connection refused: getsockopt> (0x0000000084d25528) 
thrown [s\open\src\hotspot\share\prims\jni.cpp, line 536]
Event: 13.640 Thread 0x0000022a58e808c0 Exception <a 'java/net/ConnectException'{0x0000000082e02c70}: Connection refused: getsockopt> (0x0000000082e02c70) 
thrown [s\open\src\hotspot\share\prims\jni.cpp, line 536]
Event: 13.682 Thread 0x0000022a58e808c0 Exception <a 'java/net/ConnectException'{0x0000000082e03c40}: Connection refused: getsockopt> (0x0000000082e03c40) 
thrown [s\open\src\hotspot\share\prims\jni.cpp, line 536]
Event: 13.727 Thread 0x0000022a58e81760 Exception <a 'java/net/ConnectException'{0x0000000082a00cd0}: Connection refused: getsockopt> (0x0000000082a00cd0) 
thrown [s\open\src\hotspot\share\prims\jni.cpp, line 536]

VM Operations (20 events):
Event: 3.698 Executing VM operation: HandshakeAllThreads (Deoptimize)
Event: 3.698 Executing VM operation: HandshakeAllThreads (Deoptimize) done
Event: 4.000 Executing VM operation: HandshakeAllThreads (Deoptimize)
Event: 4.000 Executing VM operation: HandshakeAllThreads (Deoptimize) done
Event: 4.087 Executing VM operation: G1CollectForAllocation (G1 Evacuation Pause)
Event: 4.110 Executing VM operation: G1CollectForAllocation (G1 Evacuation Pause) done
Event: 4.216 Executing VM operation: CollectForMetadataAllocation (Metadata GC Threshold)
Event: 4.231 Executing VM operation: CollectForMetadataAllocation (Metadata GC Threshold) done
Event: 4.252 Executing VM operation: G1PauseRemark
Event: 4.257 Executing VM operation: G1PauseRemark done
Event: 4.268 Executing VM operation: G1PauseCleanup
Event: 4.268 Executing VM operation: G1PauseCleanup done
Event: 4.591 Executing VM operation: HandshakeAllThreads (Deoptimize)
Event: 4.591 Executing VM operation: HandshakeAllThreads (Deoptimize) done
Event: 4.593 Executing VM operation: HandshakeAllThreads (Deoptimize)
Event: 4.593 Executing VM operation: HandshakeAllThreads (Deoptimize) done
Event: 6.203 Executing VM operation: HandshakeAllThreads (Deoptimize)
Event: 6.203 Executing VM operation: HandshakeAllThreads (Deoptimize) done
Event: 6.216 Executing VM operation: HandshakeAllThreads (Deoptimize)
Event: 6.217 Executing VM operation: HandshakeAllThreads (Deoptimize) done

Memory protections (0 events):
No events

Nmethod flushes (0 events):
No events

Events (20 events):
Event: 6.396 Thread 0x0000022a5a132360 Thread added: 0x0000022a58e867d0
Event: 6.397 Thread 0x0000022a5a132360 Thread added: 0x0000022a58e84340
Event: 6.447 Thread 0x0000022a7fd04820 Thread exited: 0x0000022a7fd04820
Event: 13.346 Thread 0x0000022a7fd03900 Thread added: 0x0000022a7fd04820
Event: 13.424 Thread 0x0000022a71ce9de0 Thread added: 0x0000022a58e851e0
Event: 13.432 Thread 0x0000022a71ce9de0 Thread added: 0x0000022a58e85930
Event: 13.433 Thread 0x0000022a71ce9de0 Thread added: 0x0000022a58e86080
Event: 13.433 Thread 0x0000022a71ce9de0 Thread added: 0x0000022a58e86f20
Event: 13.494 Thread 0x0000022a58e85930 Thread exited: 0x0000022a58e85930
Event: 13.586 Thread 0x0000022a71ce9de0 Thread added: 0x0000022a58e85930
Event: 13.593 Thread 0x0000022a71ce9de0 Thread added: 0x0000022a58e81010
Event: 13.594 Thread 0x0000022a71ce9de0 Thread added: 0x0000022a58e80170
Event: 13.594 Thread 0x0000022a71ce9de0 Thread added: 0x0000022a58e82d50
Event: 13.594 Thread 0x0000022a58e80170 Thread added: 0x0000022a58e808c0
Event: 13.646 Thread 0x0000022a58e81010 Thread exited: 0x0000022a58e81010
Event: 13.716 Thread 0x0000022a71ce9de0 Thread added: 0x0000022a58e82600
Event: 13.725 Thread 0x0000022a71ce9de0 Thread added: 0x0000022a58e81010
Event: 13.725 Thread 0x0000022a71ce9de0 Thread added: 0x0000022a58e81eb0
Event: 13.725 Thread 0x0000022a71ce9de0 Thread added: 0x0000022a58e83bf0
Event: 13.726 Thread 0x0000022a58e81eb0 Thread added: 0x0000022a58e81760


Dynamic libraries:
0x00007ff65d880000 - 0x00007ff65d890000 	C:\Program Files\Java\jdk-24\bin\javaw.exe
0x00007ffe68050000 - 0x00007ffe68248000 	C:\WINDOWS\SYSTEM32\ntdll.dll
0x00007ffe662f0000 - 0x00007ffe663b2000 	C:\WINDOWS\System32\KERNEL32.DLL
0x00007ffe65d80000 - 0x00007ffe66076000 	C:\WINDOWS\System32\KERNELBASE.dll
0x00007ffe65b60000 - 0x00007ffe65c60000 	C:\WINDOWS\System32\ucrtbase.dll
0x00007ffe5f450000 - 0x00007ffe5f46b000 	C:\Program Files\Java\jdk-24\bin\VCRUNTIME140.dll
0x00007ffe5f430000 - 0x00007ffe5f446000 	C:\Program Files\Java\jdk-24\bin\jli.dll
0x00007ffe67cc0000 - 0x00007ffe67e5d000 	C:\WINDOWS\System32\USER32.dll
0x00007ffe65b30000 - 0x00007ffe65b52000 	C:\WINDOWS\System32\win32u.dll
0x00007ffe5abd0000 - 0x00007ffe5ae6b000 	C:\WINDOWS\WinSxS\amd64_microsoft.windows.common-controls_6595b64144ccf1df_6.0.19041.6280_none_60bc30a171f2f3f3\COMCTL32.dll
0x00007ffe66130000 - 0x00007ffe6615b000 	C:\WINDOWS\System32\GDI32.dll
0x00007ffe671f0000 - 0x00007ffe6728e000 	C:\WINDOWS\System32\msvcrt.dll
0x00007ffe65960000 - 0x00007ffe65a79000 	C:\WINDOWS\System32\gdi32full.dll
0x00007ffe65ce0000 - 0x00007ffe65d7d000 	C:\WINDOWS\System32\msvcp_win.dll
0x00007ffe67290000 - 0x00007ffe672bf000 	C:\WINDOWS\System32\IMM32.DLL
0x00007ffe5f410000 - 0x00007ffe5f41c000 	C:\Program Files\Java\jdk-24\bin\vcruntime140_1.dll
0x00007ffe3bd80000 - 0x00007ffe3be0e000 	C:\Program Files\Java\jdk-24\bin\msvcp140.dll
0x00007ffe29060000 - 0x00007ffe29e01000 	C:\Program Files\Java\jdk-24\bin\server\jvm.dll
0x00007ffe66730000 - 0x00007ffe667e1000 	C:\WINDOWS\System32\ADVAPI32.dll
0x00007ffe67340000 - 0x00007ffe673df000 	C:\WINDOWS\System32\sechost.dll
0x00007ffe67580000 - 0x00007ffe676a0000 	C:\WINDOWS\System32\RPCRT4.dll
0x00007ffe65930000 - 0x00007ffe65957000 	C:\WINDOWS\System32\bcrypt.dll
0x00007ffe67180000 - 0x00007ffe671eb000 	C:\WINDOWS\System32\WS2_32.dll
0x00007ffe5a980000 - 0x00007ffe5a9a7000 	C:\WINDOWS\SYSTEM32\WINMM.dll
0x00007ffe5bf20000 - 0x00007ffe5bf2a000 	C:\WINDOWS\SYSTEM32\VERSION.dll
0x00007ffe64bf0000 - 0x00007ffe64c3b000 	C:\WINDOWS\SYSTEM32\POWRPROF.dll
0x00007ffe64ab0000 - 0x00007ffe64ac2000 	C:\WINDOWS\SYSTEM32\UMPDC.dll
0x00007ffe63ed0000 - 0x00007ffe63ee2000 	C:\WINDOWS\SYSTEM32\kernel.appcore.dll
0x00007ffe5ed40000 - 0x00007ffe5ed4a000 	C:\Program Files\Java\jdk-24\bin\jimage.dll
0x00007ffe63bc0000 - 0x00007ffe63dc1000 	C:\WINDOWS\SYSTEM32\DBGHELP.DLL
0x00007ffe4c9c0000 - 0x00007ffe4c9f4000 	C:\WINDOWS\SYSTEM32\dbgcore.DLL
0x00007ffe658a0000 - 0x00007ffe65922000 	C:\WINDOWS\System32\bcryptPrimitives.dll
0x00007ffe5e4a0000 - 0x00007ffe5e4be000 	C:\Program Files\Java\jdk-24\bin\java.dll
0x00007ffe67b10000 - 0x00007ffe67c3b000 	C:\WINDOWS\System32\ole32.dll
0x00007ffe663d0000 - 0x00007ffe66723000 	C:\WINDOWS\System32\combase.dll
0x00007ffe669b0000 - 0x00007ffe67120000 	C:\WINDOWS\System32\SHELL32.dll
0x00007ffe63340000 - 0x00007ffe63ae5000 	C:\WINDOWS\SYSTEM32\windows.storage.dll
0x00007ffe65040000 - 0x00007ffe6506b000 	C:\WINDOWS\SYSTEM32\Wldp.dll
0x00007ffe668e0000 - 0x00007ffe669ad000 	C:\WINDOWS\System32\OLEAUT32.dll
0x00007ffe66240000 - 0x00007ffe662ed000 	C:\WINDOWS\System32\SHCORE.dll
0x00007ffe672d0000 - 0x00007ffe6732b000 	C:\WINDOWS\System32\shlwapi.dll
0x00007ffe65620000 - 0x00007ffe65644000 	C:\WINDOWS\SYSTEM32\profapi.dll
0x00007ffe3bb30000 - 0x00007ffe3bc07000 	C:\Program Files\Java\jdk-24\bin\jsvml.dll
0x00007ffe5e800000 - 0x00007ffe5e810000 	C:\Program Files\Java\jdk-24\bin\net.dll
0x00007ffe64e20000 - 0x00007ffe64e8a000 	C:\WINDOWS\system32\mswsock.dll
0x00007ffe5d670000 - 0x00007ffe5d686000 	C:\Program Files\Java\jdk-24\bin\nio.dll
0x00007ffe5d650000 - 0x00007ffe5d667000 	C:\Program Files\Java\jdk-24\bin\zip.dll
0x00007ffe64b10000 - 0x00007ffe64bda000 	C:\WINDOWS\SYSTEM32\DNSAPI.dll
0x00007ffe64ad0000 - 0x00007ffe64b0b000 	C:\WINDOWS\SYSTEM32\IPHLPAPI.DLL
0x00007ffe67330000 - 0x00007ffe67338000 	C:\WINDOWS\System32\NSI.dll
0x00007ffe5a490000 - 0x00007ffe5a49a000 	C:\Windows\System32\rasadhlp.dll
0x00007ffe5a640000 - 0x00007ffe5a6c0000 	C:\WINDOWS\System32\fwpuclnt.dll
0x00007ffe5e490000 - 0x00007ffe5e499000 	C:\Program Files\Java\jdk-24\bin\extnet.dll
0x00007ffe65080000 - 0x00007ffe65098000 	C:\WINDOWS\SYSTEM32\CRYPTSP.dll
0x00007ffe646f0000 - 0x00007ffe64728000 	C:\WINDOWS\system32\rsaenh.dll
0x00007ffe655e0000 - 0x00007ffe6560e000 	C:\WINDOWS\SYSTEM32\USERENV.dll
0x00007ffe64fb0000 - 0x00007ffe64fbc000 	C:\WINDOWS\SYSTEM32\CRYPTBASE.dll
0x00007ffe5e300000 - 0x00007ffe5e310000 	C:\Program Files\Java\jdk-24\bin\verify.dll
0x00007ffe5d640000 - 0x00007ffe5d64a000 	C:\Program Files\Java\jdk-24\bin\management.dll
0x00007ffe5d630000 - 0x00007ffe5d63b000 	C:\Program Files\Java\jdk-24\bin\management_ext.dll
0x00007ffe663c0000 - 0x00007ffe663c8000 	C:\WINDOWS\System32\PSAPI.DLL
0x00007ffe5d620000 - 0x00007ffe5d62e000 	C:\Program Files\Java\jdk-24\bin\sunmscapi.dll
0x00007ffe656f0000 - 0x00007ffe6584d000 	C:\WINDOWS\System32\CRYPT32.dll
0x00007ffe65190000 - 0x00007ffe651b7000 	C:\WINDOWS\SYSTEM32\ncrypt.dll
0x00007ffe65150000 - 0x00007ffe6518b000 	C:\WINDOWS\SYSTEM32\NTASN1.dll
0x00007ffe0f720000 - 0x00007ffe0f727000 	C:\WINDOWS\system32\wshunix.dll
0x00007ffe420e0000 - 0x00007ffe420f7000 	C:\WINDOWS\system32\napinsp.dll
0x00007ffe41fa0000 - 0x00007ffe41fbb000 	C:\WINDOWS\system32\pnrpnsp.dll
0x00007ffe5f3a0000 - 0x00007ffe5f3bd000 	C:\WINDOWS\system32\wshbth.dll
0x00007ffe61230000 - 0x00007ffe6124d000 	C:\WINDOWS\system32\NLAapi.dll
0x00007ffe41f80000 - 0x00007ffe41f92000 	C:\WINDOWS\System32\winrnr.dll

JVMTI agents: none

dbghelp: loaded successfully - version: 4.0.5 - missing functions: none
symbol engine: initialized successfully - sym options: 0x614 - pdb path: .;C:\Program Files\Java\jdk-24\bin;C:\WINDOWS\SYSTEM32;C:\WINDOWS\WinSxS\amd64_microsoft.windows.common-controls_6595b64144ccf1df_6.0.19041.6280_none_60bc30a171f2f3f3;C:\Program Files\Java\jdk-24\bin\server

VM Arguments:
jvm_args: -ea -Dfile.encoding=UTF-8 -Dstdout.encoding=UTF-8 -Dstderr.encoding=UTF-8 -XX:+ShowCodeDetailsInExceptionMessages 
java_command: org.testng.remote.RemoteTestNG -serport 50576 -protocol json -d C:\Users\PC\git\cucumberframewokrepository\Cucumberframework\test-output C:\Users\PC\git\cucumberframewokrepository\Cucumberframework\testng.xml
java_class_path (initial): C:\Users\PC\eclipse\java-2025-06\eclipse\configuration\org.eclipse.osgi\561\0\.cp\lib\testng-remote.jar;C:\Users\PC\git\cucumberframewokrepository\Cucumberframework\target\test-classes;C:\Users\PC\git\cucumberframewokrepository\Cucumberframework\target\classes;C:\Users\PC\.m2\repository\io\cucumber\cucumber-testng\7.30.0\cucumber-testng-7.30.0.jar;C:\Users\PC\.m2\repository\org\apiguardian\apiguardian-api\1.1.2\apiguardian-api-1.1.2.jar;C:\Users\PC\.m2\repository\io\cucumber\cucumber-core\7.30.0\cucumber-core-7.30.0.jar;C:\Users\PC\.m2\repository\io\cucumber\cucumber-gherkin\7.30.0\cucumber-gherkin-7.30.0.jar;C:\Users\PC\.m2\repository\io\cucumber\cucumber-gherkin-messages\7.30.0\cucumber-gherkin-messages-7.30.0.jar;C:\Users\PC\.m2\repository\io\cucumber\gherkin\35.1.0\gherkin-35.1.0.jar;C:\Users\PC\.m2\repository\org\assertj\assertj-core\3.27.5\assertj-core-3.27.5.jar;C:\Users\PC\.m2\repository\io\cucumber\pretty-formatter\2.3.0\pretty-formatter-2.3.0.jar;C:\Users\PC\.m2\repository\io\cucumber\query\14.5.0\query-14.5.0.jar;C:\Users\PC\.m2\repository\io\cucumber\teamcity-formatter\0.1.1\teamcity-formatter-0.1.1.jar;C:\Users\PC\.m2\repository\io\cucumber\testng-xml-formatter\0.6.0\testng-xml-formatter-0.6.0.jar;C:\Users\PC\.m2\repository\io\cucumber\tag-expressions\6.1.2\tag-expressions-6.1.2.jar;C:\Users\PC\.m2\repository\io\cucumber\cucumber-expressions\18.0.1\cucumber-expressions-18.0.1.jar;C:\Users\PC\.m2\repository\io\cucumber\cucumber-json-formatter\0.2.1\cucumber-json-formatter-0.2.1.jar;C:\Users\PC\.m2\repository\io\cucumber\datatable\7.30.0\datatable-7.30.0.jar;C:\Users\PC\.m2\repository\io\cucumber\cucumber-plugin\7.30.0\cucumber-plugin-7.30.0.jar;C:\Users\PC\.m2\repository\io\cucumber\docstring\7.30.0\docstring-7.30.0.jar;C:\Users\PC\.m2\repository\io\cucumber\html-formatter\21.15.1\html-formatter-21.15.1.jar;C:\Users\PC\.m2\repository\io\cucumber\junit-xml-formatter\0.9.0\junit-xml-formatter-0.9.0.jar;C:\Users\PC\.m2\repository\io\cucumber\ci-environment\10.0.1\ci-environment-10.0.1.jar;C:\Users\PC\.m2\repository\org\testng\testng\7.11.0\testng-7.11.0.jar;C:\Users\PC\.m2\repository\org\jcommander\jcommander\1.83\jcommander-1.83.jar;C:\Users\PC\.m2\repository\org\webjars\jquery\3.7.1\jquery-3.7.1.jar;C:\Users\PC\.m2\repository\io\cucumber\cucumber-java\7.30.0\cucumber-java-7.30.0.jar;C:\Users\PC\.m2\repository\io\cucumber\messages\29.0.1\messages-29.0.1.jar;C:\Users\PC\.m2\repository\junit\junit\4.13.2\junit-4.13.2.jar;C:\Users\PC\.m2\repository\org\hamcrest\hamcrest-core\1.3\hamcrest-core-1.3.jar;C:\Users\PC\.m2\repository\io\github\bonigarcia\webdrivermanager\6.1.0\webdrivermanager-6.1.0.jar;C:\Users\PC\.m2\repository\org\slf4j\slf4j-api\2.0.17\slf4j-api-2.0.17.jar;C:\Users\PC\.m2\repository\com\google\code\gson\gson\2.13.0\gson-2.13.0.jar;C:\Users\PC\.m2\repository\com\google\errorprone\error_prone_annotations\2.37.0\error_prone_annotations-2.37.0.jar;C:\Users\PC\.m2\repository\com\github\docker-java\docker-java\3.5.0\docker-java-3.5.0.jar;C:\Users\PC\.m2\repository\com\github\docker-java\docker-java-core\3.5.0\docker-java-core-3.5.0.jar;C:\Users\PC\.m2\repository\com\github\docker-java\docker-java-api\3.5.0\docker-java-api-3.5.0.jar;C:\Users\PC\.m2\repository\com\fasterxml\jackson\core\jackson-annotations\2.18.3\jackson-annotations-2.18.3.jar;C:\Users\PC\.m2\repository\com\fasterxml\jackson\core\jackson-databind\2.18.3\jackson-databind-2.18.3.jar;C:\Users\PC\.m2\repository\com\fasterxml\jackson\core\jackson-core\2.18.3\jackson-core-2.18.3.jar;C:\Users\PC\.m2\repository\org\slf4j\jcl-over-slf4j\1.7.30\jcl-over-slf4j-1.7.30.jar;C:\Users\PC\.m2\repository\com\github\docker-java\docker-java-transport-httpclient5\3.5.0\docker-java-transport-httpclient5-3.5.0.jar;C:\Users\PC\.m2\repository\com\github\docker-java\docker-java-transport\3.5.0\docker-java-transport-3.5.0.jar;C:\Users\PC\.m2\repository\net\java\dev\jna\jna\5.17.0\jna-5.17.0.jar;C:\Users\PC\.m2\repository\org\brotli\dec\0.1.2\dec-0.1.2.jar;C:\Users\PC\.m2\repository\org\apache\commons\commons-lang3\3.17.0\commons-lang3-3.17.0.jar;C:\Users\PC\.m2\repository\org\apache\commons\commons-compress\1.27.1\commons-compress-1.27.1.jar;C:\Users\PC\.m2\repository\commons-codec\commons-codec\1.17.1\commons-codec-1.17.1.jar;C:\Users\PC\.m2\repository\commons-io\commons-io\2.16.1\commons-io-2.16.1.jar;C:\Users\PC\.m2\repository\org\apache\httpcomponents\client5\httpclient5\5.4.3\httpclient5-5.4.3.jar;C:\Users\PC\.m2\repository\org\apache\httpcomponents\core5\httpcore5\5.3.4\httpcore5-5.3.4.jar;C:\Users\PC\.m2\repository\org\apache\httpcomponents\core5\httpcore5-h2\5.3.4\httpcore5-h2-5.3.4.jar;C:\Users\PC\.m2\repository\net\java\dev\jna\jna-platform\5.13.0\jna-platform-5.13.0.jar;C:\Users\PC\.m2\repository\org\seleniumhq\selenium\selenium-java\4.34.0\selenium-java-4.34.0.jar;C:\Users\PC\.m2\repository\org\seleniumhq\selenium\selenium-api\4.34.0\selenium-api-4.34.0.jar;C:\Users\PC\.m2\repository\org\jspecify\jspecify\1.0.0\jspecify-1.0.0.jar;C:\Users\PC\.m2\repository\org\seleniumhq\selenium\selenium-chrome-driver\4.34.0\selenium-chrome-driver-4.34.0.jar;C:\Users\PC\.m2\repository\com\google\auto\service\auto-service-annotations\1.1.1\auto-service-annotations-1.1.1.jar;C:\Users\PC\.m2\repository\org\seleniumhq\selenium\selenium-chromium-driver\4.34.0\selenium-chromium-driver-4.34.0.jar;C:\Users\PC\.m2\repository\org\seleniumhq\selenium\selenium-json\4.34.0\selenium-json-4.34.0.jar;C:\Users\PC\.m2\repository\org\seleniumhq\selenium\selenium-manager\4.34.0\selenium-manager-4.34.0.jar;C:\Users\PC\.m2\repository\org\seleniumhq\selenium\selenium-devtools-v136\4.34.0\selenium-devtools-v136-4.34.0.jar;C:\Users\PC\.m2\repository\org\seleniumhq\selenium\selenium-devtools-v137\4.34.0\selenium-devtools-v137-4.34.0.jar;C:\Users\PC\.m2\repository\org\seleniumhq\selenium\selenium-devtools-v138\4.34.0\selenium-devtools-v138-4.34.0.jar;C:\Users\PC\.m2\repository\org\seleniumhq\selenium\selenium-edge-driver\4.34.0\selenium-edge-driver-4.34.0.jar;C:\Users\PC\.m2\repository\org\seleniumhq\selenium\selenium-firefox-driver\4.34.0\selenium-firefox-driver-4.34.0.jar;C:\Users\PC\.m2\repository\org\seleniumhq\selenium\selenium-http\4.34.0\selenium-http-4.34.0.jar;C:\Users\PC\.m2\repository\org\seleniumhq\selenium\selenium-ie-driver\4.34.0\selenium-ie-driver-4.34.0.jar;C:\Users\PC\.m2\repository\org\seleniumhq\selenium\selenium-remote-driver\4.34.0\selenium-remote-driver-4.34.0.jar;C:\Users\PC\.m2\repository\com\google\guava\guava\33.4.8-jre\guava-33.4.8-jre.jar;C:\Users\PC\.m2\repository\com\google\guava\failureaccess\1.0.3\failureaccess-1.0.3.jar;C:\Users\PC\.m2\repository\com\google\guava\listenablefuture\9999.0-empty-to-avoid-conflict-with-guava\listenablefuture-9999.0-empty-to-avoid-conflict-with-guava.jar;C:\Users\PC\.m2\repository\com\google\j2objc\j2objc-annotations\3.0.0\j2objc-annotations-3.0.0.jar;C:\Users\PC\.m2\repository\io\opentelemetry\opentelemetry-api\1.51.0\opentelemetry-api-1.51.0.jar;C:\Users\PC\.m2\repository\io\opentelemetry\opentelemetry-context\1.51.0\opentelemetry-context-1.51.0.jar;C:\Users\PC\.m2\repository\io\opentelemetry\opentelemetry-exporter-logging\1.51.0\opentelemetry-exporter-logging-1.51.0.jar;C:\Users\PC\.m2\repository\io\opentelemetry\opentelemetry-sdk-common\1.51.0\opentelemetry-sdk-common-1.51.0.jar;C:\Users\PC\.m2\repository\io\opentelemetry\opentelemetry-sdk-extension-autoconfigure-spi\1.51.0\opentelemetry-sdk-extension-autoconfigure-spi-1.51.0.jar;C:\Users\PC\.m2\repository\io\opentelemetry\opentelemetry-sdk-extension-autoconfigure\1.51.0\opentelemetry-sdk-extension-autoconfigure-1.51.0.jar;C:\Users\PC\.m2\repository\io\opentelemetry\opentelemetry-sdk-trace\1.51.0\opentelemetry-sdk-trace-1.51.0.jar;C:\Users\PC\.m2\repository\io\opentelemetry\opentelemetry-sdk\1.51.0\opentelemetry-sdk-1.51.0.jar;C:\Users\PC\.m2\repository\io\opentelemetry\opentelemetry-sdk-metrics\1.51.0\opentelemetry-sdk-metrics-1.51.0.jar;C:\Users\PC\.m2\repository\io\opentelemetry\opentelemetry-sdk-logs\1.51.0\opentelemetry-sdk-logs-1.51.0.jar;C:\Users\PC\.m2\repository\net\bytebuddy\byte-buddy\1.17.6\byte-buddy-1.17.6.jar;C:\Users\PC\.m2\repository\org\seleniumhq\selenium\selenium-os\4.34.0\selenium-os-4.34.0.jar;C:\Users\PC\.m2\repository\org\apache\commons\commons-exec\1.5.0\commons-exec-1.5.0.jar;C:\Users\PC\.m2\repository\org\seleniumhq\selenium\selenium-safari-driver\4.34.0\selenium-safari-driver-4.34.0.jar;C:\Users\PC\.m2\repository\org\seleniumhq\selenium\selenium-support\4.34.0\selenium-support-4.34.0.jar
Launcher Type: SUN_STANDARD

[Global flags]
     intx CICompilerCount                          = 4                                         {product} {ergonomic}
     uint ConcGCThreads                            = 2                                         {product} {ergonomic}
     uint G1ConcRefinementThreads                  = 8                                         {product} {ergonomic}
   size_t G1HeapRegionSize                         = 1048576                                   {product} {ergonomic}
   size_t InitialHeapSize                          = 134217728                                 {product} {ergonomic}
   size_t MarkStackSize                            = 4194304                                   {product} {ergonomic}
   size_t MarkStackSizeMax                         = 536870912                                 {product} {ergonomic}
   size_t MaxHeapSize                              = 2122317824                                {product} {ergonomic}
   size_t MaxNewSize                               = 1272971264                                {product} {ergonomic}
   size_t MinHeapDeltaBytes                        = 1048576                                   {product} {ergonomic}
   size_t MinHeapSize                              = 8388608                                   {product} {ergonomic}
    uintx NonNMethodCodeHeapSize                   = 5832704                                {pd product} {ergonomic}
    uintx NonProfiledCodeHeapSize                  = 122945536                              {pd product} {ergonomic}
    uintx ProfiledCodeHeapSize                     = 122880000                              {pd product} {ergonomic}
    uintx ReservedCodeCacheSize                    = 251658240                              {pd product} {ergonomic}
     bool SegmentedCodeCache                       = true                                      {product} {ergonomic}
     bool ShowCodeDetailsInExceptionMessages       = true                                   {manageable} {command line}
   size_t SoftMaxHeapSize                          = 2122317824                             {manageable} {ergonomic}
     bool UseCompressedOops                        = true                           {product lp64_product} {ergonomic}
     bool UseG1GC                                  = true                                      {product} {ergonomic}
     bool UseLargePagesIndividualAllocation        = false                                  {pd product} {ergonomic}

Logging:
Log output configuration:
 #0: stdout all=warning uptime,level,tags foldmultilines=false
 #1: stderr all=off uptime,level,tags foldmultilines=false

Environment Variables:
JAVA_HOME=C:\Program Files\Java\jdk-21\bin
PATH=C:/Users/PC/.p2/pool/plugins/org.eclipse.justj.openjdk.hotspot.jre.full.win32.x86_64_21.0.8.v20250724-1412/jre/bin/server;C:/Users/PC/.p2/pool/plugins/org.eclipse.justj.openjdk.hotspot.jre.full.win32.x86_64_21.0.8.v20250724-1412/jre/bin;C:\Program Files (x86)\Common Files\Oracle\Java\javapath;C:\WINDOWS\system32;C:\WINDOWS;C:\WINDOWS\System32\Wbem;C:\WINDOWS\System32\WindowsPowerShell\v1.0\;C:\WINDOWS\System32\OpenSSH\;C:\Program Files\dotnet\;C:\Program Files (x86)\Intel\Intel(R) Management Engine Components\DAL;C:\Program Files\Intel\Intel(R) Management Engine Components\DAL;C:\Program Files\Intel\WiFi\bin\;C:\Program Files\Common Files\Intel\WirelessCommon\;C:\Program Files\Microsoft SQL Server\150\Tools\Binn\;C:\Program Files\Java\jdk-21\bin;C:\Program Files\Git\cmd;C:\Users\PC\Downloads\apache-maven-3.9.11-bin\apache-maven-3.9.11\bin;C:\Program Files\Nodejs;C:\Program Files (x86)\VMware\VMware Player\bin\;C:\Windows\system32;C:\Windows;C:\Windows\System32\Wbem;C:\Windows\System32\WindowsPowerShell\v1.0\;C:\Windows\System32\OpenSSH\;C:\Program Files\dotnet\;C:\Program Files (x86)\Intel\Intel(R) Management Engine Components\DAL;C:\Program Files\Intel\Intel(R) Management Engine Components\DAL;C:\Program Files\nodejs\;C:\Users\PC\AppData\Local\Programs\Python\Python311\Scripts\;C:\Users\PC\AppData\Local\Programs\Python\Python311\;C:\Users\PC\AppData\Local\Microsoft\WindowsApps;C:\Users\PC\AppData\Local\Programs\Microsoft VS Code\bin;C:\Program Files\nodejs;C:\MinGW\bin;C:\Users\PC\.dotnet\tools;C:\Users\PC\AppData\Local\Microsoft\WindowsApps;;C:\WINDOWS\system32;
USERNAME=PC
OS=Windows_NT
PROCESSOR_IDENTIFIER=Intel64 Family 6 Model 142 Stepping 10, GenuineIntel
TMP=C:\Users\PC\AppData\Local\Temp
TEMP=C:\Users\PC\AppData\Local\Temp




Periodic native trim disabled

---------------  S Y S T E M  ---------------

OS:
 Windows 10 , 64 bit Build 19041 (10.0.19041.5915)
OS uptime: 0 days 0:32 hours
Hyper-V role detected

CPU: total 8 (initial active 8) (4 cores per cpu, 2 threads per core) family 6 model 142 stepping 10 microcode 0xf0, cx8, cmov, fxsr, ht, mmx, 3dnowpref, sse, sse2, sse3, ssse3, sse4.1, sse4.2, popcnt, lzcnt, tsc, tscinvbit, avx, avx2, aes, erms, clmul, bmi1, bmi2, adx, fma, vzeroupper, clflush, clflushopt, hv, rdtscp, f16c
Processor Information for the first 8 processors :
  Max Mhz: 1992, Current Mhz: 1792, Mhz Limit: 1792

Memory: 4k page, system-wide physical 8089M (539M free)
TotalPageFile size 10137M (AvailPageFile size 5M)
current process WorkingSet (physical memory assigned to process): 151M, peak: 199M
current process commit charge ("private bytes"): 207M, peak: 317M

vm_info: Java HotSpot(TM) 64-Bit Server VM (24.0.2+12-54) for windows-amd64 JRE (24.0.2+12-54), built on 2025-07-08T12:10:27Z with MS VC++ 17.6 (VS2022)

END.
