#
# There is insufficient memory for the Java Runtime Environment to continue.
# Native memory allocation (malloc) failed to allocate 1319568 bytes. Error detail: Chunk::new
# Possible reasons:
#   The system is out of physical RAM or swap space
#   This process is running with CompressedOops enabled, and the Java Heap may be blocking the growth of the native heap
# Possible solutions:
#   Reduce memory load on the system
#   Increase physical memory or swap space
#   Check if swap backing store is full
#   Decrease Java heap size (-Xmx/-Xms)
#   Decrease number of Java threads
#   Decrease Java thread stack sizes (-Xss)
#   Set larger code cache with -XX:ReservedCodeCacheSize=
#   JVM is running with Unscaled Compressed Oops mode in which the Java heap is
#     placed in the first 4GB address space. The Java Heap base address is the
#     maximum limit for the native heap growth. Please use -XX:HeapBaseMinAddress
#     to set the Java Heap base and to place the Java Heap above 4GB virtual address.
# This output file may be truncated or incomplete.
#
#  Out of Memory Error (arena.cpp:162), pid=3400, tid=12824
#
# JRE version: Java(TM) SE Runtime Environment (24.0.2+12) (build 24.0.2+12-54)
# Java VM: Java HotSpot(TM) 64-Bit Server VM (24.0.2+12-54, mixed mode, sharing, tiered, compressed oops, compressed class ptrs, g1 gc, windows-amd64)
# No core dump will be written. Minidumps are not enabled by default on client versions of Windows
#

---------------  S U M M A R Y ------------

Command Line: -ea -Dfile.encoding=UTF-8 -Dstdout.encoding=UTF-8 -Dstderr.encoding=UTF-8 -XX:+ShowCodeDetailsInExceptionMessages org.testng.remote.RemoteTestNG -serport 50354 -protocol json -d C:\Users\PC\git\cucumberframewokrepository\Cucumberframework\test-output C:\Users\PC\AppData\Local\Temp\testng-eclipse-1061404581\testng-customsuite.xml

Host: Intel(R) Core(TM) i7-8550U CPU @ 1.80GHz, 8 cores, 7G,  Windows 10 , 64 bit Build 19041 (10.0.19041.5915)
Time: Sat Oct 18 10:07:33 2025 India Standard Time elapsed time: 7.706297 seconds (0d 0h 0m 7s)

---------------  T H R E A D  ---------------

Current thread (0x0000028dd6161090):  JavaThread "C2 CompilerThread1" daemon [_thread_in_native, id=12824, stack(0x000000c51ac00000,0x000000c51ad00000) (1024K)]


Current CompileTask:
C2:7706 4057 %     4       sun.nio.cs.UTF_8$Encoder::encodeArrayLoopSlow @ 0 (377 bytes)

Stack: [0x000000c51ac00000,0x000000c51ad00000]
Native frames: (J=compiled Java code, j=interpreted, Vv=VM code, C=native code)
V  [jvm.dll+0x730829]  (no source info available)
V  [jvm.dll+0x8d9da3]  (no source info available)
V  [jvm.dll+0x8dc28d]  (no source info available)
V  [jvm.dll+0x8dc903]  (no source info available)
V  [jvm.dll+0x2a9f56]  (no source info available)
V  [jvm.dll+0xced7f]  (no source info available)
V  [jvm.dll+0xcefdf]  (no source info available)
V  [jvm.dll+0x154c83]  (no source info available)
V  [jvm.dll+0x73604f]  (no source info available)
V  [jvm.dll+0x26f8dc]  (no source info available)
V  [jvm.dll+0x26e8ff]  (no source info available)
V  [jvm.dll+0x1e9c90]  (no source info available)
V  [jvm.dll+0x27e0cb]  (no source info available)
V  [jvm.dll+0x27c36a]  (no source info available)
V  [jvm.dll+0x42f396]  (no source info available)
V  [jvm.dll+0x87d9eb]  (no source info available)
V  [jvm.dll+0x72ef45]  (no source info available)
C  [ucrtbase.dll+0x21bb2]  (no source info available)
C  [KERNEL32.DLL+0x17374]  (no source info available)
C  [ntdll.dll+0x4cc91]  (no source info available)

Lock stack of current Java thread (top to bottom):


---------------  P R O C E S S  ---------------

Threads class SMR info:
_java_thread_list=0x0000028dd78d43b0, length=41, elements={
0x0000028df14fbe70, 0x0000028dff595610, 0x0000028dff597f70, 0x0000028dff59e6c0,
0x0000028dff59b390, 0x0000028dff59bae0, 0x0000028dff59d0d0, 0x0000028dff5acfd0,
0x0000028dff5b5b60, 0x0000028dff59d820, 0x0000028dff59df70, 0x0000028dd72c0ff0,
0x0000028dd72c1740, 0x0000028dd72bfa00, 0x0000028dd72be410, 0x0000028dd72bbf80,
0x0000028dd72c0150, 0x0000028dd72beb60, 0x0000028dd72bb830, 0x0000028dd72bc6d0,
0x0000028dd72c08a0, 0x0000028dd72bce20, 0x0000028dd72ba990, 0x0000028dd72c1e90,
0x0000028dd72bb0e0, 0x0000028dd72bdcc0, 0x0000028dd7226ae0, 0x0000028dd72237b0,
0x0000028dd72254f0, 0x0000028dd72296c0, 0x0000028dd7225c40, 0x0000028dd7223f00,
0x0000028dd722a560, 0x0000028dd7226390, 0x0000028dd7229e10, 0x0000028dd7227230,
0x0000028dd7227980, 0x0000028dd722acb0, 0x0000028dd72280d0, 0x0000028dd7224da0,
0x0000028dd6161090
}

Java Threads: ( => current thread )
  0x0000028df14fbe70 JavaThread "main"                              [_thread_blocked, id=14168, stack(0x000000c517800000,0x000000c517900000) (1024K)]
  0x0000028dff595610 JavaThread "Reference Handler"          daemon [_thread_blocked, id=7496, stack(0x000000c518000000,0x000000c518100000) (1024K)]
  0x0000028dff597f70 JavaThread "Finalizer"                  daemon [_thread_blocked, id=4820, stack(0x000000c518100000,0x000000c518200000) (1024K)]
  0x0000028dff59e6c0 JavaThread "Signal Dispatcher"          daemon [_thread_blocked, id=6800, stack(0x000000c518200000,0x000000c518300000) (1024K)]
  0x0000028dff59b390 JavaThread "Attach Listener"            daemon [_thread_blocked, id=9856, stack(0x000000c518300000,0x000000c518400000) (1024K)]
  0x0000028dff59bae0 JavaThread "Service Thread"             daemon [_thread_blocked, id=13736, stack(0x000000c518400000,0x000000c518500000) (1024K)]
  0x0000028dff59d0d0 JavaThread "Monitor Deflation Thread"   daemon [_thread_blocked, id=7748, stack(0x000000c518500000,0x000000c518600000) (1024K)]
  0x0000028dff5acfd0 JavaThread "C2 CompilerThread0"         daemon [_thread_in_native, id=12612, stack(0x000000c518600000,0x000000c518700000) (1024K)]
  0x0000028dff5b5b60 JavaThread "C1 CompilerThread0"         daemon [_thread_blocked, id=11160, stack(0x000000c518700000,0x000000c518800000) (1024K)]
  0x0000028dff59d820 JavaThread "Notification Thread"        daemon [_thread_blocked, id=10544, stack(0x000000c518800000,0x000000c518900000) (1024K)]
  0x0000028dff59df70 JavaThread "Common-Cleaner"             daemon [_thread_blocked, id=10176, stack(0x000000c518900000,0x000000c518a00000) (1024K)]
  0x0000028dd72c0ff0 JavaThread "ForkJoinPool.commonPool-worker-1" daemon [_thread_blocked, id=8216, stack(0x000000c519500000,0x000000c519600000) (1024K)]
  0x0000028dd72c1740 JavaThread "HttpClient-1-SelectorManager" daemon [_thread_in_native, id=14080, stack(0x000000c519700000,0x000000c519800000) (1024K)]
  0x0000028dd72bfa00 JavaThread "External Process Output Forwarder - C:\Users\PC\.cache\selenium\chromedriver\win64\141.0.7390.78\chromedriver.exe" daemon [_thread_in_native, id=10700, stack(0x000000c519800000,0x000000c519900000) (1024K)]
  0x0000028dd72be410 JavaThread "Driver Service Executor"    daemon [_thread_blocked, id=14532, stack(0x000000c519900000,0x000000c519a00000) (1024K)]
  0x0000028dd72bbf80 JavaThread "Driver Service Executor"    daemon [_thread_in_native, id=1864, stack(0x000000c519a00000,0x000000c519b00000) (1024K)]
  0x0000028dd72c0150 JavaThread "UrlChecker-2"               daemon [_thread_blocked, id=8532, stack(0x000000c519b00000,0x000000c519c00000) (1024K)]
  0x0000028dd72beb60 JavaThread "Keep-Alive-Timer"           daemon [_thread_blocked, id=768, stack(0x000000c519c00000,0x000000c519d00000) (1024K)]
  0x0000028dd72bb830 JavaThread "JdkHttpClient-0-0"          daemon [_thread_blocked, id=12792, stack(0x000000c519400000,0x000000c519500000) (1024K)]
  0x0000028dd72bc6d0 JavaThread "CompletableFutureDelayScheduler" daemon [_thread_blocked, id=11900, stack(0x000000c519d00000,0x000000c519e00000) (1024K)]
  0x0000028dd72c08a0 JavaThread "JdkHttpClient-0-1"          daemon [_thread_blocked, id=4268, stack(0x000000c519e00000,0x000000c519f00000) (1024K)]
  0x0000028dd72bce20 JavaThread "JdkHttpClient-0-2"          daemon [_thread_blocked, id=3024, stack(0x000000c519f00000,0x000000c51a000000) (1024K)]
  0x0000028dd72ba990 JavaThread "JdkHttpClient-0-3"          daemon [_thread_blocked, id=9380, stack(0x000000c51a000000,0x000000c51a100000) (1024K)]
  0x0000028dd72c1e90 JavaThread "HttpClient-2-SelectorManager" daemon [_thread_in_native, id=2996, stack(0x000000c51a100000,0x000000c51a200000) (1024K)]
  0x0000028dd72bb0e0 JavaThread "JdkHttpClient-1-0"          daemon [_thread_blocked, id=9712, stack(0x000000c51a200000,0x000000c51a300000) (1024K)]
  0x0000028dd72bdcc0 JavaThread "JdkHttpClient-1-1"          daemon [_thread_blocked, id=15168, stack(0x000000c51a300000,0x000000c51a400000) (1024K)]
  0x0000028dd7226ae0 JavaThread "JdkHttpClient-1-2"          daemon [_thread_blocked, id=11092, stack(0x000000c51a400000,0x000000c51a500000) (1024K)]
  0x0000028dd72237b0 JavaThread "JdkHttpClient-1-3"          daemon [_thread_blocked, id=12576, stack(0x000000c51a500000,0x000000c51a600000) (1024K)]
  0x0000028dd72254f0 JavaThread "HttpClient-3-SelectorManager" daemon [_thread_in_native, id=7096, stack(0x000000c518a00000,0x000000c518b00000) (1024K)]
  0x0000028dd72296c0 JavaThread "External Process Output Forwarder - C:\Users\PC\.cache\selenium\chromedriver\win64\141.0.7390.78\chromedriver.exe" daemon [_thread_in_native, id=12984, stack(0x000000c51a600000,0x000000c51a700000) (1024K)]
  0x0000028dd7225c40 JavaThread "Driver Service Executor"    daemon [_thread_blocked, id=8940, stack(0x000000c51a700000,0x000000c51a800000) (1024K)]
  0x0000028dd7223f00 JavaThread "Driver Service Executor"    daemon [_thread_in_native, id=2140, stack(0x000000c51a800000,0x000000c51a900000) (1024K)]
  0x0000028dd722a560 JavaThread "JdkHttpClient-2-0"          daemon [_thread_blocked, id=10172, stack(0x000000c51a900000,0x000000c51aa00000) (1024K)]
  0x0000028dd7226390 JavaThread "JdkHttpClient-2-1"          daemon [_thread_blocked, id=12096, stack(0x000000c51aa00000,0x000000c51ab00000) (1024K)]
  0x0000028dd7229e10 JavaThread "JdkHttpClient-2-2"          daemon [_thread_blocked, id=15296, stack(0x000000c51ab00000,0x000000c51ac00000) (1024K)]
  0x0000028dd7227230 JavaThread "HttpClient-4-SelectorManager" daemon [_thread_in_native, id=7772, stack(0x000000c51ad00000,0x000000c51ae00000) (1024K)]
  0x0000028dd7227980 JavaThread "JdkHttpClient-3-0"          daemon [_thread_blocked, id=1140, stack(0x000000c51ae00000,0x000000c51af00000) (1024K)]
  0x0000028dd722acb0 JavaThread "JdkHttpClient-3-1"          daemon [_thread_blocked, id=12056, stack(0x000000c51af00000,0x000000c51b000000) (1024K)]
  0x0000028dd72280d0 JavaThread "JdkHttpClient-3-2"          daemon [_thread_blocked, id=6636, stack(0x000000c51b000000,0x000000c51b100000) (1024K)]
  0x0000028dd7224da0 JavaThread "JdkHttpClient-3-3"          daemon [_thread_blocked, id=6880, stack(0x000000c51b100000,0x000000c51b200000) (1024K)]
=>0x0000028dd6161090 JavaThread "C2 CompilerThread1"         daemon [_thread_in_native, id=12824, stack(0x000000c51ac00000,0x000000c51ad00000) (1024K)]
Total: 41

Other Threads:
  0x0000028dff5862a0 VMThread "VM Thread"                           [id=7952, stack(0x000000c517f00000,0x000000c518000000) (1024K)]
  0x0000028dff577d10 WatcherThread "VM Periodic Task Thread"        [id=4552, stack(0x000000c517e00000,0x000000c517f00000) (1024K)]
  0x0000028df3847410 WorkerThread "GC Thread#0"                     [id=9880, stack(0x000000c517900000,0x000000c517a00000) (1024K)]
  0x0000028dd6eb7d20 WorkerThread "GC Thread#1"                     [id=10092, stack(0x000000c518d00000,0x000000c518e00000) (1024K)]
  0x0000028dd6eb80d0 WorkerThread "GC Thread#2"                     [id=14120, stack(0x000000c518e00000,0x000000c518f00000) (1024K)]
  0x0000028dd70c4dc0 WorkerThread "GC Thread#3"                     [id=15148, stack(0x000000c518f00000,0x000000c519000000) (1024K)]
  0x0000028dd716cb90 WorkerThread "GC Thread#4"                     [id=7204, stack(0x000000c519000000,0x000000c519100000) (1024K)]
  0x0000028dd716cf40 WorkerThread "GC Thread#5"                     [id=2056, stack(0x000000c519100000,0x000000c519200000) (1024K)]
  0x0000028dd716d2f0 WorkerThread "GC Thread#6"                     [id=10916, stack(0x000000c519200000,0x000000c519300000) (1024K)]
  0x0000028dd716d6a0 WorkerThread "GC Thread#7"                     [id=14484, stack(0x000000c519300000,0x000000c519400000) (1024K)]
  0x0000028df385bfb0 ConcurrentGCThread "G1 Main Marker"            [id=14332, stack(0x000000c517a00000,0x000000c517b00000) (1024K)]
  0x0000028df385d2f0 WorkerThread "G1 Conc#0"                       [id=8296, stack(0x000000c517b00000,0x000000c517c00000) (1024K)]
  0x0000028dd72af380 WorkerThread "G1 Conc#1"                       [id=3372, stack(0x000000c519600000,0x000000c519700000) (1024K)]
  0x0000028df38ae7d0 ConcurrentGCThread "G1 Refine#0"               [id=3180, stack(0x000000c517c00000,0x000000c517d00000) (1024K)]
  0x0000028dff4395a0 ConcurrentGCThread "G1 Service"                [id=12804, stack(0x000000c517d00000,0x000000c517e00000) (1024K)]
Total: 15

Threads with active compile tasks:
C2 CompilerThread0  7812 4072       4       java.lang.AbstractStringBuilder::append (54 bytes)
C2 CompilerThread1  7812 4057 %     4       sun.nio.cs.UTF_8$Encoder::encodeArrayLoopSlow @ 0 (377 bytes)
Total: 2

VM state: not at safepoint (normal execution)

VM Mutex/Monitor currently owned by a thread: None

Heap address: 0x0000000081800000, size: 2024 MB, Compressed Oops mode: 32-bit

CDS archive(s) mapped at: [0x0000028d91000000-0x0000028d91d40000-0x0000028d91d40000), size 13893632, SharedBaseAddress: 0x0000028d91000000, ArchiveRelocationMode: 1.
Compressed class space mapped at: 0x0000028d92000000-0x0000028dd2000000, reserved size: 1073741824
UseCompressedClassPointers 1, UseCompactObjectHeaders 0
Narrow klass pointer bits 32, Max shift 3
Narrow klass base: 0x0000028d91000000, Narrow klass shift: 0
Encoding Range: [0x0000028d91000000 - 0x0000028e91000000), (4294967296 bytes)
Klass Range:    [0x0000028d91000000 - 0x0000028dd2000000), (1090519040 bytes)
Klass ID Range:  [8 - 1090519033) (1090519025)

GC Precious Log:
 CardTable entry size: 512
 Card Set container configuration: InlinePtr #cards 5 size 8 Array Of Cards #cards 10 size 36 Howl #buckets 4 coarsen threshold 1843 Howl Bitmap #cards 512 size 80 coarsen threshold 460 Card regions per heap region 1 cards per card region 2048
 CPUs: 8 total, 8 available
 Memory: 8089M
 Large Page Support: Disabled
 NUMA Support: Disabled
 Compressed Oops: Enabled (32-bit)
 Heap Region Size: 1M
 Heap Min Capacity: 8M
 Heap Initial Capacity: 128M
 Heap Max Capacity: 2024M
 Pre-touch: Disabled
 Parallel Workers: 8
 Concurrent Workers: 2
 Concurrent Refinement Workers: 8
 Periodic GC: Disabled

Heap:
 garbage-first heap   total reserved 2072576K, committed 68608K, used 61816K [0x0000000081800000, 0x0000000100000000)
  region size 1024K, 46 young (47104K), 2 survivors (2048K)
 Metaspace       used 27517K, committed 27840K, reserved 1114112K
  class space    used 2884K, committed 3008K, reserved 1048576K

Heap Regions: E=young(eden), S=young(survivor), O=old, HS=humongous(starts), HC=humongous(continues), CS=collection set, F=free, TAMS=top-at-mark-start, PB=parsable bottom
|   0|0x0000000081800000, 0x0000000081900000, 0x0000000081900000|100%|HS|  |TAMS 0x0000000081800000| PB 0x0000000081800000| Complete |  0
|   1|0x0000000081900000, 0x0000000081a00000, 0x0000000081a00000|100%| O|  |TAMS 0x0000000081900000| PB 0x0000000081900000| Untracked |  0
|   2|0x0000000081a00000, 0x0000000081b00000, 0x0000000081b00000|100%| O|  |TAMS 0x0000000081a00000| PB 0x0000000081a00000| Untracked |  0
|   3|0x0000000081b00000, 0x0000000081c00000, 0x0000000081c00000|100%| O|  |TAMS 0x0000000081b00000| PB 0x0000000081b00000| Untracked |  0
|   4|0x0000000081c00000, 0x0000000081d00000, 0x0000000081d00000|100%| O|  |TAMS 0x0000000081c00000| PB 0x0000000081c00000| Untracked |  0
|   5|0x0000000081d00000, 0x0000000081e00000, 0x0000000081e00000|100%| O|  |TAMS 0x0000000081d00000| PB 0x0000000081d00000| Untracked |  0
|   6|0x0000000081e00000, 0x0000000081f00000, 0x0000000081f00000|100%| O|  |TAMS 0x0000000081e00000| PB 0x0000000081e00000| Untracked |  0
|   7|0x0000000081f00000, 0x0000000082000000, 0x0000000082000000|100%| O|  |TAMS 0x0000000081f00000| PB 0x0000000081f00000| Untracked |  0
|   8|0x0000000082000000, 0x0000000082100000, 0x0000000082100000|100%| O|  |TAMS 0x0000000082000000| PB 0x0000000082000000| Untracked |  0
|   9|0x0000000082100000, 0x0000000082200000, 0x0000000082200000|100%| O|  |TAMS 0x0000000082100000| PB 0x0000000082100000| Untracked |  0
|  10|0x0000000082200000, 0x0000000082300000, 0x0000000082300000|100%| O|  |TAMS 0x0000000082200000| PB 0x0000000082200000| Untracked |  0
|  11|0x0000000082300000, 0x0000000082400000, 0x0000000082400000|100%| O|  |TAMS 0x0000000082300000| PB 0x0000000082300000| Untracked |  0
|  12|0x0000000082400000, 0x0000000082500000, 0x0000000082500000|100%| O|  |TAMS 0x0000000082400000| PB 0x0000000082400000| Untracked |  0
|  13|0x0000000082500000, 0x0000000082600000, 0x0000000082600000|100%| O|  |TAMS 0x0000000082500000| PB 0x0000000082500000| Untracked |  0
|  14|0x0000000082600000, 0x0000000082700000, 0x0000000082700000|100%| O|  |TAMS 0x0000000082600000| PB 0x0000000082600000| Untracked |  0
|  15|0x0000000082700000, 0x00000000827e7cc0, 0x0000000082800000| 90%| O|  |TAMS 0x0000000082700000| PB 0x0000000082700000| Untracked |  0
|  16|0x0000000082800000, 0x0000000082800000, 0x0000000082900000|  0%| F|  |TAMS 0x0000000082800000| PB 0x0000000082800000| Untracked |  0
|  17|0x0000000082900000, 0x0000000082900000, 0x0000000082a00000|  0%| F|  |TAMS 0x0000000082900000| PB 0x0000000082900000| Untracked |  0
|  18|0x0000000082a00000, 0x0000000082a00000, 0x0000000082b00000|  0%| F|  |TAMS 0x0000000082a00000| PB 0x0000000082a00000| Untracked |  0
|  19|0x0000000082b00000, 0x0000000082bf2f30, 0x0000000082c00000| 94%| E|  |TAMS 0x0000000082b00000| PB 0x0000000082b00000| Complete |  0
|  20|0x0000000082c00000, 0x0000000082d00000, 0x0000000082d00000|100%| E|CS|TAMS 0x0000000082c00000| PB 0x0000000082c00000| Complete |  0
|  21|0x0000000082d00000, 0x0000000082e00000, 0x0000000082e00000|100%| E|CS|TAMS 0x0000000082d00000| PB 0x0000000082d00000| Complete |  0
|  22|0x0000000082e00000, 0x0000000082f00000, 0x0000000082f00000|100%| E|CS|TAMS 0x0000000082e00000| PB 0x0000000082e00000| Complete |  0
|  23|0x0000000082f00000, 0x0000000083000000, 0x0000000083000000|100%| E|CS|TAMS 0x0000000082f00000| PB 0x0000000082f00000| Complete |  0
|  24|0x0000000083000000, 0x0000000083100000, 0x0000000083100000|100%| E|CS|TAMS 0x0000000083000000| PB 0x0000000083000000| Complete |  0
|  25|0x0000000083100000, 0x0000000083200000, 0x0000000083200000|100%| E|CS|TAMS 0x0000000083100000| PB 0x0000000083100000| Complete |  0
|  26|0x0000000083200000, 0x0000000083300000, 0x0000000083300000|100%| E|CS|TAMS 0x0000000083200000| PB 0x0000000083200000| Complete |  0
|  27|0x0000000083300000, 0x0000000083400000, 0x0000000083400000|100%| E|CS|TAMS 0x0000000083300000| PB 0x0000000083300000| Complete |  0
|  28|0x0000000083400000, 0x0000000083500000, 0x0000000083500000|100%| E|CS|TAMS 0x0000000083400000| PB 0x0000000083400000| Complete |  0
|  29|0x0000000083500000, 0x0000000083600000, 0x0000000083600000|100%| E|CS|TAMS 0x0000000083500000| PB 0x0000000083500000| Complete |  0
|  30|0x0000000083600000, 0x0000000083700000, 0x0000000083700000|100%| E|CS|TAMS 0x0000000083600000| PB 0x0000000083600000| Complete |  0
|  31|0x0000000083700000, 0x0000000083800000, 0x0000000083800000|100%| E|CS|TAMS 0x0000000083700000| PB 0x0000000083700000| Complete |  0
|  32|0x0000000083800000, 0x0000000083900000, 0x0000000083900000|100%| E|CS|TAMS 0x0000000083800000| PB 0x0000000083800000| Complete |  0
|  33|0x0000000083900000, 0x0000000083a00000, 0x0000000083a00000|100%| E|CS|TAMS 0x0000000083900000| PB 0x0000000083900000| Complete |  0
|  34|0x0000000083a00000, 0x0000000083b00000, 0x0000000083b00000|100%| E|CS|TAMS 0x0000000083a00000| PB 0x0000000083a00000| Complete |  0
|  35|0x0000000083b00000, 0x0000000083c00000, 0x0000000083c00000|100%| E|CS|TAMS 0x0000000083b00000| PB 0x0000000083b00000| Complete |  0
|  36|0x0000000083c00000, 0x0000000083d00000, 0x0000000083d00000|100%| E|CS|TAMS 0x0000000083c00000| PB 0x0000000083c00000| Complete |  0
|  37|0x0000000083d00000, 0x0000000083e00000, 0x0000000083e00000|100%| E|CS|TAMS 0x0000000083d00000| PB 0x0000000083d00000| Complete |  0
|  38|0x0000000083e00000, 0x0000000083f00000, 0x0000000083f00000|100%| E|CS|TAMS 0x0000000083e00000| PB 0x0000000083e00000| Complete |  0
|  39|0x0000000083f00000, 0x0000000084000000, 0x0000000084000000|100%| E|CS|TAMS 0x0000000083f00000| PB 0x0000000083f00000| Complete |  0
|  40|0x0000000084000000, 0x0000000084100000, 0x0000000084100000|100%| E|CS|TAMS 0x0000000084000000| PB 0x0000000084000000| Complete |  0
|  41|0x0000000084100000, 0x0000000084200000, 0x0000000084200000|100%| E|CS|TAMS 0x0000000084100000| PB 0x0000000084100000| Complete |  0
|  42|0x0000000084200000, 0x0000000084300000, 0x0000000084300000|100%| E|CS|TAMS 0x0000000084200000| PB 0x0000000084200000| Complete |  0
|  43|0x0000000084300000, 0x0000000084400000, 0x0000000084400000|100%| E|CS|TAMS 0x0000000084300000| PB 0x0000000084300000| Complete |  0
|  44|0x0000000084400000, 0x0000000084500000, 0x0000000084500000|100%| E|CS|TAMS 0x0000000084400000| PB 0x0000000084400000| Complete |  0
|  45|0x0000000084500000, 0x0000000084600000, 0x0000000084600000|100%| E|CS|TAMS 0x0000000084500000| PB 0x0000000084500000| Complete |  0
|  46|0x0000000084600000, 0x0000000084700000, 0x0000000084700000|100%| E|CS|TAMS 0x0000000084600000| PB 0x0000000084600000| Complete |  0
|  47|0x0000000084700000, 0x0000000084800000, 0x0000000084800000|100%| E|CS|TAMS 0x0000000084700000| PB 0x0000000084700000| Complete |  0
|  48|0x0000000084800000, 0x0000000084900000, 0x0000000084900000|100%| E|CS|TAMS 0x0000000084800000| PB 0x0000000084800000| Complete |  0
|  49|0x0000000084900000, 0x0000000084a00000, 0x0000000084a00000|100%| E|CS|TAMS 0x0000000084900000| PB 0x0000000084900000| Complete |  0
|  50|0x0000000084a00000, 0x0000000084b00000, 0x0000000084b00000|100%| E|CS|TAMS 0x0000000084a00000| PB 0x0000000084a00000| Complete |  0
|  51|0x0000000084b00000, 0x0000000084c00000, 0x0000000084c00000|100%| E|CS|TAMS 0x0000000084b00000| PB 0x0000000084b00000| Complete |  0
|  52|0x0000000084c00000, 0x0000000084d00000, 0x0000000084d00000|100%| E|CS|TAMS 0x0000000084c00000| PB 0x0000000084c00000| Complete |  0
|  53|0x0000000084d00000, 0x0000000084e00000, 0x0000000084e00000|100%| E|CS|TAMS 0x0000000084d00000| PB 0x0000000084d00000| Complete |  0
|  54|0x0000000084e00000, 0x0000000084f00000, 0x0000000084f00000|100%| E|CS|TAMS 0x0000000084e00000| PB 0x0000000084e00000| Complete |  0
|  55|0x0000000084f00000, 0x0000000085000000, 0x0000000085000000|100%| E|CS|TAMS 0x0000000084f00000| PB 0x0000000084f00000| Complete |  0
|  56|0x0000000085000000, 0x0000000085100000, 0x0000000085100000|100%| E|CS|TAMS 0x0000000085000000| PB 0x0000000085000000| Complete |  0
|  57|0x0000000085100000, 0x0000000085200000, 0x0000000085200000|100%| E|CS|TAMS 0x0000000085100000| PB 0x0000000085100000| Complete |  0
|  58|0x0000000085200000, 0x0000000085300000, 0x0000000085300000|100%| E|CS|TAMS 0x0000000085200000| PB 0x0000000085200000| Complete |  0
|  59|0x0000000085300000, 0x0000000085400000, 0x0000000085400000|100%| E|CS|TAMS 0x0000000085300000| PB 0x0000000085300000| Complete |  0
|  60|0x0000000085400000, 0x0000000085500000, 0x0000000085500000|100%| E|  |TAMS 0x0000000085400000| PB 0x0000000085400000| Complete |  0
|  61|0x0000000085500000, 0x0000000085600000, 0x0000000085600000|100%| E|CS|TAMS 0x0000000085500000| PB 0x0000000085500000| Complete |  0
| 123|0x0000000089300000, 0x0000000089359350, 0x0000000089400000| 34%| S|CS|TAMS 0x0000000089300000| PB 0x0000000089300000| Complete |  0
| 124|0x0000000089400000, 0x0000000089500000, 0x0000000089500000|100%| S|CS|TAMS 0x0000000089400000| PB 0x0000000089400000| Complete |  0
| 127|0x0000000089700000, 0x0000000089800000, 0x0000000089800000|100%| E|CS|TAMS 0x0000000089700000| PB 0x0000000089700000| Complete |  0
|2022|0x00000000ffe00000, 0x00000000fff00000, 0x00000000fff00000|100%| O|  |TAMS 0x00000000ffe00000| PB 0x00000000ffe00000| Untracked |  0
|2023|0x00000000fff00000, 0x00000000fff1d248, 0x0000000100000000| 11%| O|Cm|TAMS 0x00000000fff00000| PB 0x00000000fff00000| Complete |  0

Card table byte_map: [0x0000028dfc7c0000,0x0000028dfcbc0000] _byte_map_base: 0x0000028dfc3b4000

Marking Bits: (CMBitMap*) 0x0000028df3847a30
 Bits: [0x0000028dfcbc0000, 0x0000028dfeb60000)

Polling page: 0x0000028df2fc0000

Metaspace:

Usage:
  Non-class:     24.06 MB used.
      Class:      2.82 MB used.
       Both:     26.87 MB used.

Virtual space:
  Non-class space:       64.00 MB reserved,      24.25 MB ( 38%) committed,  1 nodes.
      Class space:        1.00 GB reserved,       2.94 MB ( <1%) committed,  1 nodes.
             Both:        1.06 GB reserved,      27.19 MB (  2%) committed. 

Chunk freelists:
   Non-Class:  7.33 MB
       Class:  13.02 MB
        Both:  20.34 MB

MaxMetaspaceSize: unlimited
CompressedClassSpaceSize: 1.00 GB
Initial GC threshold: 21.00 MB
Current GC threshold: 35.31 MB
CDS: on
 - commit_granule_bytes: 65536.
 - commit_granule_words: 8192.
 - virtual_space_node_default_size: 8388608.
 - enlarge_chunks_in_place: 1.
UseCompressedClassPointers 1, UseCompactObjectHeaders 0
Narrow klass pointer bits 32, Max shift 3
Narrow klass base: 0x0000028d91000000, Narrow klass shift: 0
Encoding Range: [0x0000028d91000000 - 0x0000028e91000000), (4294967296 bytes)
Klass Range:    [0x0000028d91000000 - 0x0000028dd2000000), (1090519040 bytes)
Klass ID Range:  [8 - 1090519033) (1090519025)


Internal statistics:

num_allocs_failed_limit: 3.
num_arena_births: 388.
num_arena_deaths: 0.
num_vsnodes_births: 2.
num_vsnodes_deaths: 0.
num_space_committed: 435.
num_space_uncommitted: 0.
num_chunks_returned_to_freelist: 3.
num_chunks_taken_from_freelist: 1201.
num_chunk_merges: 3.
num_chunk_splits: 774.
num_chunks_enlarged: 541.
num_inconsistent_stats: 0.

CodeHeap 'non-profiled nmethods': size=120064Kb used=1453Kb max_used=1453Kb free=118610Kb
 bounds [0x0000028d87ac0000, 0x0000028d87d30000, 0x0000028d8f000000]
CodeHeap 'profiled nmethods': size=120000Kb used=6832Kb max_used=6832Kb free=113167Kb
 bounds [0x0000028d80000000, 0x0000028d806b0000, 0x0000028d87530000]
CodeHeap 'non-nmethods': size=5696Kb used=1468Kb max_used=1502Kb free=4227Kb
 bounds [0x0000028d87530000, 0x0000028d877a0000, 0x0000028d87ac0000]
CodeCache: size=245760Kb, used=9753Kb, max_used=9787Kb, free=236004Kb
 total_blobs=4703, nmethods=4082, adapters=523, full_count=0
Compilation: enabled, stopped_count=0, restarted_count=0

Compilation events (20 events):
Event: 7.678 Thread 0x0000028dff5b5b60 nmethod 4052 0x0000028d806a0708 code [0x0000028d806a0840, 0x0000028d806a0bc8]
Event: 7.678 Thread 0x0000028dff5b5b60 4053       3       java.util.concurrent.ConcurrentHashMap$ValuesView::iterator (34 bytes)
Event: 7.678 Thread 0x0000028dff5b5b60 nmethod 4053 0x0000028d806a0c08 code [0x0000028d806a0d40, 0x0000028d806a0f58]
Event: 7.678 Thread 0x0000028dff5b5b60 4054       3       java.util.concurrent.ConcurrentHashMap$ValueIterator::<init> (12 bytes)
Event: 7.678 Thread 0x0000028dff5b5b60 nmethod 4054 0x0000028d806a0f88 code [0x0000028d806a10a0, 0x0000028d806a11d0]
Event: 7.678 Thread 0x0000028dff5b5b60 4055       3       sun.nio.fs.WindowsPath::toWindowsPath (32 bytes)
Event: 7.679 Thread 0x0000028dff5b5b60 nmethod 4055 0x0000028d806a1288 code [0x0000028d806a13e0, 0x0000028d806a1870]
Event: 7.680 Thread 0x0000028dff5acfd0 4056 %     4       java.lang.StringUTF16::getChars @ 16 (42 bytes)
Event: 7.682 Thread 0x0000028dd6161090 4057 %     4       sun.nio.cs.UTF_8$Encoder::encodeArrayLoopSlow @ 0 (377 bytes)
Event: 7.682 Thread 0x0000028dff5b5b60 4058       3       sun.security.provider.HashDrbg::addBytes (130 bytes)
Event: 7.683 Thread 0x0000028dff5b5b60 nmethod 4058 0x0000028d806a1888 code [0x0000028d806a19c0, 0x0000028d806a1d30]
Event: 7.683 Thread 0x0000028dff5b5b60 4059       3       java.util.Collections$UnmodifiableMap::entrySet (32 bytes)
Event: 7.684 Thread 0x0000028dff5b5b60 nmethod 4059 0x0000028d806a1d88 code [0x0000028d806a1f00, 0x0000028d806a24b8]
Event: 7.692 Thread 0x0000028dff5acfd0 nmethod 4056% 0x0000028d87c29208 code [0x0000028d87c29320, 0x0000028d87c296d0]
Event: 7.692 Thread 0x0000028dff5acfd0 4060       4       java.lang.invoke.MemberName::getMethodOrFieldType (72 bytes)
Event: 7.696 Thread 0x0000028dff5b5b60 4061       1       jdk.internal.classfile.impl.AbstractPoolEntry$InterfaceMethodRefEntryImpl::tag (3 bytes)
Event: 7.696 Thread 0x0000028dff5b5b60 nmethod 4061 0x0000028d87c29708 code [0x0000028d87c29800, 0x0000028d87c298c8]
Event: 7.699 Thread 0x0000028dff5acfd0 nmethod 4060 0x0000028d87c29a08 code [0x0000028d87c29bc0, 0x0000028d87c2a1e0]
Event: 7.700 Thread 0x0000028dff5b5b60 4063       3       java.util.Dictionary::<init> (5 bytes)
Event: 7.700 Thread 0x0000028dff5b5b60 nmethod 4063 0x0000028d806a2508 code [0x0000028d806a2620, 0x0000028d806a2780]

GC Heap History (6 events):
Event: 1.493 GC heap before
{Heap before GC invocations=0 (full 0):
 garbage-first heap   total reserved 2072576K, committed 133120K, used 50292K [0x0000000081800000, 0x0000000100000000)
  region size 1024K, 47 young (48128K), 0 survivors (0K)
 Metaspace       used 13116K, committed 13376K, reserved 1114112K
  class space    used 1265K, committed 1344K, reserved 1048576K
}
Event: 1.500 GC heap after
{Heap after GC invocations=1 (full 0):
 garbage-first heap   total reserved 2072576K, committed 133120K, used 8724K [0x0000000081800000, 0x0000000100000000)
  region size 1024K, 6 young (6144K), 6 survivors (6144K)
 Metaspace       used 13116K, committed 13376K, reserved 1114112K
  class space    used 1265K, committed 1344K, reserved 1048576K
}
Event: 2.534 GC heap before
{Heap before GC invocations=1 (full 0):
 garbage-first heap   total reserved 2072576K, committed 133120K, used 61972K [0x0000000081800000, 0x0000000100000000)
  region size 1024K, 59 young (60416K), 6 survivors (6144K)
 Metaspace       used 20508K, committed 20800K, reserved 1114112K
  class space    used 1985K, committed 2112K, reserved 1048576K
}
Event: 2.549 GC heap after
{Heap after GC invocations=2 (full 0):
 garbage-first heap   total reserved 2072576K, committed 133120K, used 17041K [0x0000000081800000, 0x0000000100000000)
  region size 1024K, 8 young (8192K), 8 survivors (8192K)
 Metaspace       used 20508K, committed 20800K, reserved 1114112K
  class space    used 1985K, committed 2112K, reserved 1048576K
}
Event: 2.600 GC heap before
{Heap before GC invocations=2 (full 0):
 garbage-first heap   total reserved 2072576K, committed 133120K, used 19089K [0x0000000081800000, 0x0000000100000000)
  region size 1024K, 11 young (11264K), 8 survivors (8192K)
 Metaspace       used 21220K, committed 21504K, reserved 1114112K
  class space    used 2076K, committed 2240K, reserved 1048576K
}
Event: 2.610 GC heap after
{Heap after GC invocations=3 (full 0):
 garbage-first heap   total reserved 2072576K, committed 133120K, used 18808K [0x0000000081800000, 0x0000000100000000)
  region size 1024K, 2 young (2048K), 2 survivors (2048K)
 Metaspace       used 21220K, committed 21504K, reserved 1114112K
  class space    used 2076K, committed 2240K, reserved 1048576K
}

Dll operation events (11 events):
Event: 0.011 Loaded shared library C:\Program Files\Java\jdk-24\bin\java.dll
Event: 0.050 Loaded shared library C:\Program Files\Java\jdk-24\bin\jsvml.dll
Event: 0.135 Loaded shared library C:\Program Files\Java\jdk-24\bin\net.dll
Event: 0.138 Loaded shared library C:\Program Files\Java\jdk-24\bin\nio.dll
Event: 0.160 Loaded shared library C:\Program Files\Java\jdk-24\bin\zip.dll
Event: 0.364 Loaded shared library C:\Program Files\Java\jdk-24\bin\jimage.dll
Event: 0.545 Loaded shared library C:\Program Files\Java\jdk-24\bin\extnet.dll
Event: 2.170 Loaded shared library C:\Program Files\Java\jdk-24\bin\verify.dll
Event: 2.563 Loaded shared library C:\Program Files\Java\jdk-24\bin\management.dll
Event: 2.564 Loaded shared library C:\Program Files\Java\jdk-24\bin\management_ext.dll
Event: 2.697 Loaded shared library C:\Program Files\Java\jdk-24\bin\sunmscapi.dll

Deoptimization events (20 events):
Event: 7.580 Thread 0x0000028df14fbe70 Uncommon trap: trap_request=0xffffffc6 fr.pc=0x0000028d87bc39a8 relative=0x0000000000000628
Event: 7.580 Thread 0x0000028df14fbe70 Uncommon trap: reason=bimorphic_or_optimized_type_check action=maybe_recompile pc=0x0000028d87bc39a8 method=java.util.regex.Pattern$BmpCharPropertyGreedy.match(Ljava/util/regex/Matcher;ILjava/lang/CharSequence;)Z @ 26 c2
Event: 7.580 Thread 0x0000028df14fbe70 DEOPT PACKING pc=0x0000028d87bc39a8 sp=0x000000c5178fe940
Event: 7.580 Thread 0x0000028df14fbe70 DEOPT UNPACKING pc=0x0000028d87645202 sp=0x000000c5178fe878 mode 2
Event: 7.590 Thread 0x0000028df14fbe70 Uncommon trap: trap_request=0xffffffc6 fr.pc=0x0000028d87bc39a8 relative=0x0000000000000628
Event: 7.590 Thread 0x0000028df14fbe70 Uncommon trap: reason=bimorphic_or_optimized_type_check action=maybe_recompile pc=0x0000028d87bc39a8 method=java.util.regex.Pattern$BmpCharPropertyGreedy.match(Ljava/util/regex/Matcher;ILjava/lang/CharSequence;)Z @ 26 c2
Event: 7.590 Thread 0x0000028df14fbe70 DEOPT PACKING pc=0x0000028d87bc39a8 sp=0x000000c5178fe730
Event: 7.590 Thread 0x0000028df14fbe70 DEOPT UNPACKING pc=0x0000028d87645202 sp=0x000000c5178fe668 mode 2
Event: 7.590 Thread 0x0000028df14fbe70 Uncommon trap: trap_request=0xffffffc6 fr.pc=0x0000028d87bc39a8 relative=0x0000000000000628
Event: 7.590 Thread 0x0000028df14fbe70 Uncommon trap: reason=bimorphic_or_optimized_type_check action=maybe_recompile pc=0x0000028d87bc39a8 method=java.util.regex.Pattern$BmpCharPropertyGreedy.match(Ljava/util/regex/Matcher;ILjava/lang/CharSequence;)Z @ 26 c2
Event: 7.590 Thread 0x0000028df14fbe70 DEOPT PACKING pc=0x0000028d87bc39a8 sp=0x000000c5178fe840
Event: 7.590 Thread 0x0000028df14fbe70 DEOPT UNPACKING pc=0x0000028d87645202 sp=0x000000c5178fe778 mode 2
Event: 7.619 Thread 0x0000028df14fbe70 Uncommon trap: trap_request=0xffffffc6 fr.pc=0x0000028d87bc39a8 relative=0x0000000000000628
Event: 7.619 Thread 0x0000028df14fbe70 Uncommon trap: reason=bimorphic_or_optimized_type_check action=maybe_recompile pc=0x0000028d87bc39a8 method=java.util.regex.Pattern$BmpCharPropertyGreedy.match(Ljava/util/regex/Matcher;ILjava/lang/CharSequence;)Z @ 26 c2
Event: 7.619 Thread 0x0000028df14fbe70 DEOPT PACKING pc=0x0000028d87bc39a8 sp=0x000000c5178febc0
Event: 7.619 Thread 0x0000028df14fbe70 DEOPT UNPACKING pc=0x0000028d87645202 sp=0x000000c5178feaf8 mode 2
Event: 7.651 Thread 0x0000028df14fbe70 Uncommon trap: trap_request=0xffffff4d fr.pc=0x0000028d87bc4f08 relative=0x0000000000000068
Event: 7.651 Thread 0x0000028df14fbe70 Uncommon trap: reason=unstable_if action=reinterpret pc=0x0000028d87bc4f08 method=java.lang.Integer.equals(Ljava/lang/Object;)Z @ 20 c2
Event: 7.651 Thread 0x0000028df14fbe70 DEOPT PACKING pc=0x0000028d87bc4f08 sp=0x000000c5178fec80
Event: 7.651 Thread 0x0000028df14fbe70 DEOPT UNPACKING pc=0x0000028d87645202 sp=0x000000c5178fec10 mode 2

Classes loaded (20 events):
Event: 7.579 Loading class java/io/FileReader
Event: 7.579 Loading class java/io/FileReader done
Event: 7.584 Loading class java/net/InetAddress$CachedLocalHost
Event: 7.584 Loading class java/net/InetAddress$CachedLocalHost done
Event: 7.586 Loading class java/text/StringCharacterIterator
Event: 7.586 Loading class java/text/CharacterIterator
Event: 7.586 Loading class java/text/CharacterIterator done
Event: 7.586 Loading class java/text/StringCharacterIterator done
Event: 7.586 Loading class java/util/concurrent/ConcurrentLinkedDeque$Itr
Event: 7.586 Loading class java/util/concurrent/ConcurrentLinkedDeque$AbstractItr
Event: 7.586 Loading class java/util/concurrent/ConcurrentLinkedDeque$AbstractItr done
Event: 7.586 Loading class java/util/concurrent/ConcurrentLinkedDeque$Itr done
Event: 7.658 Loading class java/nio/file/StandardCopyOption
Event: 7.658 Loading class java/nio/file/StandardCopyOption done
Event: 7.659 Loading class sun/nio/fs/WindowsChannelFactory$2
Event: 7.659 Loading class sun/nio/fs/WindowsChannelFactory$2 done
Event: 7.659 Loading class sun/nio/ch/ChannelOutputStream
Event: 7.659 Loading class sun/nio/ch/ChannelOutputStream done
Event: 7.679 Loading class java/io/BufferedReader$1
Event: 7.680 Loading class java/io/BufferedReader$1 done

Classes unloaded (0 events):
No events

Classes redefined (0 events):
No events

Internal exceptions (20 events):
Event: 2.755 Thread 0x0000028df14fbe70 Exception <a 'java/lang/NoSuchMethodError'{0x0000000084f24ba8}: 'java.lang.Object java.lang.invoke.DirectMethodHandle$Holder.invokeStaticInit(java.lang.Object, long, java.lang.Object)'> (0x0000000084f24ba8) 
thrown [s\open\src\hotspot\share\interpreter\linkResolver.cpp, line 805]
Event: 2.770 Thread 0x0000028dd72c0150 Exception <a 'java/net/ConnectException'{0x0000000084e7f990}: Connection refused: getsockopt> (0x0000000084e7f990) 
thrown [s\open\src\hotspot\share\prims\jni.cpp, line 536]
Event: 2.781 Thread 0x0000028dd72c0150 Exception <a 'java/net/ConnectException'{0x0000000084e80b68}: Connection refused: getsockopt> (0x0000000084e80b68) 
thrown [s\open\src\hotspot\share\prims\jni.cpp, line 536]
Event: 2.803 Thread 0x0000028dd72c0150 Exception <a 'java/net/ConnectException'{0x0000000084e81a88}: Connection refused: getsockopt> (0x0000000084e81a88) 
thrown [s\open\src\hotspot\share\prims\jni.cpp, line 536]
Event: 2.858 Thread 0x0000028df14fbe70 Exception <a 'java/lang/NoSuchMethodError'{0x0000000084d31a70}: 'double java.lang.invoke.DirectMethodHandle$Holder.invokeVirtual(java.lang.Object, java.lang.Object)'> (0x0000000084d31a70) 
thrown [s\open\src\hotspot\share\interpreter\linkResolver.cpp, line 805]
Event: 2.859 Thread 0x0000028df14fbe70 Exception <a 'java/lang/NoSuchMethodError'{0x0000000084d41470}: 'float java.lang.invoke.DirectMethodHandle$Holder.invokeVirtual(java.lang.Object, java.lang.Object)'> (0x0000000084d41470) 
thrown [s\open\src\hotspot\share\interpreter\linkResolver.cpp, line 805]
Event: 2.860 Thread 0x0000028df14fbe70 Exception <a 'java/lang/NoSuchMethodError'{0x0000000084d581f8}: 'long java.lang.invoke.DirectMethodHandle$Holder.invokeVirtual(java.lang.Object, java.lang.Object)'> (0x0000000084d581f8) 
thrown [s\open\src\hotspot\share\interpreter\linkResolver.cpp, line 805]
Event: 2.881 Thread 0x0000028df14fbe70 Exception <a 'java/lang/NoSuchMethodError'{0x0000000084b79160}: 'java.lang.Object java.lang.invoke.DirectMethodHandle$Holder.newInvokeSpecial(java.lang.Object, java.lang.Object, int, int)'> (0x0000000084b79160) 
thrown [s\open\src\hotspot\share\interpreter\linkResolver.cpp, line 805]
Event: 2.882 Thread 0x0000028df14fbe70 Exception <a 'java/lang/NoSuchMethodError'{0x0000000084b89ef8}: 'void java.lang.invoke.DirectMethodHandle$Holder.invokeStatic(java.lang.Object, java.lang.Object, int)'> (0x0000000084b89ef8) 
thrown [s\open\src\hotspot\share\interpreter\linkResolver.cpp, line 805]
Event: 2.907 Thread 0x0000028dd72bb830 Exception <a 'java/lang/NoSuchMethodError'{0x000000008493e0e0}: 'void java.lang.invoke.DirectMethodHandle$Holder.invokeStatic(java.lang.Object, java.lang.Object, java.lang.Object, java.lang.Object, java.lang.Object, java.lang.Object, java.lang.Object)'> (0x000000008493e0e0) 
thrown [s\open\src\hotspot\share\interpreter\linkResolver.cpp, line 805]
Event: 2.927 Thread 0x0000028dd72bb830 Exception <a 'java/lang/NoSuchMethodError'{0x0000000084836748}: 'java.lang.Object java.lang.invoke.DirectMethodHandle$Holder.invokeSpecial(java.lang.Object, java.lang.Object, java.lang.Object, java.lang.Object, java.lang.Object, int)'> (0x0000000084836748) 
thrown [s\open\src\hotspot\share\interpreter\linkResolver.cpp, line 805]
Event: 2.945 Thread 0x0000028dd72bb830 Exception <a 'java/lang/NoSuchMethodError'{0x0000000084721818}: 'long java.lang.invoke.DirectMethodHandle$Holder.invokeStatic(java.lang.Object, long, long)'> (0x0000000084721818) 
thrown [s\open\src\hotspot\share\interpreter\linkResolver.cpp, line 805]
Event: 2.952 Thread 0x0000028dd72c1740 Exception <a 'java/lang/NoSuchMethodError'{0x00000000851c20c0}: 'int java.lang.invoke.DirectMethodHandle$Holder.invokeStatic(java.lang.Object, int, java.lang.Object)'> (0x00000000851c20c0) 
thrown [s\open\src\hotspot\share\interpreter\linkResolver.cpp, line 805]
Event: 3.718 Thread 0x0000028df14fbe70 Exception <a 'java/lang/NoSuchMethodError'{0x00000000842ae4d8}: 'java.lang.Object java.lang.invoke.DirectMethodHandle$Holder.invokeSpecialIFC(java.lang.Object, java.lang.Object, java.lang.Object)'> (0x00000000842ae4d8) 
thrown [s\open\src\hotspot\share\interpreter\linkResolver.cpp, line 805]
Event: 3.870 Thread 0x0000028df14fbe70 Exception <a 'java/lang/ClassNotFoundException'{0x0000000083c36328}: sun/util/logging/resources/spi/loggingProvider> (0x0000000083c36328) 
thrown [s\open\src\hotspot\share\classfile\systemDictionary.cpp, line 327]
Event: 5.192 Thread 0x0000028dd72c0150 Exception <a 'java/net/ConnectException'{0x0000000084e94518}: Connection refused: getsockopt> (0x0000000084e94518) 
thrown [s\open\src\hotspot\share\prims\jni.cpp, line 536]
Event: 5.203 Thread 0x0000028dd72c0150 Exception <a 'java/net/ConnectException'{0x0000000084e954e8}: Connection refused: getsockopt> (0x0000000084e954e8) 
thrown [s\open\src\hotspot\share\prims\jni.cpp, line 536]
Event: 5.224 Thread 0x0000028dd72c0150 Exception <a 'java/net/ConnectException'{0x0000000084e964b8}: Connection refused: getsockopt> (0x0000000084e964b8) 
thrown [s\open\src\hotspot\share\prims\jni.cpp, line 536]
Event: 7.613 Thread 0x0000028df14fbe70 Exception <a 'java/lang/NoSuchMethodError'{0x0000000082f9a2f8}: 'void java.lang.invoke.DirectMethodHandle$Holder.invokeStaticInit(java.lang.Object, java.lang.Object)'> (0x0000000082f9a2f8) 
thrown [s\open\src\hotspot\share\interpreter\linkResolver.cpp, line 805]
Event: 7.631 Thread 0x0000028df14fbe70 Exception <a 'java/lang/NoSuchMethodError'{0x0000000082e1e620}: 'java.lang.Object java.lang.invoke.DelegatingMethodHandle$Holder.reinvoke_L(java.lang.Object, java.lang.Object, int, java.lang.Object, java.lang.Object)'> (0x0000000082e1e620) 
thrown [s\open\src\hotspot\share\interpreter\linkResolver.cpp, line 805]

VM Operations (20 events):
Event: 2.006 Executing VM operation: HandshakeAllThreads (Deoptimize)
Event: 2.006 Executing VM operation: HandshakeAllThreads (Deoptimize) done
Event: 2.285 Executing VM operation: HandshakeAllThreads (Deoptimize)
Event: 2.285 Executing VM operation: HandshakeAllThreads (Deoptimize) done
Event: 2.534 Executing VM operation: G1CollectForAllocation (G1 Evacuation Pause)
Event: 2.549 Executing VM operation: G1CollectForAllocation (G1 Evacuation Pause) done
Event: 2.600 Executing VM operation: CollectForMetadataAllocation (Metadata GC Threshold)
Event: 2.610 Executing VM operation: CollectForMetadataAllocation (Metadata GC Threshold) done
Event: 2.623 Executing VM operation: G1PauseRemark
Event: 2.626 Executing VM operation: G1PauseRemark done
Event: 2.631 Executing VM operation: G1PauseCleanup
Event: 2.632 Executing VM operation: G1PauseCleanup done
Event: 2.848 Executing VM operation: HandshakeAllThreads (Deoptimize)
Event: 2.848 Executing VM operation: HandshakeAllThreads (Deoptimize) done
Event: 2.849 Executing VM operation: HandshakeAllThreads (Deoptimize)
Event: 2.849 Executing VM operation: HandshakeAllThreads (Deoptimize) done
Event: 3.658 Executing VM operation: HandshakeAllThreads (Deoptimize)
Event: 3.658 Executing VM operation: HandshakeAllThreads (Deoptimize) done
Event: 3.666 Executing VM operation: HandshakeAllThreads (Deoptimize)
Event: 3.667 Executing VM operation: HandshakeAllThreads (Deoptimize) done

Memory protections (0 events):
No events

Nmethod flushes (0 events):
No events

Events (20 events):
Event: 3.791 Thread 0x0000028dd72c1e90 Thread added: 0x0000028dd72bdcc0
Event: 3.795 Thread 0x0000028dd72c1e90 Thread added: 0x0000028dd7226ae0
Event: 3.796 Thread 0x0000028dd72c1e90 Thread added: 0x0000028dd72237b0
Event: 3.848 Thread 0x0000028dd6160170 Thread exited: 0x0000028dd6160170
Event: 5.182 Thread 0x0000028df14fbe70 Thread added: 0x0000028dd72254f0
Event: 5.190 Thread 0x0000028df14fbe70 Thread added: 0x0000028dd72296c0
Event: 5.190 Thread 0x0000028df14fbe70 Thread added: 0x0000028dd7225c40
Event: 5.191 Thread 0x0000028df14fbe70 Thread added: 0x0000028dd7223f00
Event: 5.270 Thread 0x0000028df14fbe70 Thread added: 0x0000028dd722a560
Event: 5.271 Thread 0x0000028dd72254f0 Thread added: 0x0000028dd7226390
Event: 5.272 Thread 0x0000028dd72254f0 Thread added: 0x0000028dd7229e10
Event: 6.115 Thread 0x0000028dff5b5b60 Thread added: 0x0000028dd615e330
Event: 6.118 Thread 0x0000028df14fbe70 Thread added: 0x0000028dd7227230
Event: 6.118 Thread 0x0000028df14fbe70 Thread added: 0x0000028dd7227980
Event: 6.122 Thread 0x0000028dd7227230 Thread added: 0x0000028dd722acb0
Event: 6.123 Thread 0x0000028dd7227230 Thread added: 0x0000028dd72280d0
Event: 6.123 Thread 0x0000028dd7227230 Thread added: 0x0000028dd7224da0
Event: 6.674 Thread 0x0000028dd615e330 Thread exited: 0x0000028dd615e330
Event: 7.593 Thread 0x0000028dff5b5b60 Thread added: 0x0000028dd6161090
Event: 7.613 Thread 0x0000028dff59c230 Thread exited: 0x0000028dff59c230


Dynamic libraries:
0x00007ff6e6bc0000 - 0x00007ff6e6bd0000 	C:\Program Files\Java\jdk-24\bin\javaw.exe
0x00007ffe78650000 - 0x00007ffe78848000 	C:\WINDOWS\SYSTEM32\ntdll.dll
0x00007ffe772b0000 - 0x00007ffe77372000 	C:\WINDOWS\System32\KERNEL32.DLL
0x00007ffe76270000 - 0x00007ffe76566000 	C:\WINDOWS\System32\KERNELBASE.dll
0x00007ffe76570000 - 0x00007ffe76670000 	C:\WINDOWS\System32\ucrtbase.dll
0x00007ffe71790000 - 0x00007ffe717a6000 	C:\Program Files\Java\jdk-24\bin\jli.dll
0x00007ffe71770000 - 0x00007ffe7178b000 	C:\Program Files\Java\jdk-24\bin\VCRUNTIME140.dll
0x00007ffe76ec0000 - 0x00007ffe77061000 	C:\WINDOWS\System32\USER32.dll
0x00007ffe62cb0000 - 0x00007ffe62f4b000 	C:\WINDOWS\WinSxS\amd64_microsoft.windows.common-controls_6595b64144ccf1df_6.0.19041.6456_none_60b8a6cb71f64256\COMCTL32.dll
0x00007ffe75f00000 - 0x00007ffe75f22000 	C:\WINDOWS\System32\win32u.dll
0x00007ffe76c70000 - 0x00007ffe76d0e000 	C:\WINDOWS\System32\msvcrt.dll
0x00007ffe76c40000 - 0x00007ffe76c6b000 	C:\WINDOWS\System32\GDI32.dll
0x00007ffe76050000 - 0x00007ffe76169000 	C:\WINDOWS\System32\gdi32full.dll
0x00007ffe75fb0000 - 0x00007ffe7604d000 	C:\WINDOWS\System32\msvcp_win.dll
0x00007ffe76790000 - 0x00007ffe767bf000 	C:\WINDOWS\System32\IMM32.DLL
0x00007ffe717d0000 - 0x00007ffe717dc000 	C:\Program Files\Java\jdk-24\bin\vcruntime140_1.dll
0x00007ffe59da0000 - 0x00007ffe59e2e000 	C:\Program Files\Java\jdk-24\bin\msvcp140.dll
0x00007ffe356b0000 - 0x00007ffe36451000 	C:\Program Files\Java\jdk-24\bin\server\jvm.dll
0x00007ffe77fd0000 - 0x00007ffe78081000 	C:\WINDOWS\System32\ADVAPI32.dll
0x00007ffe77210000 - 0x00007ffe772af000 	C:\WINDOWS\System32\sechost.dll
0x00007ffe770d0000 - 0x00007ffe771f0000 	C:\WINDOWS\System32\RPCRT4.dll
0x00007ffe75ed0000 - 0x00007ffe75ef7000 	C:\WINDOWS\System32\bcrypt.dll
0x00007ffe785a0000 - 0x00007ffe7860b000 	C:\WINDOWS\System32\WS2_32.dll
0x00007ffe751e0000 - 0x00007ffe7522b000 	C:\WINDOWS\SYSTEM32\POWRPROF.dll
0x00007ffe60be0000 - 0x00007ffe60c07000 	C:\WINDOWS\SYSTEM32\WINMM.dll
0x00007ffe6baf0000 - 0x00007ffe6bafa000 	C:\WINDOWS\SYSTEM32\VERSION.dll
0x00007ffe750a0000 - 0x00007ffe750b2000 	C:\WINDOWS\SYSTEM32\UMPDC.dll
0x00007ffe744e0000 - 0x00007ffe744f2000 	C:\WINDOWS\SYSTEM32\kernel.appcore.dll
0x00007ffe716f0000 - 0x00007ffe716fa000 	C:\Program Files\Java\jdk-24\bin\jimage.dll
0x00007ffe741a0000 - 0x00007ffe743a1000 	C:\WINDOWS\SYSTEM32\DBGHELP.DLL
0x00007ffe5d710000 - 0x00007ffe5d744000 	C:\WINDOWS\SYSTEM32\dbgcore.DLL
0x00007ffe75ce0000 - 0x00007ffe75d62000 	C:\WINDOWS\System32\bcryptPrimitives.dll
0x00007ffe71370000 - 0x00007ffe7138e000 	C:\Program Files\Java\jdk-24\bin\java.dll
0x00007ffe78160000 - 0x00007ffe7828b000 	C:\WINDOWS\System32\ole32.dll
0x00007ffe774f0000 - 0x00007ffe77844000 	C:\WINDOWS\System32\combase.dll
0x00007ffe77860000 - 0x00007ffe77fd0000 	C:\WINDOWS\System32\SHELL32.dll
0x00007ffe739e0000 - 0x00007ffe74185000 	C:\WINDOWS\SYSTEM32\windows.storage.dll
0x00007ffe75630000 - 0x00007ffe7565b000 	C:\WINDOWS\SYSTEM32\Wldp.dll
0x00007ffe78090000 - 0x00007ffe7815d000 	C:\WINDOWS\System32\OLEAUT32.dll
0x00007ffe766d0000 - 0x00007ffe7677d000 	C:\WINDOWS\System32\SHCORE.dll
0x00007ffe782f0000 - 0x00007ffe7834b000 	C:\WINDOWS\System32\shlwapi.dll
0x00007ffe75c10000 - 0x00007ffe75c34000 	C:\WINDOWS\SYSTEM32\profapi.dll
0x00007ffe4ef70000 - 0x00007ffe4f047000 	C:\Program Files\Java\jdk-24\bin\jsvml.dll
0x00007ffe71360000 - 0x00007ffe71370000 	C:\Program Files\Java\jdk-24\bin\net.dll
0x00007ffe75410000 - 0x00007ffe7547a000 	C:\WINDOWS\system32\mswsock.dll
0x00007ffe6e830000 - 0x00007ffe6e846000 	C:\Program Files\Java\jdk-24\bin\nio.dll
0x00007ffe6e810000 - 0x00007ffe6e827000 	C:\Program Files\Java\jdk-24\bin\zip.dll
0x00007ffe75110000 - 0x00007ffe751da000 	C:\WINDOWS\SYSTEM32\DNSAPI.dll
0x00007ffe750c0000 - 0x00007ffe750fb000 	C:\WINDOWS\SYSTEM32\IPHLPAPI.DLL
0x00007ffe77850000 - 0x00007ffe77858000 	C:\WINDOWS\System32\NSI.dll
0x00007ffe6e010000 - 0x00007ffe6e01a000 	C:\Windows\System32\rasadhlp.dll
0x00007ffe621a0000 - 0x00007ffe62220000 	C:\WINDOWS\System32\fwpuclnt.dll
0x00007ffe71350000 - 0x00007ffe71359000 	C:\Program Files\Java\jdk-24\bin\extnet.dll
0x00007ffe75670000 - 0x00007ffe75688000 	C:\WINDOWS\SYSTEM32\CRYPTSP.dll
0x00007ffe74ce0000 - 0x00007ffe74d18000 	C:\WINDOWS\system32\rsaenh.dll
0x00007ffe75b90000 - 0x00007ffe75bbe000 	C:\WINDOWS\SYSTEM32\USERENV.dll
0x00007ffe755a0000 - 0x00007ffe755ac000 	C:\WINDOWS\SYSTEM32\CRYPTBASE.dll
0x00007ffe71320000 - 0x00007ffe71330000 	C:\Program Files\Java\jdk-24\bin\verify.dll
0x00007ffe6e800000 - 0x00007ffe6e80a000 	C:\Program Files\Java\jdk-24\bin\management.dll
0x00007ffe6e7f0000 - 0x00007ffe6e7fb000 	C:\Program Files\Java\jdk-24\bin\management_ext.dll
0x00007ffe76c30000 - 0x00007ffe76c38000 	C:\WINDOWS\System32\PSAPI.DLL
0x00007ffe6e7d0000 - 0x00007ffe6e7de000 	C:\Program Files\Java\jdk-24\bin\sunmscapi.dll
0x00007ffe75d70000 - 0x00007ffe75ecd000 	C:\WINDOWS\System32\CRYPT32.dll
0x00007ffe75780000 - 0x00007ffe757a7000 	C:\WINDOWS\SYSTEM32\ncrypt.dll
0x00007ffe75740000 - 0x00007ffe7577b000 	C:\WINDOWS\SYSTEM32\NTASN1.dll
0x00007ffe22800000 - 0x00007ffe22807000 	C:\WINDOWS\system32\wshunix.dll
0x00007ffe5f220000 - 0x00007ffe5f237000 	C:\WINDOWS\system32\napinsp.dll
0x00007ffe5f1f0000 - 0x00007ffe5f20b000 	C:\WINDOWS\system32\pnrpnsp.dll
0x00007ffe71f90000 - 0x00007ffe71fad000 	C:\WINDOWS\system32\wshbth.dll
0x00007ffe6ebd0000 - 0x00007ffe6ebed000 	C:\WINDOWS\system32\NLAapi.dll
0x00007ffe5f1a0000 - 0x00007ffe5f1b2000 	C:\WINDOWS\System32\winrnr.dll

JVMTI agents: none

dbghelp: loaded successfully - version: 4.0.5 - missing functions: none
symbol engine: initialized successfully - sym options: 0x614 - pdb path: .;C:\Program Files\Java\jdk-24\bin;C:\WINDOWS\SYSTEM32;C:\WINDOWS\WinSxS\amd64_microsoft.windows.common-controls_6595b64144ccf1df_6.0.19041.6456_none_60b8a6cb71f64256;C:\Program Files\Java\jdk-24\bin\server

VM Arguments:
jvm_args: -ea -Dfile.encoding=UTF-8 -Dstdout.encoding=UTF-8 -Dstderr.encoding=UTF-8 -XX:+ShowCodeDetailsInExceptionMessages 
java_command: org.testng.remote.RemoteTestNG -serport 50354 -protocol json -d C:\Users\PC\git\cucumberframewokrepository\Cucumberframework\test-output C:\Users\PC\AppData\Local\Temp\testng-eclipse-1061404581\testng-customsuite.xml
java_class_path (initial): C:\Users\PC\eclipse\java-2025-06\eclipse\configuration\org.eclipse.osgi\561\0\.cp\lib\testng-remote.jar;C:\Users\PC\git\cucumberframewokrepository\Cucumberframework\target\test-classes;C:\Users\PC\git\cucumberframewokrepository\Cucumberframework\target\classes;C:\Users\PC\.m2\repository\io\cucumber\cucumber-testng\7.30.0\cucumber-testng-7.30.0.jar;C:\Users\PC\.m2\repository\org\apiguardian\apiguardian-api\1.1.2\apiguardian-api-1.1.2.jar;C:\Users\PC\.m2\repository\io\cucumber\cucumber-core\7.30.0\cucumber-core-7.30.0.jar;C:\Users\PC\.m2\repository\io\cucumber\cucumber-gherkin\7.30.0\cucumber-gherkin-7.30.0.jar;C:\Users\PC\.m2\repository\io\cucumber\cucumber-gherkin-messages\7.30.0\cucumber-gherkin-messages-7.30.0.jar;C:\Users\PC\.m2\repository\io\cucumber\gherkin\35.1.0\gherkin-35.1.0.jar;C:\Users\PC\.m2\repository\org\assertj\assertj-core\3.27.5\assertj-core-3.27.5.jar;C:\Users\PC\.m2\repository\io\cucumber\pretty-formatter\2.3.0\pretty-formatter-2.3.0.jar;C:\Users\PC\.m2\repository\io\cucumber\query\14.5.0\query-14.5.0.jar;C:\Users\PC\.m2\repository\io\cucumber\teamcity-formatter\0.1.1\teamcity-formatter-0.1.1.jar;C:\Users\PC\.m2\repository\io\cucumber\testng-xml-formatter\0.6.0\testng-xml-formatter-0.6.0.jar;C:\Users\PC\.m2\repository\io\cucumber\tag-expressions\6.1.2\tag-expressions-6.1.2.jar;C:\Users\PC\.m2\repository\io\cucumber\cucumber-expressions\18.0.1\cucumber-expressions-18.0.1.jar;C:\Users\PC\.m2\repository\io\cucumber\cucumber-json-formatter\0.2.1\cucumber-json-formatter-0.2.1.jar;C:\Users\PC\.m2\repository\io\cucumber\datatable\7.30.0\datatable-7.30.0.jar;C:\Users\PC\.m2\repository\io\cucumber\cucumber-plugin\7.30.0\cucumber-plugin-7.30.0.jar;C:\Users\PC\.m2\repository\io\cucumber\docstring\7.30.0\docstring-7.30.0.jar;C:\Users\PC\.m2\repository\io\cucumber\html-formatter\21.15.1\html-formatter-21.15.1.jar;C:\Users\PC\.m2\repository\io\cucumber\junit-xml-formatter\0.9.0\junit-xml-formatter-0.9.0.jar;C:\Users\PC\.m2\repository\io\cucumber\ci-environment\10.0.1\ci-environment-10.0.1.jar;C:\Users\PC\.m2\repository\org\testng\testng\7.11.0\testng-7.11.0.jar;C:\Users\PC\.m2\repository\org\jcommander\jcommander\1.83\jcommander-1.83.jar;C:\Users\PC\.m2\repository\org\webjars\jquery\3.7.1\jquery-3.7.1.jar;C:\Users\PC\.m2\repository\io\cucumber\cucumber-java\7.30.0\cucumber-java-7.30.0.jar;C:\Users\PC\.m2\repository\io\cucumber\messages\29.0.1\messages-29.0.1.jar;C:\Users\PC\.m2\repository\junit\junit\4.13.2\junit-4.13.2.jar;C:\Users\PC\.m2\repository\org\hamcrest\hamcrest-core\1.3\hamcrest-core-1.3.jar;C:\Users\PC\.m2\repository\io\github\bonigarcia\webdrivermanager\6.1.0\webdrivermanager-6.1.0.jar;C:\Users\PC\.m2\repository\org\slf4j\slf4j-api\2.0.17\slf4j-api-2.0.17.jar;C:\Users\PC\.m2\repository\com\google\code\gson\gson\2.13.0\gson-2.13.0.jar;C:\Users\PC\.m2\repository\com\google\errorprone\error_prone_annotations\2.37.0\error_prone_annotations-2.37.0.jar;C:\Users\PC\.m2\repository\com\github\docker-java\docker-java\3.5.0\docker-java-3.5.0.jar;C:\Users\PC\.m2\repository\com\github\docker-java\docker-java-core\3.5.0\docker-java-core-3.5.0.jar;C:\Users\PC\.m2\repository\com\github\docker-java\docker-java-api\3.5.0\docker-java-api-3.5.0.jar;C:\Users\PC\.m2\repository\com\fasterxml\jackson\core\jackson-annotations\2.18.3\jackson-annotations-2.18.3.jar;C:\Users\PC\.m2\repository\com\fasterxml\jackson\core\jackson-databind\2.18.3\jackson-databind-2.18.3.jar;C:\Users\PC\.m2\repository\com\fasterxml\jackson\core\jackson-core\2.18.3\jackson-core-2.18.3.jar;C:\Users\PC\.m2\repository\org\slf4j\jcl-over-slf4j\1.7.30\jcl-over-slf4j-1.7.30.jar;C:\Users\PC\.m2\repository\com\github\docker-java\docker-java-transport-httpclient5\3.5.0\docker-java-transport-httpclient5-3.5.0.jar;C:\Users\PC\.m2\repository\com\github\docker-java\docker-java-transport\3.5.0\docker-java-transport-3.5.0.jar;C:\Users\PC\.m2\repository\net\java\dev\jna\jna\5.17.0\jna-5.17.0.jar;C:\Users\PC\.m2\repository\org\brotli\dec\0.1.2\dec-0.1.2.jar;C:\Users\PC\.m2\repository\org\apache\commons\commons-lang3\3.17.0\commons-lang3-3.17.0.jar;C:\Users\PC\.m2\repository\org\apache\commons\commons-compress\1.27.1\commons-compress-1.27.1.jar;C:\Users\PC\.m2\repository\commons-codec\commons-codec\1.17.1\commons-codec-1.17.1.jar;C:\Users\PC\.m2\repository\commons-io\commons-io\2.16.1\commons-io-2.16.1.jar;C:\Users\PC\.m2\repository\org\apache\httpcomponents\client5\httpclient5\5.4.3\httpclient5-5.4.3.jar;C:\Users\PC\.m2\repository\org\apache\httpcomponents\core5\httpcore5\5.3.4\httpcore5-5.3.4.jar;C:\Users\PC\.m2\repository\org\apache\httpcomponents\core5\httpcore5-h2\5.3.4\httpcore5-h2-5.3.4.jar;C:\Users\PC\.m2\repository\net\java\dev\jna\jna-platform\5.13.0\jna-platform-5.13.0.jar;C:\Users\PC\.m2\repository\org\seleniumhq\selenium\selenium-java\4.34.0\selenium-java-4.34.0.jar;C:\Users\PC\.m2\repository\org\seleniumhq\selenium\selenium-api\4.34.0\selenium-api-4.34.0.jar;C:\Users\PC\.m2\repository\org\jspecify\jspecify\1.0.0\jspecify-1.0.0.jar;C:\Users\PC\.m2\repository\org\seleniumhq\selenium\selenium-chrome-driver\4.34.0\selenium-chrome-driver-4.34.0.jar;C:\Users\PC\.m2\repository\com\google\auto\service\auto-service-annotations\1.1.1\auto-service-annotations-1.1.1.jar;C:\Users\PC\.m2\repository\org\seleniumhq\selenium\selenium-chromium-driver\4.34.0\selenium-chromium-driver-4.34.0.jar;C:\Users\PC\.m2\repository\org\seleniumhq\selenium\selenium-json\4.34.0\selenium-json-4.34.0.jar;C:\Users\PC\.m2\repository\org\seleniumhq\selenium\selenium-manager\4.34.0\selenium-manager-4.34.0.jar;C:\Users\PC\.m2\repository\org\seleniumhq\selenium\selenium-devtools-v136\4.34.0\selenium-devtools-v136-4.34.0.jar;C:\Users\PC\.m2\repository\org\seleniumhq\selenium\selenium-devtools-v137\4.34.0\selenium-devtools-v137-4.34.0.jar;C:\Users\PC\.m2\repository\org\seleniumhq\selenium\selenium-devtools-v138\4.34.0\selenium-devtools-v138-4.34.0.jar;C:\Users\PC\.m2\repository\org\seleniumhq\selenium\selenium-edge-driver\4.34.0\selenium-edge-driver-4.34.0.jar;C:\Users\PC\.m2\repository\org\seleniumhq\selenium\selenium-firefox-driver\4.34.0\selenium-firefox-driver-4.34.0.jar;C:\Users\PC\.m2\repository\org\seleniumhq\selenium\selenium-http\4.34.0\selenium-http-4.34.0.jar;C:\Users\PC\.m2\repository\org\seleniumhq\selenium\selenium-ie-driver\4.34.0\selenium-ie-driver-4.34.0.jar;C:\Users\PC\.m2\repository\org\seleniumhq\selenium\selenium-remote-driver\4.34.0\selenium-remote-driver-4.34.0.jar;C:\Users\PC\.m2\repository\com\google\guava\guava\33.4.8-jre\guava-33.4.8-jre.jar;C:\Users\PC\.m2\repository\com\google\guava\failureaccess\1.0.3\failureaccess-1.0.3.jar;C:\Users\PC\.m2\repository\com\google\guava\listenablefuture\9999.0-empty-to-avoid-conflict-with-guava\listenablefuture-9999.0-empty-to-avoid-conflict-with-guava.jar;C:\Users\PC\.m2\repository\com\google\j2objc\j2objc-annotations\3.0.0\j2objc-annotations-3.0.0.jar;C:\Users\PC\.m2\repository\io\opentelemetry\opentelemetry-api\1.51.0\opentelemetry-api-1.51.0.jar;C:\Users\PC\.m2\repository\io\opentelemetry\opentelemetry-context\1.51.0\opentelemetry-context-1.51.0.jar;C:\Users\PC\.m2\repository\io\opentelemetry\opentelemetry-exporter-logging\1.51.0\opentelemetry-exporter-logging-1.51.0.jar;C:\Users\PC\.m2\repository\io\opentelemetry\opentelemetry-sdk-common\1.51.0\opentelemetry-sdk-common-1.51.0.jar;C:\Users\PC\.m2\repository\io\opentelemetry\opentelemetry-sdk-extension-autoconfigure-spi\1.51.0\opentelemetry-sdk-extension-autoconfigure-spi-1.51.0.jar;C:\Users\PC\.m2\repository\io\opentelemetry\opentelemetry-sdk-extension-autoconfigure\1.51.0\opentelemetry-sdk-extension-autoconfigure-1.51.0.jar;C:\Users\PC\.m2\repository\io\opentelemetry\opentelemetry-sdk-trace\1.51.0\opentelemetry-sdk-trace-1.51.0.jar;C:\Users\PC\.m2\repository\io\opentelemetry\opentelemetry-sdk\1.51.0\opentelemetry-sdk-1.51.0.jar;C:\Users\PC\.m2\repository\io\opentelemetry\opentelemetry-sdk-metrics\1.51.0\opentelemetry-sdk-metrics-1.51.0.jar;C:\Users\PC\.m2\repository\io\opentelemetry\opentelemetry-sdk-logs\1.51.0\opentelemetry-sdk-logs-1.51.0.jar;C:\Users\PC\.m2\repository\net\bytebuddy\byte-buddy\1.17.6\byte-buddy-1.17.6.jar;C:\Users\PC\.m2\repository\org\seleniumhq\selenium\selenium-os\4.34.0\selenium-os-4.34.0.jar;C:\Users\PC\.m2\repository\org\apache\commons\commons-exec\1.5.0\commons-exec-1.5.0.jar;C:\Users\PC\.m2\repository\org\seleniumhq\selenium\selenium-safari-driver\4.34.0\selenium-safari-driver-4.34.0.jar;C:\Users\PC\.m2\repository\org\seleniumhq\selenium\selenium-support\4.34.0\selenium-support-4.34.0.jar
Launcher Type: SUN_STANDARD

[Global flags]
     intx CICompilerCount                          = 4                                         {product} {ergonomic}
     uint ConcGCThreads                            = 2                                         {product} {ergonomic}
     uint G1ConcRefinementThreads                  = 8                                         {product} {ergonomic}
   size_t G1HeapRegionSize                         = 1048576                                   {product} {ergonomic}
   size_t InitialHeapSize                          = 134217728                                 {product} {ergonomic}
   size_t MarkStackSize                            = 4194304                                   {product} {ergonomic}
   size_t MarkStackSizeMax                         = 536870912                                 {product} {ergonomic}
   size_t MaxHeapSize                              = 2122317824                                {product} {ergonomic}
   size_t MaxNewSize                               = 1272971264                                {product} {ergonomic}
   size_t MinHeapDeltaBytes                        = 1048576                                   {product} {ergonomic}
   size_t MinHeapSize                              = 8388608                                   {product} {ergonomic}
    uintx NonNMethodCodeHeapSize                   = 5832704                                {pd product} {ergonomic}
    uintx NonProfiledCodeHeapSize                  = 122945536                              {pd product} {ergonomic}
    uintx ProfiledCodeHeapSize                     = 122880000                              {pd product} {ergonomic}
    uintx ReservedCodeCacheSize                    = 251658240                              {pd product} {ergonomic}
     bool SegmentedCodeCache                       = true                                      {product} {ergonomic}
     bool ShowCodeDetailsInExceptionMessages       = true                                   {manageable} {command line}
   size_t SoftMaxHeapSize                          = 2122317824                             {manageable} {ergonomic}
     bool UseCompressedOops                        = true                           {product lp64_product} {ergonomic}
     bool UseG1GC                                  = true                                      {product} {ergonomic}
     bool UseLargePagesIndividualAllocation        = false                                  {pd product} {ergonomic}

Logging:
Log output configuration:
 #0: stdout all=warning uptime,level,tags foldmultilines=false
 #1: stderr all=off uptime,level,tags foldmultilines=false

Environment Variables:
JAVA_HOME=C:\Program Files\Java\jdk-21\bin
PATH=C:/Users/PC/.p2/pool/plugins/org.eclipse.justj.openjdk.hotspot.jre.full.win32.x86_64_21.0.8.v20250724-1412/jre/bin/server;C:/Users/PC/.p2/pool/plugins/org.eclipse.justj.openjdk.hotspot.jre.full.win32.x86_64_21.0.8.v20250724-1412/jre/bin;C:\Program Files (x86)\Common Files\Oracle\Java\javapath;C:\WINDOWS\system32;C:\WINDOWS;C:\WINDOWS\System32\Wbem;C:\WINDOWS\System32\WindowsPowerShell\v1.0\;C:\WINDOWS\System32\OpenSSH\;C:\Program Files\dotnet\;C:\Program Files (x86)\Intel\Intel(R) Management Engine Components\DAL;C:\Program Files\Intel\Intel(R) Management Engine Components\DAL;C:\Program Files\Intel\WiFi\bin\;C:\Program Files\Common Files\Intel\WirelessCommon\;C:\Program Files\Microsoft SQL Server\150\Tools\Binn\;C:\Program Files\Java\jdk-21\bin;C:\Program Files\Git\cmd;C:\Users\PC\Downloads\apache-maven-3.9.11-bin\apache-maven-3.9.11\bin;C:\Program Files\Nodejs;C:\Program Files (x86)\VMware\VMware Player\bin\;C:\Windows\system32;C:\Windows;C:\Windows\System32\Wbem;C:\Windows\System32\WindowsPowerShell\v1.0\;C:\Windows\System32\OpenSSH\;C:\Program Files\dotnet\;C:\Program Files (x86)\Intel\Intel(R) Management Engine Components\DAL;C:\Program Files\Intel\Intel(R) Management Engine Components\DAL;C:\Program Files\nodejs\;C:\Users\PC\AppData\Local\Programs\Python\Python311\Scripts\;C:\Users\PC\AppData\Local\Programs\Python\Python311\;C:\Users\PC\AppData\Local\Microsoft\WindowsApps;C:\Users\PC\AppData\Local\Programs\Microsoft VS Code\bin;C:\Program Files\nodejs;C:\MinGW\bin;C:\Users\PC\.dotnet\tools;C:\Users\PC\AppData\Local\Microsoft\WindowsApps;;C:\WINDOWS\system32;
USERNAME=PC
OS=Windows_NT
PROCESSOR_IDENTIFIER=Intel64 Family 6 Model 142 Stepping 10, GenuineIntel
TMP=C:\Users\PC\AppData\Local\Temp
TEMP=C:\Users\PC\AppData\Local\Temp




Periodic native trim disabled

---------------  S Y S T E M  ---------------

OS:
 Windows 10 , 64 bit Build 19041 (10.0.19041.5915)
OS uptime: 0 days 1:48 hours
Hyper-V role detected

CPU: total 8 (initial active 8) (4 cores per cpu, 2 threads per core) family 6 model 142 stepping 10 microcode 0xf0, cx8, cmov, fxsr, ht, mmx, 3dnowpref, sse, sse2, sse3, ssse3, sse4.1, sse4.2, popcnt, lzcnt, tsc, tscinvbit, avx, avx2, aes, erms, clmul, bmi1, bmi2, adx, fma, vzeroupper, clflush, clflushopt, hv, rdtscp, f16c
Processor Information for the first 8 processors :
  Max Mhz: 1992, Current Mhz: 1792, Mhz Limit: 1792

Memory: 4k page, system-wide physical 8089M (959M free)
TotalPageFile size 10137M (AvailPageFile size 131M)
current process WorkingSet (physical memory assigned to process): 151M, peak: 183M
current process commit charge ("private bytes"): 212M, peak: 292M

vm_info: Java HotSpot(TM) 64-Bit Server VM (24.0.2+12-54) for windows-amd64 JRE (24.0.2+12-54), built on 2025-07-08T12:10:27Z with MS VC++ 17.6 (VS2022)

END.
