#
# There is insufficient memory for the Java Runtime Environment to continue.
# Native memory allocation (malloc) failed to allocate 1773840 bytes. Error detail: Chunk::new
# Possible reasons:
#   The system is out of physical RAM or swap space
#   This process is running with CompressedOops enabled, and the Java Heap may be blocking the growth of the native heap
# Possible solutions:
#   Reduce memory load on the system
#   Increase physical memory or swap space
#   Check if swap backing store is full
#   Decrease Java heap size (-Xmx/-Xms)
#   Decrease number of Java threads
#   Decrease Java thread stack sizes (-Xss)
#   Set larger code cache with -XX:ReservedCodeCacheSize=
#   JVM is running with Unscaled Compressed Oops mode in which the Java heap is
#     placed in the first 4GB address space. The Java Heap base address is the
#     maximum limit for the native heap growth. Please use -XX:HeapBaseMinAddress
#     to set the Java Heap base and to place the Java Heap above 4GB virtual address.
# This output file may be truncated or incomplete.
#
#  Out of Memory Error (arena.cpp:162), pid=16836, tid=16440
#
# JRE version: Java(TM) SE Runtime Environment (24.0.2+12) (build 24.0.2+12-54)
# Java VM: Java HotSpot(TM) 64-Bit Server VM (24.0.2+12-54, mixed mode, sharing, tiered, compressed oops, compressed class ptrs, g1 gc, windows-amd64)
# No core dump will be written. Minidumps are not enabled by default on client versions of Windows
#

---------------  S U M M A R Y ------------

Command Line: -ea -Dfile.encoding=UTF-8 -Dstdout.encoding=UTF-8 -Dstderr.encoding=UTF-8 -XX:+ShowCodeDetailsInExceptionMessages org.testng.remote.RemoteTestNG -serport 50303 -protocol json -d C:\Users\PC\git\cucumberframewokrepository\Cucumberframework\test-output C:\Users\PC\AppData\Local\Temp\testng-eclipse-1284537924\testng-customsuite.xml

Host: Intel(R) Core(TM) i7-8550U CPU @ 1.80GHz, 8 cores, 7G,  Windows 10 , 64 bit Build 19041 (10.0.19041.5915)
Time: Fri Oct 17 07:41:30 2025 India Standard Time elapsed time: 11.784439 seconds (0d 0h 0m 11s)

---------------  T H R E A D  ---------------

Current thread (0x000001d1fc8bc190):  JavaThread "C2 CompilerThread0" daemon [_thread_in_native, id=16440, stack(0x0000005826700000,0x0000005826800000) (1024K)]


Current CompileTask:
C2:11784 3651       4       jdk.internal.classfile.impl.AttributeHolder::withAttribute (124 bytes)

Stack: [0x0000005826700000,0x0000005826800000]
Native frames: (J=compiled Java code, j=interpreted, Vv=VM code, C=native code)
V  [jvm.dll+0x730829]  (no source info available)
V  [jvm.dll+0x8d9da3]  (no source info available)
V  [jvm.dll+0x8dc28d]  (no source info available)
V  [jvm.dll+0x8dc903]  (no source info available)
V  [jvm.dll+0x2a9f56]  (no source info available)
V  [jvm.dll+0xced7f]  (no source info available)
V  [jvm.dll+0xcefdf]  (no source info available)
V  [jvm.dll+0x154c83]  (no source info available)
V  [jvm.dll+0x73604f]  (no source info available)
V  [jvm.dll+0x26f8dc]  (no source info available)
V  [jvm.dll+0x26e8ff]  (no source info available)
V  [jvm.dll+0x1e9c90]  (no source info available)
V  [jvm.dll+0x27e0cb]  (no source info available)
V  [jvm.dll+0x27c36a]  (no source info available)
V  [jvm.dll+0x42f396]  (no source info available)
V  [jvm.dll+0x87d9eb]  (no source info available)
V  [jvm.dll+0x72ef45]  (no source info available)
C  [ucrtbase.dll+0x21bb2]  (no source info available)
C  [KERNEL32.DLL+0x17374]  (no source info available)
C  [ntdll.dll+0x4cc91]  (no source info available)

Lock stack of current Java thread (top to bottom):


---------------  P R O C E S S  ---------------

Threads class SMR info:
_java_thread_list=0x000001d1d5bd6490, length=29, elements={
0x000001d1ec8fc9d0, 0x000001d1fc8b2930, 0x000001d1fc8b4080, 0x000001d1fc8b5af0,
0x000001d1fc8b6970, 0x000001d1fc8b74a0, 0x000001d1fc8b7fd0, 0x000001d1fc8bc190,
0x000001d1fc8bd4b0, 0x000001d1d407bfa0, 0x000001d1d40a49c0, 0x000001d1d4da0810,
0x000001d1d52a5800, 0x000001d1d40a7b70, 0x000001d1d518c050, 0x000001d1d518d7a0,
0x000001d1d5c1e620, 0x000001d1d5c1ded0, 0x000001d1d5c1ed70, 0x000001d1d5c1f4c0,
0x000001d1d5c1fc10, 0x000001d1d5c20360, 0x000001d1d5c1d030, 0x000001d1d5c1d780,
0x000001d1d4167170, 0x000001d1d4165b80, 0x000001d1d41662d0, 0x000001d1d41678c0,
0x000001d1d4164590
}

Java Threads: ( => current thread )
  0x000001d1ec8fc9d0 JavaThread "main"                              [_thread_in_vm, id=7720, stack(0x0000005825900000,0x0000005825a00000) (1024K)]
  0x000001d1fc8b2930 JavaThread "Reference Handler"          daemon [_thread_blocked, id=10508, stack(0x0000005826100000,0x0000005826200000) (1024K)]
  0x000001d1fc8b4080 JavaThread "Finalizer"                  daemon [_thread_blocked, id=15684, stack(0x0000005826200000,0x0000005826300000) (1024K)]
  0x000001d1fc8b5af0 JavaThread "Signal Dispatcher"          daemon [_thread_blocked, id=16604, stack(0x0000005826300000,0x0000005826400000) (1024K)]
  0x000001d1fc8b6970 JavaThread "Attach Listener"            daemon [_thread_blocked, id=16636, stack(0x0000005826400000,0x0000005826500000) (1024K)]
  0x000001d1fc8b74a0 JavaThread "Service Thread"             daemon [_thread_blocked, id=4868, stack(0x0000005826500000,0x0000005826600000) (1024K)]
  0x000001d1fc8b7fd0 JavaThread "Monitor Deflation Thread"   daemon [_thread_blocked, id=5748, stack(0x0000005826600000,0x0000005826700000) (1024K)]
=>0x000001d1fc8bc190 JavaThread "C2 CompilerThread0"         daemon [_thread_in_native, id=16440, stack(0x0000005826700000,0x0000005826800000) (1024K)]
  0x000001d1fc8bd4b0 JavaThread "C1 CompilerThread0"         daemon [_thread_blocked, id=15432, stack(0x0000005826800000,0x0000005826900000) (1024K)]
  0x000001d1d407bfa0 JavaThread "Notification Thread"        daemon [_thread_blocked, id=10300, stack(0x0000005826900000,0x0000005826a00000) (1024K)]
  0x000001d1d40a49c0 JavaThread "Common-Cleaner"             daemon [_thread_blocked, id=6628, stack(0x0000005826a00000,0x0000005826b00000) (1024K)]
  0x000001d1d4da0810 JavaThread "ReaderThread"                      [_thread_in_native, id=8632, stack(0x0000005826d00000,0x0000005826e00000) (1024K)]
  0x000001d1d52a5800 JavaThread "ForkJoinPool.commonPool-worker-1" daemon [_thread_blocked, id=14892, stack(0x0000005827600000,0x0000005827700000) (1024K)]
  0x000001d1d40a7b70 JavaThread "HttpClient-1-SelectorManager" daemon [_thread_in_native, id=15636, stack(0x0000005827700000,0x0000005827800000) (1024K)]
  0x000001d1d518c050 JavaThread "External Process Output Forwarder - C:\Users\PC\.cache\selenium\chromedriver\win64\141.0.7390.78\chromedriver.exe" daemon [_thread_in_native, id=13336, stack(0x0000005827800000,0x0000005827900000) (1024K)]
  0x000001d1d518d7a0 JavaThread "Driver Service Executor"    daemon [_thread_blocked, id=10060, stack(0x0000005827900000,0x0000005827a00000) (1024K)]
  0x000001d1d5c1e620 JavaThread "Driver Service Executor"    daemon [_thread_in_native, id=17380, stack(0x0000005827a00000,0x0000005827b00000) (1024K)]
  0x000001d1d5c1ded0 JavaThread "UrlChecker-2"               daemon [_thread_blocked, id=16320, stack(0x0000005827b00000,0x0000005827c00000) (1024K)]
  0x000001d1d5c1ed70 JavaThread "Keep-Alive-Timer"           daemon [_thread_blocked, id=17252, stack(0x0000005827c00000,0x0000005827d00000) (1024K)]
  0x000001d1d5c1f4c0 JavaThread "JdkHttpClient-0-0"          daemon [_thread_blocked, id=7048, stack(0x0000005827400000,0x0000005827500000) (1024K)]
  0x000001d1d5c1fc10 JavaThread "CompletableFutureDelayScheduler" daemon [_thread_blocked, id=5820, stack(0x0000005827d00000,0x0000005827e00000) (1024K)]
  0x000001d1d5c20360 JavaThread "JdkHttpClient-0-1"          daemon [_thread_blocked, id=16776, stack(0x0000005827e00000,0x0000005827f00000) (1024K)]
  0x000001d1d5c1d030 JavaThread "JdkHttpClient-0-2"          daemon [_thread_blocked, id=15960, stack(0x0000005827f00000,0x0000005828000000) (1024K)]
  0x000001d1d5c1d780 JavaThread "JdkHttpClient-0-3"          daemon [_thread_blocked, id=16136, stack(0x0000005828000000,0x0000005828100000) (1024K)]
  0x000001d1d4167170 JavaThread "HttpClient-2-SelectorManager" daemon [_thread_in_native, id=17288, stack(0x0000005828100000,0x0000005828200000) (1024K)]
  0x000001d1d4165b80 JavaThread "JdkHttpClient-1-0"          daemon [_thread_blocked, id=8516, stack(0x0000005828200000,0x0000005828300000) (1024K)]
  0x000001d1d41662d0 JavaThread "JdkHttpClient-1-1"          daemon [_thread_blocked, id=11260, stack(0x0000005828300000,0x0000005828400000) (1024K)]
  0x000001d1d41678c0 JavaThread "JdkHttpClient-1-2"          daemon [_thread_blocked, id=10232, stack(0x0000005828400000,0x0000005828500000) (1024K)]
  0x000001d1d4164590 JavaThread "JdkHttpClient-1-3"          daemon [_thread_blocked, id=3316, stack(0x0000005828500000,0x0000005828600000) (1024K)]
Total: 29

Other Threads:
  0x000001d1fc8a1cf0 VMThread "VM Thread"                           [id=17044, stack(0x0000005826000000,0x0000005826100000) (1024K)]
  0x000001d1fc88f560 WatcherThread "VM Periodic Task Thread"        [id=11944, stack(0x0000005825f00000,0x0000005826000000) (1024K)]
  0x000001d1eeb57320 WorkerThread "GC Thread#0"                     [id=3212, stack(0x0000005825a00000,0x0000005825b00000) (1024K)]
  0x000001d1d4fef6c0 WorkerThread "GC Thread#1"                     [id=3576, stack(0x0000005826b00000,0x0000005826c00000) (1024K)]
  0x000001d1d4fefa70 WorkerThread "GC Thread#2"                     [id=10316, stack(0x0000005826e00000,0x0000005826f00000) (1024K)]
  0x000001d1d4fefe20 WorkerThread "GC Thread#3"                     [id=14408, stack(0x0000005826f00000,0x0000005827000000) (1024K)]
  0x000001d1d53d0950 WorkerThread "GC Thread#4"                     [id=9280, stack(0x0000005827000000,0x0000005827100000) (1024K)]
  0x000001d1d53d0d00 WorkerThread "GC Thread#5"                     [id=5916, stack(0x0000005827100000,0x0000005827200000) (1024K)]
  0x000001d1d53dd0d0 WorkerThread "GC Thread#6"                     [id=10956, stack(0x0000005827200000,0x0000005827300000) (1024K)]
  0x000001d1d53dd480 WorkerThread "GC Thread#7"                     [id=1140, stack(0x0000005827300000,0x0000005827400000) (1024K)]
  0x000001d1eeb6c7e0 ConcurrentGCThread "G1 Main Marker"            [id=15440, stack(0x0000005825b00000,0x0000005825c00000) (1024K)]
  0x000001d1eeb6d200 WorkerThread "G1 Conc#0"                       [id=15260, stack(0x0000005825c00000,0x0000005825d00000) (1024K)]
  0x000001d1d50de410 WorkerThread "G1 Conc#1"                       [id=10416, stack(0x0000005827500000,0x0000005827600000) (1024K)]
  0x000001d1eebbe7f0 ConcurrentGCThread "G1 Refine#0"               [id=17356, stack(0x0000005825d00000,0x0000005825e00000) (1024K)]
  0x000001d1fc757580 ConcurrentGCThread "G1 Service"                [id=17312, stack(0x0000005825e00000,0x0000005825f00000) (1024K)]
Total: 15

Threads with active compile tasks:
C2 CompilerThread0  12012 3651       4       jdk.internal.classfile.impl.AttributeHolder::withAttribute (124 bytes)
C1 CompilerThread0  12012 3724       3       java.util.regex.CharPredicates$$Lambda/0x000001d19026c3f0::is (9 bytes)
Total: 2

VM state: not at safepoint (normal execution)

VM Mutex/Monitor currently owned by a thread: None

Heap address: 0x0000000081800000, size: 2024 MB, Compressed Oops mode: 32-bit

CDS archive(s) mapped at: [0x000001d18f000000-0x000001d18fd40000-0x000001d18fd40000), size 13893632, SharedBaseAddress: 0x000001d18f000000, ArchiveRelocationMode: 1.
Compressed class space mapped at: 0x000001d190000000-0x000001d1d0000000, reserved size: 1073741824
UseCompressedClassPointers 1, UseCompactObjectHeaders 0
Narrow klass pointer bits 32, Max shift 3
Narrow klass base: 0x000001d18f000000, Narrow klass shift: 0
Encoding Range: [0x000001d18f000000 - 0x000001d28f000000), (4294967296 bytes)
Klass Range:    [0x000001d18f000000 - 0x000001d1d0000000), (1090519040 bytes)
Klass ID Range:  [8 - 1090519033) (1090519025)

GC Precious Log:
 CardTable entry size: 512
 Card Set container configuration: InlinePtr #cards 5 size 8 Array Of Cards #cards 10 size 36 Howl #buckets 4 coarsen threshold 1843 Howl Bitmap #cards 512 size 80 coarsen threshold 460 Card regions per heap region 1 cards per card region 2048
 CPUs: 8 total, 8 available
 Memory: 8089M
 Large Page Support: Disabled
 NUMA Support: Disabled
 Compressed Oops: Enabled (32-bit)
 Heap Region Size: 1M
 Heap Min Capacity: 8M
 Heap Initial Capacity: 128M
 Heap Max Capacity: 2024M
 Pre-touch: Disabled
 Parallel Workers: 8
 Concurrent Workers: 2
 Concurrent Refinement Workers: 8
 Periodic GC: Disabled

Heap:
 garbage-first heap   total reserved 2072576K, committed 68608K, used 47567K [0x0000000081800000, 0x0000000100000000)
  region size 1024K, 31 young (31744K), 2 survivors (2048K)
 Metaspace       used 26947K, committed 27264K, reserved 1114112K
  class space    used 2807K, committed 2944K, reserved 1048576K

Heap Regions: E=young(eden), S=young(survivor), O=old, HS=humongous(starts), HC=humongous(continues), CS=collection set, F=free, TAMS=top-at-mark-start, PB=parsable bottom
|   0|0x0000000081800000, 0x0000000081900000, 0x0000000081900000|100%|HS|  |TAMS 0x0000000081800000| PB 0x0000000081800000| Complete |  0
|   1|0x0000000081900000, 0x0000000081a00000, 0x0000000081a00000|100%| O|  |TAMS 0x0000000081900000| PB 0x0000000081900000| Untracked |  0
|   2|0x0000000081a00000, 0x0000000081b00000, 0x0000000081b00000|100%| O|  |TAMS 0x0000000081a00000| PB 0x0000000081a00000| Untracked |  0
|   3|0x0000000081b00000, 0x0000000081c00000, 0x0000000081c00000|100%| O|  |TAMS 0x0000000081b00000| PB 0x0000000081b00000| Untracked |  0
|   4|0x0000000081c00000, 0x0000000081d00000, 0x0000000081d00000|100%| O|  |TAMS 0x0000000081c00000| PB 0x0000000081c00000| Untracked |  0
|   5|0x0000000081d00000, 0x0000000081e00000, 0x0000000081e00000|100%| O|  |TAMS 0x0000000081d00000| PB 0x0000000081d00000| Untracked |  0
|   6|0x0000000081e00000, 0x0000000081f00000, 0x0000000081f00000|100%| O|  |TAMS 0x0000000081e00000| PB 0x0000000081e00000| Untracked |  0
|   7|0x0000000081f00000, 0x0000000082000000, 0x0000000082000000|100%| O|  |TAMS 0x0000000081f00000| PB 0x0000000081f00000| Untracked |  0
|   8|0x0000000082000000, 0x0000000082100000, 0x0000000082100000|100%| O|  |TAMS 0x0000000082000000| PB 0x0000000082000000| Untracked |  0
|   9|0x0000000082100000, 0x0000000082200000, 0x0000000082200000|100%| O|  |TAMS 0x0000000082100000| PB 0x0000000082100000| Untracked |  0
|  10|0x0000000082200000, 0x0000000082300000, 0x0000000082300000|100%| O|  |TAMS 0x0000000082200000| PB 0x0000000082200000| Untracked |  0
|  11|0x0000000082300000, 0x0000000082400000, 0x0000000082400000|100%| O|  |TAMS 0x0000000082300000| PB 0x0000000082300000| Untracked |  0
|  12|0x0000000082400000, 0x0000000082500000, 0x0000000082500000|100%| O|  |TAMS 0x0000000082400000| PB 0x0000000082400000| Untracked |  0
|  13|0x0000000082500000, 0x0000000082600000, 0x0000000082600000|100%| O|  |TAMS 0x0000000082500000| PB 0x0000000082500000| Untracked |  0
|  14|0x0000000082600000, 0x0000000082700000, 0x0000000082700000|100%| O|  |TAMS 0x0000000082600000| PB 0x0000000082600000| Untracked |  0
|  15|0x0000000082700000, 0x0000000082800000, 0x0000000082800000|100%| O|  |TAMS 0x0000000082700000| PB 0x0000000082700000| Untracked |  0
|  16|0x0000000082800000, 0x0000000082800000, 0x0000000082900000|  0%| F|  |TAMS 0x0000000082800000| PB 0x0000000082800000| Untracked |  0
|  17|0x0000000082900000, 0x0000000082900000, 0x0000000082a00000|  0%| F|  |TAMS 0x0000000082900000| PB 0x0000000082900000| Untracked |  0
|  18|0x0000000082a00000, 0x0000000082a00000, 0x0000000082b00000|  0%| F|  |TAMS 0x0000000082a00000| PB 0x0000000082a00000| Untracked |  0
|  19|0x0000000082b00000, 0x0000000082b00000, 0x0000000082c00000|  0%| F|  |TAMS 0x0000000082b00000| PB 0x0000000082b00000| Untracked |  0
|  20|0x0000000082c00000, 0x0000000082c00000, 0x0000000082d00000|  0%| F|  |TAMS 0x0000000082c00000| PB 0x0000000082c00000| Untracked |  0
|  21|0x0000000082d00000, 0x0000000082d00000, 0x0000000082e00000|  0%| F|  |TAMS 0x0000000082d00000| PB 0x0000000082d00000| Untracked |  0
|  22|0x0000000082e00000, 0x0000000082e00000, 0x0000000082f00000|  0%| F|  |TAMS 0x0000000082e00000| PB 0x0000000082e00000| Untracked |  0
|  23|0x0000000082f00000, 0x0000000082f00000, 0x0000000083000000|  0%| F|  |TAMS 0x0000000082f00000| PB 0x0000000082f00000| Untracked |  0
|  24|0x0000000083000000, 0x0000000083000000, 0x0000000083100000|  0%| F|  |TAMS 0x0000000083000000| PB 0x0000000083000000| Untracked |  0
|  25|0x0000000083100000, 0x0000000083100000, 0x0000000083200000|  0%| F|  |TAMS 0x0000000083100000| PB 0x0000000083100000| Untracked |  0
|  26|0x0000000083200000, 0x0000000083200000, 0x0000000083300000|  0%| F|  |TAMS 0x0000000083200000| PB 0x0000000083200000| Untracked |  0
|  27|0x0000000083300000, 0x0000000083300000, 0x0000000083400000|  0%| F|  |TAMS 0x0000000083300000| PB 0x0000000083300000| Untracked |  0
|  28|0x0000000083400000, 0x0000000083400000, 0x0000000083500000|  0%| F|  |TAMS 0x0000000083400000| PB 0x0000000083400000| Untracked |  0
|  29|0x0000000083500000, 0x0000000083500000, 0x0000000083600000|  0%| F|  |TAMS 0x0000000083500000| PB 0x0000000083500000| Untracked |  0
|  30|0x0000000083600000, 0x0000000083600000, 0x0000000083700000|  0%| F|  |TAMS 0x0000000083600000| PB 0x0000000083600000| Untracked |  0
|  31|0x0000000083700000, 0x0000000083700000, 0x0000000083800000|  0%| F|  |TAMS 0x0000000083700000| PB 0x0000000083700000| Untracked |  0
|  32|0x0000000083800000, 0x0000000083800000, 0x0000000083900000|  0%| F|  |TAMS 0x0000000083800000| PB 0x0000000083800000| Untracked |  0
|  33|0x0000000083900000, 0x0000000083900000, 0x0000000083a00000|  0%| F|  |TAMS 0x0000000083900000| PB 0x0000000083900000| Untracked |  0
|  34|0x0000000083a00000, 0x0000000083b00000, 0x0000000083b00000|100%| E|  |TAMS 0x0000000083a00000| PB 0x0000000083a00000| Complete |  0
|  35|0x0000000083b00000, 0x0000000083c00000, 0x0000000083c00000|100%| E|CS|TAMS 0x0000000083b00000| PB 0x0000000083b00000| Complete |  0
|  36|0x0000000083c00000, 0x0000000083d00000, 0x0000000083d00000|100%| E|CS|TAMS 0x0000000083c00000| PB 0x0000000083c00000| Complete |  0
|  37|0x0000000083d00000, 0x0000000083e00000, 0x0000000083e00000|100%| E|CS|TAMS 0x0000000083d00000| PB 0x0000000083d00000| Complete |  0
|  38|0x0000000083e00000, 0x0000000083f00000, 0x0000000083f00000|100%| E|CS|TAMS 0x0000000083e00000| PB 0x0000000083e00000| Complete |  0
|  39|0x0000000083f00000, 0x0000000084000000, 0x0000000084000000|100%| E|CS|TAMS 0x0000000083f00000| PB 0x0000000083f00000| Complete |  0
|  40|0x0000000084000000, 0x0000000084100000, 0x0000000084100000|100%| E|CS|TAMS 0x0000000084000000| PB 0x0000000084000000| Complete |  0
|  41|0x0000000084100000, 0x0000000084200000, 0x0000000084200000|100%| E|CS|TAMS 0x0000000084100000| PB 0x0000000084100000| Complete |  0
|  42|0x0000000084200000, 0x0000000084300000, 0x0000000084300000|100%| E|CS|TAMS 0x0000000084200000| PB 0x0000000084200000| Complete |  0
|  43|0x0000000084300000, 0x0000000084400000, 0x0000000084400000|100%| E|CS|TAMS 0x0000000084300000| PB 0x0000000084300000| Complete |  0
|  44|0x0000000084400000, 0x0000000084500000, 0x0000000084500000|100%| E|CS|TAMS 0x0000000084400000| PB 0x0000000084400000| Complete |  0
|  45|0x0000000084500000, 0x0000000084600000, 0x0000000084600000|100%| E|CS|TAMS 0x0000000084500000| PB 0x0000000084500000| Complete |  0
|  46|0x0000000084600000, 0x0000000084700000, 0x0000000084700000|100%| E|CS|TAMS 0x0000000084600000| PB 0x0000000084600000| Complete |  0
|  47|0x0000000084700000, 0x0000000084800000, 0x0000000084800000|100%| E|CS|TAMS 0x0000000084700000| PB 0x0000000084700000| Complete |  0
|  48|0x0000000084800000, 0x0000000084900000, 0x0000000084900000|100%| E|CS|TAMS 0x0000000084800000| PB 0x0000000084800000| Complete |  0
|  49|0x0000000084900000, 0x0000000084a00000, 0x0000000084a00000|100%| E|CS|TAMS 0x0000000084900000| PB 0x0000000084900000| Complete |  0
|  50|0x0000000084a00000, 0x0000000084b00000, 0x0000000084b00000|100%| E|CS|TAMS 0x0000000084a00000| PB 0x0000000084a00000| Complete |  0
|  51|0x0000000084b00000, 0x0000000084c00000, 0x0000000084c00000|100%| E|CS|TAMS 0x0000000084b00000| PB 0x0000000084b00000| Complete |  0
|  52|0x0000000084c00000, 0x0000000084d00000, 0x0000000084d00000|100%| E|CS|TAMS 0x0000000084c00000| PB 0x0000000084c00000| Complete |  0
|  53|0x0000000084d00000, 0x0000000084e00000, 0x0000000084e00000|100%| E|CS|TAMS 0x0000000084d00000| PB 0x0000000084d00000| Complete |  0
|  54|0x0000000084e00000, 0x0000000084f00000, 0x0000000084f00000|100%| E|CS|TAMS 0x0000000084e00000| PB 0x0000000084e00000| Complete |  0
|  55|0x0000000084f00000, 0x0000000085000000, 0x0000000085000000|100%| E|CS|TAMS 0x0000000084f00000| PB 0x0000000084f00000| Complete |  0
|  56|0x0000000085000000, 0x0000000085100000, 0x0000000085100000|100%| E|CS|TAMS 0x0000000085000000| PB 0x0000000085000000| Complete |  0
|  57|0x0000000085100000, 0x0000000085200000, 0x0000000085200000|100%| E|CS|TAMS 0x0000000085100000| PB 0x0000000085100000| Complete |  0
|  58|0x0000000085200000, 0x0000000085300000, 0x0000000085300000|100%| E|CS|TAMS 0x0000000085200000| PB 0x0000000085200000| Complete |  0
|  59|0x0000000085300000, 0x0000000085400000, 0x0000000085400000|100%| E|CS|TAMS 0x0000000085300000| PB 0x0000000085300000| Complete |  0
|  60|0x0000000085400000, 0x0000000085500000, 0x0000000085500000|100%| E|CS|TAMS 0x0000000085400000| PB 0x0000000085400000| Complete |  0
|  61|0x0000000085500000, 0x0000000085600000, 0x0000000085600000|100%| E|CS|TAMS 0x0000000085500000| PB 0x0000000085500000| Complete |  0
| 123|0x0000000089300000, 0x0000000089356a58, 0x0000000089400000| 33%| S|CS|TAMS 0x0000000089300000| PB 0x0000000089300000| Complete |  0
| 124|0x0000000089400000, 0x0000000089500000, 0x0000000089500000|100%| S|CS|TAMS 0x0000000089400000| PB 0x0000000089400000| Complete |  0
| 127|0x0000000089700000, 0x0000000089800000, 0x0000000089800000|100%| E|CS|TAMS 0x0000000089700000| PB 0x0000000089700000| Complete |  0
|2022|0x00000000ffe00000, 0x00000000fff00000, 0x00000000fff00000|100%| O|  |TAMS 0x00000000ffe00000| PB 0x00000000ffe00000| Untracked |  0
|2023|0x00000000fff00000, 0x00000000fff1d248, 0x0000000100000000| 11%| O|Cm|TAMS 0x00000000fff00000| PB 0x00000000fff00000| Complete |  0

Card table byte_map: [0x000001d1f7ad0000,0x000001d1f7ed0000] _byte_map_base: 0x000001d1f76c4000

Marking Bits: (CMBitMap*) 0x000001d1eeb57940
 Bits: [0x000001d1f7ed0000, 0x000001d1f9e70000)

Polling page: 0x000001d1ec880000

Metaspace:

Usage:
  Non-class:     23.58 MB used.
      Class:      2.74 MB used.
       Both:     26.32 MB used.

Virtual space:
  Non-class space:       64.00 MB reserved,      23.81 MB ( 37%) committed,  1 nodes.
      Class space:        1.00 GB reserved,       2.88 MB ( <1%) committed,  1 nodes.
             Both:        1.06 GB reserved,      26.69 MB (  2%) committed. 

Chunk freelists:
   Non-Class:  7.51 MB
       Class:  13.08 MB
        Both:  20.59 MB

MaxMetaspaceSize: unlimited
CompressedClassSpaceSize: 1.00 GB
Initial GC threshold: 21.00 MB
Current GC threshold: 35.31 MB
CDS: on
 - commit_granule_bytes: 65536.
 - commit_granule_words: 8192.
 - virtual_space_node_default_size: 8388608.
 - enlarge_chunks_in_place: 1.
UseCompressedClassPointers 1, UseCompactObjectHeaders 0
Narrow klass pointer bits 32, Max shift 3
Narrow klass base: 0x000001d18f000000, Narrow klass shift: 0
Encoding Range: [0x000001d18f000000 - 0x000001d28f000000), (4294967296 bytes)
Klass Range:    [0x000001d18f000000 - 0x000001d1d0000000), (1090519040 bytes)
Klass ID Range:  [8 - 1090519033) (1090519025)


Internal statistics:

num_allocs_failed_limit: 3.
num_arena_births: 374.
num_arena_deaths: 0.
num_vsnodes_births: 2.
num_vsnodes_deaths: 0.
num_space_committed: 427.
num_space_uncommitted: 0.
num_chunks_returned_to_freelist: 3.
num_chunks_taken_from_freelist: 1166.
num_chunk_merges: 0.
num_chunk_splits: 741.
num_chunks_enlarged: 530.
num_inconsistent_stats: 0.

CodeHeap 'non-profiled nmethods': size=120064Kb used=1300Kb max_used=1300Kb free=118763Kb
 bounds [0x000001d187ac0000, 0x000001d187d30000, 0x000001d18f000000]
CodeHeap 'profiled nmethods': size=120000Kb used=6436Kb max_used=6436Kb free=113563Kb
 bounds [0x000001d180000000, 0x000001d180650000, 0x000001d187530000]
CodeHeap 'non-nmethods': size=5696Kb used=1457Kb max_used=1482Kb free=4239Kb
 bounds [0x000001d187530000, 0x000001d1877a0000, 0x000001d187ac0000]
CodeCache: size=245760Kb, used=9193Kb, max_used=9218Kb, free=236565Kb
 total_blobs=4338, nmethods=3723, adapters=519, full_count=0
Compilation: enabled, stopped_count=0, restarted_count=0

Compilation events (20 events):
Event: 11.709 Thread 0x000001d1fc8bd4b0 nmethod 3646 0x000001d180624788 code [0x000001d1806248c0, 0x000001d180624bd0]
Event: 11.711 Thread 0x000001d1fc8bd4b0 3647       3       org.openqa.selenium.json.JsonTypeCoercer$$Lambda/0x000001d19029f778::test (12 bytes)
Event: 11.712 Thread 0x000001d1fc8bd4b0 nmethod 3647 0x000001d180624c08 code [0x000001d180624d40, 0x000001d180625090]
Event: 11.712 Thread 0x000001d1fc8bd4b0 3648       3       org.openqa.selenium.json.JsonTypeCoercer::lambda$buildCoercer$4 (9 bytes)
Event: 11.712 Thread 0x000001d1fc8bd4b0 nmethod 3648 0x000001d180625108 code [0x000001d180625240, 0x000001d180625438]
Event: 11.712 Thread 0x000001d1fc8bd4b0 3649       3       org.openqa.selenium.json.StaticInitializerCoercer$$Lambda/0x000001d1902a4df0::test (8 bytes)
Event: 11.712 Thread 0x000001d1fc8bd4b0 nmethod 3649 0x000001d180625488 code [0x000001d1806255c0, 0x000001d180625948]
Event: 11.720 Thread 0x000001d1fc8bc190 3650   !   4       sun.invoke.util.VerifyAccess::ensureTypeVisible (99 bytes)
Event: 11.731 Thread 0x000001d1fc8bc190 nmethod 3650 0x000001d187c04388 code [0x000001d187c044c0, 0x000001d187c04728]
Event: 11.732 Thread 0x000001d1fc8bc190 3651       4       jdk.internal.classfile.impl.AttributeHolder::withAttribute (124 bytes)
Event: 11.734 Thread 0x000001d1fc8bd4b0 3652       3       java.lang.String::getBytes (44 bytes)
Event: 11.735 Thread 0x000001d1fc8bd4b0 nmethod 3652 0x000001d180625988 code [0x000001d180625ae0, 0x000001d180625e60]
Event: 11.739 Thread 0x000001d1fc8bd4b0 3653       3       java.lang.AbstractStringBuilder::append (45 bytes)
Event: 11.741 Thread 0x000001d1fc8bd4b0 nmethod 3653 0x000001d180625e88 code [0x000001d180626020, 0x000001d180626740]
Event: 11.757 Thread 0x000001d1fc8bd4b0 3654       3       java.lang.invoke.LambdaForm::useCount (107 bytes)
Event: 11.758 Thread 0x000001d1fc8bd4b0 nmethod 3654 0x000001d180626788 code [0x000001d1806268c0, 0x000001d180626c98]
Event: 11.758 Thread 0x000001d1fc8bd4b0 3655       3       jdk.internal.classfile.impl.DirectCodeBuilder::storeLocal (126 bytes)
Event: 11.761 Thread 0x000001d1fc8bd4b0 nmethod 3655 0x000001d180626d08 code [0x000001d180626f40, 0x000001d180627fb8]
Event: 11.772 Thread 0x000001d1fc8bd4b0 3657       3       java.util.Collections$EmptyMap::entrySet (4 bytes)
Event: 11.772 Thread 0x000001d1fc8bd4b0 nmethod 3657 0x000001d180628008 code [0x000001d180628120, 0x000001d180628288]

GC Heap History (6 events):
Event: 3.823 GC heap before
{Heap before GC invocations=0 (full 0):
 garbage-first heap   total reserved 2072576K, committed 133120K, used 50292K [0x0000000081800000, 0x0000000100000000)
  region size 1024K, 47 young (48128K), 0 survivors (0K)
 Metaspace       used 13196K, committed 13440K, reserved 1114112K
  class space    used 1270K, committed 1344K, reserved 1048576K
}
Event: 3.843 GC heap after
{Heap after GC invocations=1 (full 0):
 garbage-first heap   total reserved 2072576K, committed 133120K, used 8788K [0x0000000081800000, 0x0000000100000000)
  region size 1024K, 6 young (6144K), 6 survivors (6144K)
 Metaspace       used 13196K, committed 13440K, reserved 1114112K
  class space    used 1270K, committed 1344K, reserved 1048576K
}
Event: 6.746 GC heap before
{Heap before GC invocations=1 (full 0):
 garbage-first heap   total reserved 2072576K, committed 133120K, used 62036K [0x0000000081800000, 0x0000000100000000)
  region size 1024K, 59 young (60416K), 6 survivors (6144K)
 Metaspace       used 20530K, committed 20864K, reserved 1114112K
  class space    used 1983K, committed 2112K, reserved 1048576K
}
Event: 6.776 GC heap after
{Heap after GC invocations=2 (full 0):
 garbage-first heap   total reserved 2072576K, committed 133120K, used 17407K [0x0000000081800000, 0x0000000100000000)
  region size 1024K, 8 young (8192K), 8 survivors (8192K)
 Metaspace       used 20530K, committed 20864K, reserved 1114112K
  class space    used 1983K, committed 2112K, reserved 1048576K
}
Event: 7.011 GC heap before
{Heap before GC invocations=2 (full 0):
 garbage-first heap   total reserved 2072576K, committed 133120K, used 19455K [0x0000000081800000, 0x0000000100000000)
  region size 1024K, 11 young (11264K), 8 survivors (8192K)
 Metaspace       used 21258K, committed 21504K, reserved 1114112K
  class space    used 2068K, committed 2176K, reserved 1048576K
}
Event: 7.028 GC heap after
{Heap after GC invocations=3 (full 0):
 garbage-first heap   total reserved 2072576K, committed 133120K, used 18895K [0x0000000081800000, 0x0000000100000000)
  region size 1024K, 2 young (2048K), 2 survivors (2048K)
 Metaspace       used 21258K, committed 21504K, reserved 1114112K
  class space    used 2068K, committed 2176K, reserved 1048576K
}

Dll operation events (11 events):
Event: 0.024 Loaded shared library C:\Program Files\Java\jdk-24\bin\java.dll
Event: 0.098 Loaded shared library C:\Program Files\Java\jdk-24\bin\jsvml.dll
Event: 0.320 Loaded shared library C:\Program Files\Java\jdk-24\bin\net.dll
Event: 0.324 Loaded shared library C:\Program Files\Java\jdk-24\bin\nio.dll
Event: 0.375 Loaded shared library C:\Program Files\Java\jdk-24\bin\zip.dll
Event: 0.796 Loaded shared library C:\Program Files\Java\jdk-24\bin\jimage.dll
Event: 1.299 Loaded shared library C:\Program Files\Java\jdk-24\bin\extnet.dll
Event: 5.828 Loaded shared library C:\Program Files\Java\jdk-24\bin\verify.dll
Event: 6.970 Loaded shared library C:\Program Files\Java\jdk-24\bin\management.dll
Event: 6.977 Loaded shared library C:\Program Files\Java\jdk-24\bin\management_ext.dll
Event: 7.261 Loaded shared library C:\Program Files\Java\jdk-24\bin\sunmscapi.dll

Deoptimization events (20 events):
Event: 11.722 Thread 0x000001d1ec8fc9d0 Uncommon trap: trap_request=0xffffff4d fr.pc=0x000001d187b07720 relative=0x00000000000004c0
Event: 11.722 Thread 0x000001d1ec8fc9d0 Uncommon trap: reason=unstable_if action=reinterpret pc=0x000001d187b07720 method=java.lang.AbstractStringBuilder.inflateIfNeededFor(Ljava/lang/String;)V @ 14 c2
Event: 11.722 Thread 0x000001d1ec8fc9d0 DEOPT PACKING pc=0x000001d187b07720 sp=0x00000058259fd480
Event: 11.722 Thread 0x000001d1ec8fc9d0 DEOPT UNPACKING pc=0x000001d187645202 sp=0x00000058259fd330 mode 2
Event: 11.722 Thread 0x000001d1ec8fc9d0 Uncommon trap: trap_request=0xffffff4d fr.pc=0x000001d187bc6300 relative=0x0000000000000240
Event: 11.722 Thread 0x000001d1ec8fc9d0 Uncommon trap: reason=unstable_if action=reinterpret pc=0x000001d187bc6300 method=java.lang.String.getBytes([BIB)V @ 5 c2
Event: 11.722 Thread 0x000001d1ec8fc9d0 DEOPT PACKING pc=0x000001d187bc6300 sp=0x00000058259fd440
Event: 11.722 Thread 0x000001d1ec8fc9d0 DEOPT UNPACKING pc=0x000001d187645202 sp=0x00000058259fd318 mode 2
Event: 11.722 Thread 0x000001d1ec8fc9d0 Uncommon trap: trap_request=0xffffff4d fr.pc=0x000001d187af2b7c relative=0x00000000000000dc
Event: 11.722 Thread 0x000001d1ec8fc9d0 Uncommon trap: reason=unstable_if action=reinterpret pc=0x000001d187af2b7c method=java.lang.String.getBytes([BIB)V @ 5 c2
Event: 11.722 Thread 0x000001d1ec8fc9d0 DEOPT PACKING pc=0x000001d187af2b7c sp=0x00000058259fd350
Event: 11.722 Thread 0x000001d1ec8fc9d0 DEOPT UNPACKING pc=0x000001d187645202 sp=0x00000058259fd2f8 mode 2
Event: 11.735 Thread 0x000001d1ec8fc9d0 Uncommon trap: trap_request=0xffffff4d fr.pc=0x000001d187ba65fc relative=0x00000000000004bc
Event: 11.735 Thread 0x000001d1ec8fc9d0 Uncommon trap: reason=unstable_if action=reinterpret pc=0x000001d187ba65fc method=java.lang.String.<init>(Ljava/lang/AbstractStringBuilder;Ljava/lang/Void;)V @ 19 c2
Event: 11.735 Thread 0x000001d1ec8fc9d0 DEOPT PACKING pc=0x000001d187ba65fc sp=0x00000058259fd650
Event: 11.735 Thread 0x000001d1ec8fc9d0 DEOPT UNPACKING pc=0x000001d187645202 sp=0x00000058259fd5b8 mode 2
Event: 11.735 Thread 0x000001d1ec8fc9d0 Uncommon trap: trap_request=0xffffff4d fr.pc=0x000001d187bc8178 relative=0x0000000000000258
Event: 11.735 Thread 0x000001d1ec8fc9d0 Uncommon trap: reason=unstable_if action=reinterpret pc=0x000001d187bc8178 method=java.lang.String.getChars(II[CI)V @ 24 c2
Event: 11.735 Thread 0x000001d1ec8fc9d0 DEOPT PACKING pc=0x000001d187bc8178 sp=0x00000058259fd460
Event: 11.735 Thread 0x000001d1ec8fc9d0 DEOPT UNPACKING pc=0x000001d187645202 sp=0x00000058259fd420 mode 2

Classes loaded (20 events):
Event: 10.999 Loading class sun/util/logging/resources/logging
Event: 10.999 Loading class sun/util/logging/resources/logging done
Event: 10.999 Loading class sun/util/logging/resources/logging_en
Event: 10.999 Loading class sun/util/logging/resources/logging_en done
Event: 10.999 Loading class sun/util/logging/resources/logging_en
Event: 10.999 Loading class sun/util/logging/resources/logging_en done
Event: 11.000 Loading class sun/util/logging/resources/logging_en_US
Event: 11.000 Loading class sun/util/logging/resources/logging_en_US done
Event: 11.000 Loading class sun/util/logging/resources/logging_en_US
Event: 11.000 Loading class sun/util/logging/resources/logging_en_US done
Event: 11.000 Loading class java/util/Formatter$DateTime
Event: 11.000 Loading class java/util/Formatter$DateTime done
Event: 11.001 Loading class java/time/ZonedDateTime$1
Event: 11.001 Loading class java/time/ZonedDateTime$1 done
Event: 11.760 Loading class java/lang/invoke/WrongMethodTypeException
Event: 11.761 Loading class java/lang/invoke/WrongMethodTypeException done
Event: 11.761 Loading class jdk/internal/reflect/AccessorUtils
Event: 11.762 Loading class jdk/internal/reflect/AccessorUtils done
Event: 11.764 Loading class java/lang/StackTraceElement$HashedModules
Event: 11.764 Loading class java/lang/StackTraceElement$HashedModules done

Classes unloaded (0 events):
No events

Classes redefined (0 events):
No events

Internal exceptions (20 events):
Event: 7.452 Thread 0x000001d1ec8fc9d0 Exception <a 'java/lang/NoSuchMethodError'{0x0000000085138640}: 'void java.lang.invoke.DirectMethodHandle$Holder.invokeStatic(java.lang.Object, long)'> (0x0000000085138640) 
thrown [s\open\src\hotspot\share\interpreter\linkResolver.cpp, line 805]
Event: 7.454 Thread 0x000001d1ec8fc9d0 Exception <a 'java/lang/NoSuchMethodError'{0x00000000851473a8}: 'java.lang.Object java.lang.invoke.DirectMethodHandle$Holder.newInvokeSpecial(java.lang.Object, long)'> (0x00000000851473a8) 
thrown [s\open\src\hotspot\share\interpreter\linkResolver.cpp, line 805]
Event: 7.456 Thread 0x000001d1ec8fc9d0 Exception <a 'java/lang/NoSuchMethodError'{0x0000000085150310}: 'java.lang.Object java.lang.invoke.DirectMethodHandle$Holder.invokeStatic(java.lang.Object, long, java.lang.Object)'> (0x0000000085150310) 
thrown [s\open\src\hotspot\share\interpreter\linkResolver.cpp, line 805]
Event: 7.457 Thread 0x000001d1ec8fc9d0 Exception <a 'java/lang/NoSuchMethodError'{0x00000000851586b8}: 'java.lang.Object java.lang.invoke.DirectMethodHandle$Holder.invokeStaticInit(java.lang.Object, long, java.lang.Object)'> (0x00000000851586b8) 
thrown [s\open\src\hotspot\share\interpreter\linkResolver.cpp, line 805]
Event: 7.490 Thread 0x000001d1d5c1ded0 Exception <a 'java/net/ConnectException'{0x0000000084f0ca60}: Connection refused: getsockopt> (0x0000000084f0ca60) 
thrown [s\open\src\hotspot\share\prims\jni.cpp, line 536]
Event: 7.502 Thread 0x000001d1d5c1ded0 Exception <a 'java/net/ConnectException'{0x0000000084f0dc38}: Connection refused: getsockopt> (0x0000000084f0dc38) 
thrown [s\open\src\hotspot\share\prims\jni.cpp, line 536]
Event: 7.525 Thread 0x000001d1d5c1ded0 Exception <a 'java/net/ConnectException'{0x0000000084f0eb58}: Connection refused: getsockopt> (0x0000000084f0eb58) 
thrown [s\open\src\hotspot\share\prims\jni.cpp, line 536]
Event: 7.566 Thread 0x000001d1d5c1ded0 Exception <a 'java/net/ConnectException'{0x0000000084f0fa78}: Connection refused: getsockopt> (0x0000000084f0fa78) 
thrown [s\open\src\hotspot\share\prims\jni.cpp, line 536]
Event: 7.684 Thread 0x000001d1ec8fc9d0 Exception <a 'java/lang/NoSuchMethodError'{0x00000000851e9b10}: 'double java.lang.invoke.DirectMethodHandle$Holder.invokeVirtual(java.lang.Object, java.lang.Object)'> (0x00000000851e9b10) 
thrown [s\open\src\hotspot\share\interpreter\linkResolver.cpp, line 805]
Event: 7.685 Thread 0x000001d1ec8fc9d0 Exception <a 'java/lang/NoSuchMethodError'{0x00000000851f9510}: 'float java.lang.invoke.DirectMethodHandle$Holder.invokeVirtual(java.lang.Object, java.lang.Object)'> (0x00000000851f9510) 
thrown [s\open\src\hotspot\share\interpreter\linkResolver.cpp, line 805]
Event: 7.687 Thread 0x000001d1ec8fc9d0 Exception <a 'java/lang/NoSuchMethodError'{0x0000000084e104e0}: 'long java.lang.invoke.DirectMethodHandle$Holder.invokeVirtual(java.lang.Object, java.lang.Object)'> (0x0000000084e104e0) 
thrown [s\open\src\hotspot\share\interpreter\linkResolver.cpp, line 805]
Event: 7.747 Thread 0x000001d1ec8fc9d0 Exception <a 'java/lang/NoSuchMethodError'{0x0000000084c336b0}: 'java.lang.Object java.lang.invoke.DirectMethodHandle$Holder.newInvokeSpecial(java.lang.Object, java.lang.Object, int, int)'> (0x0000000084c336b0) 
thrown [s\open\src\hotspot\share\interpreter\linkResolver.cpp, line 805]
Event: 7.749 Thread 0x000001d1ec8fc9d0 Exception <a 'java/lang/NoSuchMethodError'{0x0000000084c441e0}: 'void java.lang.invoke.DirectMethodHandle$Holder.invokeStatic(java.lang.Object, java.lang.Object, int)'> (0x0000000084c441e0) 
thrown [s\open\src\hotspot\share\interpreter\linkResolver.cpp, line 805]
Event: 7.817 Thread 0x000001d1d5c1f4c0 Exception <a 'java/lang/NoSuchMethodError'{0x0000000084a3e0e0}: 'void java.lang.invoke.DirectMethodHandle$Holder.invokeStatic(java.lang.Object, java.lang.Object, java.lang.Object, java.lang.Object, java.lang.Object, java.lang.Object, java.lang.Object)'> (0x0000000084a3e0e0) 
thrown [s\open\src\hotspot\share\interpreter\linkResolver.cpp, line 805]
Event: 7.862 Thread 0x000001d1d5c1f4c0 Exception <a 'java/lang/NoSuchMethodError'{0x0000000084947988}: 'java.lang.Object java.lang.invoke.DirectMethodHandle$Holder.invokeSpecial(java.lang.Object, java.lang.Object, java.lang.Object, java.lang.Object, java.lang.Object, int)'> (0x0000000084947988) 
thrown [s\open\src\hotspot\share\interpreter\linkResolver.cpp, line 805]
Event: 7.921 Thread 0x000001d1d5c1f4c0 Exception <a 'java/lang/NoSuchMethodError'{0x0000000084831d30}: 'long java.lang.invoke.DirectMethodHandle$Holder.invokeStatic(java.lang.Object, long, long)'> (0x0000000084831d30) 
thrown [s\open\src\hotspot\share\interpreter\linkResolver.cpp, line 805]
Event: 7.929 Thread 0x000001d1d40a7b70 Exception <a 'java/lang/NoSuchMethodError'{0x000000008520a478}: 'int java.lang.invoke.DirectMethodHandle$Holder.invokeStatic(java.lang.Object, int, java.lang.Object)'> (0x000000008520a478) 
thrown [s\open\src\hotspot\share\interpreter\linkResolver.cpp, line 805]
Event: 10.765 Thread 0x000001d1ec8fc9d0 Exception <a 'java/lang/NoSuchMethodError'{0x0000000084372d70}: 'java.lang.Object java.lang.invoke.DirectMethodHandle$Holder.invokeSpecialIFC(java.lang.Object, java.lang.Object, java.lang.Object)'> (0x0000000084372d70) 
thrown [s\open\src\hotspot\share\interpreter\linkResolver.cpp, line 805]
Event: 10.999 Thread 0x000001d1ec8fc9d0 Exception <a 'java/lang/ClassNotFoundException'{0x0000000083d8bc88}: sun/util/logging/resources/spi/loggingProvider> (0x0000000083d8bc88) 
thrown [s\open\src\hotspot\share\classfile\systemDictionary.cpp, line 327]
Event: 11.760 Thread 0x000001d1ec8fc9d0 Exception <a 'java/lang/NullPointerException'{0x0000000083cfc928}> (0x0000000083cfc928) 
thrown [s\open\src\hotspot\share\interpreter\linkResolver.cpp, line 1523]

VM Operations (20 events):
Event: 6.187 Executing VM operation: HandshakeAllThreads (Deoptimize)
Event: 6.187 Executing VM operation: HandshakeAllThreads (Deoptimize) done
Event: 6.697 Executing VM operation: HandshakeAllThreads (Deoptimize)
Event: 6.697 Executing VM operation: HandshakeAllThreads (Deoptimize) done
Event: 6.746 Executing VM operation: G1CollectForAllocation (G1 Evacuation Pause)
Event: 6.776 Executing VM operation: G1CollectForAllocation (G1 Evacuation Pause) done
Event: 7.011 Executing VM operation: CollectForMetadataAllocation (Metadata GC Threshold)
Event: 7.028 Executing VM operation: CollectForMetadataAllocation (Metadata GC Threshold) done
Event: 7.054 Executing VM operation: G1PauseRemark
Event: 7.059 Executing VM operation: G1PauseRemark done
Event: 7.071 Executing VM operation: G1PauseCleanup
Event: 7.072 Executing VM operation: G1PauseCleanup done
Event: 7.656 Executing VM operation: HandshakeAllThreads (Deoptimize)
Event: 7.656 Executing VM operation: HandshakeAllThreads (Deoptimize) done
Event: 7.658 Executing VM operation: HandshakeAllThreads (Deoptimize)
Event: 7.658 Executing VM operation: HandshakeAllThreads (Deoptimize) done
Event: 10.626 Executing VM operation: HandshakeAllThreads (Deoptimize)
Event: 10.626 Executing VM operation: HandshakeAllThreads (Deoptimize) done
Event: 10.640 Executing VM operation: HandshakeAllThreads (Deoptimize)
Event: 10.640 Executing VM operation: HandshakeAllThreads (Deoptimize) done

Memory protections (0 events):
No events

Nmethod flushes (0 events):
No events

Events (20 events):
Event: 2.420 Thread 0x000001d1d418b610 Thread exited: 0x000001d1d418b610
Event: 6.020 Thread 0x000001d1fc8bd4b0 Thread added: 0x000001d1d62f5310
Event: 7.079 Thread 0x000001d1ec8fc9d0 Thread added: 0x000001d1d52a5800
Event: 7.373 Thread 0x000001d1ec8fc9d0 Thread added: 0x000001d1d40a7b70
Event: 7.460 Thread 0x000001d1ec8fc9d0 Thread added: 0x000001d1d518c050
Event: 7.463 Thread 0x000001d1ec8fc9d0 Thread added: 0x000001d1d518d7a0
Event: 7.464 Thread 0x000001d1ec8fc9d0 Thread added: 0x000001d1d5c1e620
Event: 7.469 Thread 0x000001d1d518d7a0 Thread added: 0x000001d1d5c1ded0
Event: 7.657 Thread 0x000001d1d5c1ded0 Thread added: 0x000001d1d5c1ed70
Event: 7.660 Thread 0x000001d1d62f5310 Thread exited: 0x000001d1d62f5310
Event: 7.800 Thread 0x000001d1ec8fc9d0 Thread added: 0x000001d1d5c1f4c0
Event: 7.807 Thread 0x000001d1ec8fc9d0 Thread added: 0x000001d1d5c1fc10
Event: 7.932 Thread 0x000001d1d40a7b70 Thread added: 0x000001d1d5c20360
Event: 7.936 Thread 0x000001d1d40a7b70 Thread added: 0x000001d1d5c1d030
Event: 7.938 Thread 0x000001d1d40a7b70 Thread added: 0x000001d1d5c1d780
Event: 10.850 Thread 0x000001d1ec8fc9d0 Thread added: 0x000001d1d4167170
Event: 10.851 Thread 0x000001d1ec8fc9d0 Thread added: 0x000001d1d4165b80
Event: 10.856 Thread 0x000001d1d4167170 Thread added: 0x000001d1d41662d0
Event: 10.859 Thread 0x000001d1d4167170 Thread added: 0x000001d1d41678c0
Event: 10.860 Thread 0x000001d1d4167170 Thread added: 0x000001d1d4164590


Dynamic libraries:
0x00007ff72fb60000 - 0x00007ff72fb70000 	C:\Program Files\Java\jdk-24\bin\javaw.exe
0x00007ffe68050000 - 0x00007ffe68248000 	C:\WINDOWS\SYSTEM32\ntdll.dll
0x00007ffe662f0000 - 0x00007ffe663b2000 	C:\WINDOWS\System32\KERNEL32.DLL
0x00007ffe65d80000 - 0x00007ffe66076000 	C:\WINDOWS\System32\KERNELBASE.dll
0x00007ffe65b60000 - 0x00007ffe65c60000 	C:\WINDOWS\System32\ucrtbase.dll
0x00007ffe62140000 - 0x00007ffe62156000 	C:\Program Files\Java\jdk-24\bin\jli.dll
0x00007ffe62120000 - 0x00007ffe6213b000 	C:\Program Files\Java\jdk-24\bin\VCRUNTIME140.dll
0x00007ffe67cc0000 - 0x00007ffe67e5d000 	C:\WINDOWS\System32\USER32.dll
0x00007ffe65b30000 - 0x00007ffe65b52000 	C:\WINDOWS\System32\win32u.dll
0x00007ffe5abd0000 - 0x00007ffe5ae6b000 	C:\WINDOWS\WinSxS\amd64_microsoft.windows.common-controls_6595b64144ccf1df_6.0.19041.6280_none_60bc30a171f2f3f3\COMCTL32.dll
0x00007ffe66130000 - 0x00007ffe6615b000 	C:\WINDOWS\System32\GDI32.dll
0x00007ffe671f0000 - 0x00007ffe6728e000 	C:\WINDOWS\System32\msvcrt.dll
0x00007ffe65960000 - 0x00007ffe65a79000 	C:\WINDOWS\System32\gdi32full.dll
0x00007ffe65ce0000 - 0x00007ffe65d7d000 	C:\WINDOWS\System32\msvcp_win.dll
0x00007ffe67290000 - 0x00007ffe672bf000 	C:\WINDOWS\System32\IMM32.DLL
0x00007ffe62110000 - 0x00007ffe6211c000 	C:\Program Files\Java\jdk-24\bin\vcruntime140_1.dll
0x00007ffe3bea0000 - 0x00007ffe3bf2e000 	C:\Program Files\Java\jdk-24\bin\msvcp140.dll
0x00007ffe25f40000 - 0x00007ffe26ce1000 	C:\Program Files\Java\jdk-24\bin\server\jvm.dll
0x00007ffe66730000 - 0x00007ffe667e1000 	C:\WINDOWS\System32\ADVAPI32.dll
0x00007ffe67340000 - 0x00007ffe673df000 	C:\WINDOWS\System32\sechost.dll
0x00007ffe67580000 - 0x00007ffe676a0000 	C:\WINDOWS\System32\RPCRT4.dll
0x00007ffe65930000 - 0x00007ffe65957000 	C:\WINDOWS\System32\bcrypt.dll
0x00007ffe67180000 - 0x00007ffe671eb000 	C:\WINDOWS\System32\WS2_32.dll
0x00007ffe64bf0000 - 0x00007ffe64c3b000 	C:\WINDOWS\SYSTEM32\POWRPROF.dll
0x00007ffe5a980000 - 0x00007ffe5a9a7000 	C:\WINDOWS\SYSTEM32\WINMM.dll
0x00007ffe5bf20000 - 0x00007ffe5bf2a000 	C:\WINDOWS\SYSTEM32\VERSION.dll
0x00007ffe64ab0000 - 0x00007ffe64ac2000 	C:\WINDOWS\SYSTEM32\UMPDC.dll
0x00007ffe63ed0000 - 0x00007ffe63ee2000 	C:\WINDOWS\SYSTEM32\kernel.appcore.dll
0x00007ffe61c90000 - 0x00007ffe61c9a000 	C:\Program Files\Java\jdk-24\bin\jimage.dll
0x00007ffe63bc0000 - 0x00007ffe63dc1000 	C:\WINDOWS\SYSTEM32\DBGHELP.DLL
0x00007ffe4c9c0000 - 0x00007ffe4c9f4000 	C:\WINDOWS\SYSTEM32\dbgcore.DLL
0x00007ffe658a0000 - 0x00007ffe65922000 	C:\WINDOWS\System32\bcryptPrimitives.dll
0x00007ffe5f490000 - 0x00007ffe5f4ae000 	C:\Program Files\Java\jdk-24\bin\java.dll
0x00007ffe67b10000 - 0x00007ffe67c3b000 	C:\WINDOWS\System32\ole32.dll
0x00007ffe663d0000 - 0x00007ffe66723000 	C:\WINDOWS\System32\combase.dll
0x00007ffe669b0000 - 0x00007ffe67120000 	C:\WINDOWS\System32\SHELL32.dll
0x00007ffe63340000 - 0x00007ffe63ae5000 	C:\WINDOWS\SYSTEM32\windows.storage.dll
0x00007ffe65040000 - 0x00007ffe6506b000 	C:\WINDOWS\SYSTEM32\Wldp.dll
0x00007ffe668e0000 - 0x00007ffe669ad000 	C:\WINDOWS\System32\OLEAUT32.dll
0x00007ffe66240000 - 0x00007ffe662ed000 	C:\WINDOWS\System32\SHCORE.dll
0x00007ffe672d0000 - 0x00007ffe6732b000 	C:\WINDOWS\System32\shlwapi.dll
0x00007ffe65620000 - 0x00007ffe65644000 	C:\WINDOWS\SYSTEM32\profapi.dll
0x00007ffe3bdc0000 - 0x00007ffe3be97000 	C:\Program Files\Java\jdk-24\bin\jsvml.dll
0x00007ffe61c80000 - 0x00007ffe61c90000 	C:\Program Files\Java\jdk-24\bin\net.dll
0x00007ffe64e20000 - 0x00007ffe64e8a000 	C:\WINDOWS\system32\mswsock.dll
0x00007ffe3bda0000 - 0x00007ffe3bdb6000 	C:\Program Files\Java\jdk-24\bin\nio.dll
0x00007ffe3bd80000 - 0x00007ffe3bd97000 	C:\Program Files\Java\jdk-24\bin\zip.dll
0x00007ffe64b10000 - 0x00007ffe64bda000 	C:\WINDOWS\SYSTEM32\DNSAPI.dll
0x00007ffe64ad0000 - 0x00007ffe64b0b000 	C:\WINDOWS\SYSTEM32\IPHLPAPI.DLL
0x00007ffe67330000 - 0x00007ffe67338000 	C:\WINDOWS\System32\NSI.dll
0x00007ffe5a490000 - 0x00007ffe5a49a000 	C:\Windows\System32\rasadhlp.dll
0x00007ffe5a640000 - 0x00007ffe5a6c0000 	C:\WINDOWS\System32\fwpuclnt.dll
0x00007ffe57c20000 - 0x00007ffe57c29000 	C:\Program Files\Java\jdk-24\bin\extnet.dll
0x00007ffe65080000 - 0x00007ffe65098000 	C:\WINDOWS\SYSTEM32\CRYPTSP.dll
0x00007ffe646f0000 - 0x00007ffe64728000 	C:\WINDOWS\system32\rsaenh.dll
0x00007ffe655e0000 - 0x00007ffe6560e000 	C:\WINDOWS\SYSTEM32\USERENV.dll
0x00007ffe64fb0000 - 0x00007ffe64fbc000 	C:\WINDOWS\SYSTEM32\CRYPTBASE.dll
0x00007ffe5f480000 - 0x00007ffe5f490000 	C:\Program Files\Java\jdk-24\bin\verify.dll
0x00007ffe57ae0000 - 0x00007ffe57aea000 	C:\Program Files\Java\jdk-24\bin\management.dll
0x00007ffe57810000 - 0x00007ffe5781b000 	C:\Program Files\Java\jdk-24\bin\management_ext.dll
0x00007ffe663c0000 - 0x00007ffe663c8000 	C:\WINDOWS\System32\PSAPI.DLL
0x00007ffe57290000 - 0x00007ffe5729e000 	C:\Program Files\Java\jdk-24\bin\sunmscapi.dll
0x00007ffe656f0000 - 0x00007ffe6584d000 	C:\WINDOWS\System32\CRYPT32.dll
0x00007ffe65190000 - 0x00007ffe651b7000 	C:\WINDOWS\SYSTEM32\ncrypt.dll
0x00007ffe65150000 - 0x00007ffe6518b000 	C:\WINDOWS\SYSTEM32\NTASN1.dll
0x00007ffe0f720000 - 0x00007ffe0f727000 	C:\WINDOWS\system32\wshunix.dll
0x00007ffe420e0000 - 0x00007ffe420f7000 	C:\WINDOWS\system32\napinsp.dll
0x00007ffe41fa0000 - 0x00007ffe41fbb000 	C:\WINDOWS\system32\pnrpnsp.dll
0x00007ffe5f3a0000 - 0x00007ffe5f3bd000 	C:\WINDOWS\system32\wshbth.dll
0x00007ffe61230000 - 0x00007ffe6124d000 	C:\WINDOWS\system32\NLAapi.dll
0x00007ffe41f80000 - 0x00007ffe41f92000 	C:\WINDOWS\System32\winrnr.dll

JVMTI agents: none

dbghelp: loaded successfully - version: 4.0.5 - missing functions: none
symbol engine: initialized successfully - sym options: 0x614 - pdb path: .;C:\Program Files\Java\jdk-24\bin;C:\WINDOWS\SYSTEM32;C:\WINDOWS\WinSxS\amd64_microsoft.windows.common-controls_6595b64144ccf1df_6.0.19041.6280_none_60bc30a171f2f3f3;C:\Program Files\Java\jdk-24\bin\server

VM Arguments:
jvm_args: -ea -Dfile.encoding=UTF-8 -Dstdout.encoding=UTF-8 -Dstderr.encoding=UTF-8 -XX:+ShowCodeDetailsInExceptionMessages 
java_command: org.testng.remote.RemoteTestNG -serport 50303 -protocol json -d C:\Users\PC\git\cucumberframewokrepository\Cucumberframework\test-output C:\Users\PC\AppData\Local\Temp\testng-eclipse-1284537924\testng-customsuite.xml
java_class_path (initial): C:\Users\PC\eclipse\java-2025-06\eclipse\configuration\org.eclipse.osgi\561\0\.cp\lib\testng-remote.jar;C:\Users\PC\git\cucumberframewokrepository\Cucumberframework\target\test-classes;C:\Users\PC\git\cucumberframewokrepository\Cucumberframework\target\classes;C:\Users\PC\.m2\repository\io\cucumber\cucumber-testng\7.30.0\cucumber-testng-7.30.0.jar;C:\Users\PC\.m2\repository\org\apiguardian\apiguardian-api\1.1.2\apiguardian-api-1.1.2.jar;C:\Users\PC\.m2\repository\io\cucumber\cucumber-core\7.30.0\cucumber-core-7.30.0.jar;C:\Users\PC\.m2\repository\io\cucumber\cucumber-gherkin\7.30.0\cucumber-gherkin-7.30.0.jar;C:\Users\PC\.m2\repository\io\cucumber\cucumber-gherkin-messages\7.30.0\cucumber-gherkin-messages-7.30.0.jar;C:\Users\PC\.m2\repository\io\cucumber\gherkin\35.1.0\gherkin-35.1.0.jar;C:\Users\PC\.m2\repository\org\assertj\assertj-core\3.27.5\assertj-core-3.27.5.jar;C:\Users\PC\.m2\repository\io\cucumber\pretty-formatter\2.3.0\pretty-formatter-2.3.0.jar;C:\Users\PC\.m2\repository\io\cucumber\query\14.5.0\query-14.5.0.jar;C:\Users\PC\.m2\repository\io\cucumber\teamcity-formatter\0.1.1\teamcity-formatter-0.1.1.jar;C:\Users\PC\.m2\repository\io\cucumber\testng-xml-formatter\0.6.0\testng-xml-formatter-0.6.0.jar;C:\Users\PC\.m2\repository\io\cucumber\tag-expressions\6.1.2\tag-expressions-6.1.2.jar;C:\Users\PC\.m2\repository\io\cucumber\cucumber-expressions\18.0.1\cucumber-expressions-18.0.1.jar;C:\Users\PC\.m2\repository\io\cucumber\cucumber-json-formatter\0.2.1\cucumber-json-formatter-0.2.1.jar;C:\Users\PC\.m2\repository\io\cucumber\datatable\7.30.0\datatable-7.30.0.jar;C:\Users\PC\.m2\repository\io\cucumber\cucumber-plugin\7.30.0\cucumber-plugin-7.30.0.jar;C:\Users\PC\.m2\repository\io\cucumber\docstring\7.30.0\docstring-7.30.0.jar;C:\Users\PC\.m2\repository\io\cucumber\html-formatter\21.15.1\html-formatter-21.15.1.jar;C:\Users\PC\.m2\repository\io\cucumber\junit-xml-formatter\0.9.0\junit-xml-formatter-0.9.0.jar;C:\Users\PC\.m2\repository\io\cucumber\ci-environment\10.0.1\ci-environment-10.0.1.jar;C:\Users\PC\.m2\repository\org\testng\testng\7.11.0\testng-7.11.0.jar;C:\Users\PC\.m2\repository\org\jcommander\jcommander\1.83\jcommander-1.83.jar;C:\Users\PC\.m2\repository\org\webjars\jquery\3.7.1\jquery-3.7.1.jar;C:\Users\PC\.m2\repository\io\cucumber\cucumber-java\7.30.0\cucumber-java-7.30.0.jar;C:\Users\PC\.m2\repository\io\cucumber\messages\29.0.1\messages-29.0.1.jar;C:\Users\PC\.m2\repository\junit\junit\4.13.2\junit-4.13.2.jar;C:\Users\PC\.m2\repository\org\hamcrest\hamcrest-core\1.3\hamcrest-core-1.3.jar;C:\Users\PC\.m2\repository\io\github\bonigarcia\webdrivermanager\6.1.0\webdrivermanager-6.1.0.jar;C:\Users\PC\.m2\repository\org\slf4j\slf4j-api\2.0.17\slf4j-api-2.0.17.jar;C:\Users\PC\.m2\repository\com\google\code\gson\gson\2.13.0\gson-2.13.0.jar;C:\Users\PC\.m2\repository\com\google\errorprone\error_prone_annotations\2.37.0\error_prone_annotations-2.37.0.jar;C:\Users\PC\.m2\repository\com\github\docker-java\docker-java\3.5.0\docker-java-3.5.0.jar;C:\Users\PC\.m2\repository\com\github\docker-java\docker-java-core\3.5.0\docker-java-core-3.5.0.jar;C:\Users\PC\.m2\repository\com\github\docker-java\docker-java-api\3.5.0\docker-java-api-3.5.0.jar;C:\Users\PC\.m2\repository\com\fasterxml\jackson\core\jackson-annotations\2.18.3\jackson-annotations-2.18.3.jar;C:\Users\PC\.m2\repository\com\fasterxml\jackson\core\jackson-databind\2.18.3\jackson-databind-2.18.3.jar;C:\Users\PC\.m2\repository\com\fasterxml\jackson\core\jackson-core\2.18.3\jackson-core-2.18.3.jar;C:\Users\PC\.m2\repository\org\slf4j\jcl-over-slf4j\1.7.30\jcl-over-slf4j-1.7.30.jar;C:\Users\PC\.m2\repository\com\github\docker-java\docker-java-transport-httpclient5\3.5.0\docker-java-transport-httpclient5-3.5.0.jar;C:\Users\PC\.m2\repository\com\github\docker-java\docker-java-transport\3.5.0\docker-java-transport-3.5.0.jar;C:\Users\PC\.m2\repository\net\java\dev\jna\jna\5.17.0\jna-5.17.0.jar;C:\Users\PC\.m2\repository\org\brotli\dec\0.1.2\dec-0.1.2.jar;C:\Users\PC\.m2\repository\org\apache\commons\commons-lang3\3.17.0\commons-lang3-3.17.0.jar;C:\Users\PC\.m2\repository\org\apache\commons\commons-compress\1.27.1\commons-compress-1.27.1.jar;C:\Users\PC\.m2\repository\commons-codec\commons-codec\1.17.1\commons-codec-1.17.1.jar;C:\Users\PC\.m2\repository\commons-io\commons-io\2.16.1\commons-io-2.16.1.jar;C:\Users\PC\.m2\repository\org\apache\httpcomponents\client5\httpclient5\5.4.3\httpclient5-5.4.3.jar;C:\Users\PC\.m2\repository\org\apache\httpcomponents\core5\httpcore5\5.3.4\httpcore5-5.3.4.jar;C:\Users\PC\.m2\repository\org\apache\httpcomponents\core5\httpcore5-h2\5.3.4\httpcore5-h2-5.3.4.jar;C:\Users\PC\.m2\repository\net\java\dev\jna\jna-platform\5.13.0\jna-platform-5.13.0.jar;C:\Users\PC\.m2\repository\org\seleniumhq\selenium\selenium-java\4.34.0\selenium-java-4.34.0.jar;C:\Users\PC\.m2\repository\org\seleniumhq\selenium\selenium-api\4.34.0\selenium-api-4.34.0.jar;C:\Users\PC\.m2\repository\org\jspecify\jspecify\1.0.0\jspecify-1.0.0.jar;C:\Users\PC\.m2\repository\org\seleniumhq\selenium\selenium-chrome-driver\4.34.0\selenium-chrome-driver-4.34.0.jar;C:\Users\PC\.m2\repository\com\google\auto\service\auto-service-annotations\1.1.1\auto-service-annotations-1.1.1.jar;C:\Users\PC\.m2\repository\org\seleniumhq\selenium\selenium-chromium-driver\4.34.0\selenium-chromium-driver-4.34.0.jar;C:\Users\PC\.m2\repository\org\seleniumhq\selenium\selenium-json\4.34.0\selenium-json-4.34.0.jar;C:\Users\PC\.m2\repository\org\seleniumhq\selenium\selenium-manager\4.34.0\selenium-manager-4.34.0.jar;C:\Users\PC\.m2\repository\org\seleniumhq\selenium\selenium-devtools-v136\4.34.0\selenium-devtools-v136-4.34.0.jar;C:\Users\PC\.m2\repository\org\seleniumhq\selenium\selenium-devtools-v137\4.34.0\selenium-devtools-v137-4.34.0.jar;C:\Users\PC\.m2\repository\org\seleniumhq\selenium\selenium-devtools-v138\4.34.0\selenium-devtools-v138-4.34.0.jar;C:\Users\PC\.m2\repository\org\seleniumhq\selenium\selenium-edge-driver\4.34.0\selenium-edge-driver-4.34.0.jar;C:\Users\PC\.m2\repository\org\seleniumhq\selenium\selenium-firefox-driver\4.34.0\selenium-firefox-driver-4.34.0.jar;C:\Users\PC\.m2\repository\org\seleniumhq\selenium\selenium-http\4.34.0\selenium-http-4.34.0.jar;C:\Users\PC\.m2\repository\org\seleniumhq\selenium\selenium-ie-driver\4.34.0\selenium-ie-driver-4.34.0.jar;C:\Users\PC\.m2\repository\org\seleniumhq\selenium\selenium-remote-driver\4.34.0\selenium-remote-driver-4.34.0.jar;C:\Users\PC\.m2\repository\com\google\guava\guava\33.4.8-jre\guava-33.4.8-jre.jar;C:\Users\PC\.m2\repository\com\google\guava\failureaccess\1.0.3\failureaccess-1.0.3.jar;C:\Users\PC\.m2\repository\com\google\guava\listenablefuture\9999.0-empty-to-avoid-conflict-with-guava\listenablefuture-9999.0-empty-to-avoid-conflict-with-guava.jar;C:\Users\PC\.m2\repository\com\google\j2objc\j2objc-annotations\3.0.0\j2objc-annotations-3.0.0.jar;C:\Users\PC\.m2\repository\io\opentelemetry\opentelemetry-api\1.51.0\opentelemetry-api-1.51.0.jar;C:\Users\PC\.m2\repository\io\opentelemetry\opentelemetry-context\1.51.0\opentelemetry-context-1.51.0.jar;C:\Users\PC\.m2\repository\io\opentelemetry\opentelemetry-exporter-logging\1.51.0\opentelemetry-exporter-logging-1.51.0.jar;C:\Users\PC\.m2\repository\io\opentelemetry\opentelemetry-sdk-common\1.51.0\opentelemetry-sdk-common-1.51.0.jar;C:\Users\PC\.m2\repository\io\opentelemetry\opentelemetry-sdk-extension-autoconfigure-spi\1.51.0\opentelemetry-sdk-extension-autoconfigure-spi-1.51.0.jar;C:\Users\PC\.m2\repository\io\opentelemetry\opentelemetry-sdk-extension-autoconfigure\1.51.0\opentelemetry-sdk-extension-autoconfigure-1.51.0.jar;C:\Users\PC\.m2\repository\io\opentelemetry\opentelemetry-sdk-trace\1.51.0\opentelemetry-sdk-trace-1.51.0.jar;C:\Users\PC\.m2\repository\io\opentelemetry\opentelemetry-sdk\1.51.0\opentelemetry-sdk-1.51.0.jar;C:\Users\PC\.m2\repository\io\opentelemetry\opentelemetry-sdk-metrics\1.51.0\opentelemetry-sdk-metrics-1.51.0.jar;C:\Users\PC\.m2\repository\io\opentelemetry\opentelemetry-sdk-logs\1.51.0\opentelemetry-sdk-logs-1.51.0.jar;C:\Users\PC\.m2\repository\net\bytebuddy\byte-buddy\1.17.6\byte-buddy-1.17.6.jar;C:\Users\PC\.m2\repository\org\seleniumhq\selenium\selenium-os\4.34.0\selenium-os-4.34.0.jar;C:\Users\PC\.m2\repository\org\apache\commons\commons-exec\1.5.0\commons-exec-1.5.0.jar;C:\Users\PC\.m2\repository\org\seleniumhq\selenium\selenium-safari-driver\4.34.0\selenium-safari-driver-4.34.0.jar;C:\Users\PC\.m2\repository\org\seleniumhq\selenium\selenium-support\4.34.0\selenium-support-4.34.0.jar
Launcher Type: SUN_STANDARD

[Global flags]
     intx CICompilerCount                          = 4                                         {product} {ergonomic}
     uint ConcGCThreads                            = 2                                         {product} {ergonomic}
     uint G1ConcRefinementThreads                  = 8                                         {product} {ergonomic}
   size_t G1HeapRegionSize                         = 1048576                                   {product} {ergonomic}
   size_t InitialHeapSize                          = 134217728                                 {product} {ergonomic}
   size_t MarkStackSize                            = 4194304                                   {product} {ergonomic}
   size_t MarkStackSizeMax                         = 536870912                                 {product} {ergonomic}
   size_t MaxHeapSize                              = 2122317824                                {product} {ergonomic}
   size_t MaxNewSize                               = 1272971264                                {product} {ergonomic}
   size_t MinHeapDeltaBytes                        = 1048576                                   {product} {ergonomic}
   size_t MinHeapSize                              = 8388608                                   {product} {ergonomic}
    uintx NonNMethodCodeHeapSize                   = 5832704                                {pd product} {ergonomic}
    uintx NonProfiledCodeHeapSize                  = 122945536                              {pd product} {ergonomic}
    uintx ProfiledCodeHeapSize                     = 122880000                              {pd product} {ergonomic}
    uintx ReservedCodeCacheSize                    = 251658240                              {pd product} {ergonomic}
     bool SegmentedCodeCache                       = true                                      {product} {ergonomic}
     bool ShowCodeDetailsInExceptionMessages       = true                                   {manageable} {command line}
   size_t SoftMaxHeapSize                          = 2122317824                             {manageable} {ergonomic}
     bool UseCompressedOops                        = true                           {product lp64_product} {ergonomic}
     bool UseG1GC                                  = true                                      {product} {ergonomic}
     bool UseLargePagesIndividualAllocation        = false                                  {pd product} {ergonomic}

Logging:
Log output configuration:
 #0: stdout all=warning uptime,level,tags foldmultilines=false
 #1: stderr all=off uptime,level,tags foldmultilines=false

Environment Variables:
JAVA_HOME=C:\Program Files\Java\jdk-21\bin
PATH=C:/Users/PC/.p2/pool/plugins/org.eclipse.justj.openjdk.hotspot.jre.full.win32.x86_64_21.0.8.v20250724-1412/jre/bin/server;C:/Users/PC/.p2/pool/plugins/org.eclipse.justj.openjdk.hotspot.jre.full.win32.x86_64_21.0.8.v20250724-1412/jre/bin;C:\Program Files (x86)\Common Files\Oracle\Java\javapath;C:\WINDOWS\system32;C:\WINDOWS;C:\WINDOWS\System32\Wbem;C:\WINDOWS\System32\WindowsPowerShell\v1.0\;C:\WINDOWS\System32\OpenSSH\;C:\Program Files\dotnet\;C:\Program Files (x86)\Intel\Intel(R) Management Engine Components\DAL;C:\Program Files\Intel\Intel(R) Management Engine Components\DAL;C:\Program Files\Intel\WiFi\bin\;C:\Program Files\Common Files\Intel\WirelessCommon\;C:\Program Files\Microsoft SQL Server\150\Tools\Binn\;C:\Program Files\Java\jdk-21\bin;C:\Program Files\Git\cmd;C:\Users\PC\Downloads\apache-maven-3.9.11-bin\apache-maven-3.9.11\bin;C:\Program Files\Nodejs;C:\Program Files (x86)\VMware\VMware Player\bin\;C:\Windows\system32;C:\Windows;C:\Windows\System32\Wbem;C:\Windows\System32\WindowsPowerShell\v1.0\;C:\Windows\System32\OpenSSH\;C:\Program Files\dotnet\;C:\Program Files (x86)\Intel\Intel(R) Management Engine Components\DAL;C:\Program Files\Intel\Intel(R) Management Engine Components\DAL;C:\Program Files\nodejs\;C:\Users\PC\AppData\Local\Programs\Python\Python311\Scripts\;C:\Users\PC\AppData\Local\Programs\Python\Python311\;C:\Users\PC\AppData\Local\Microsoft\WindowsApps;C:\Users\PC\AppData\Local\Programs\Microsoft VS Code\bin;C:\Program Files\nodejs;C:\MinGW\bin;C:\Users\PC\.dotnet\tools;C:\Users\PC\AppData\Local\Microsoft\WindowsApps;;C:\WINDOWS\system32;
USERNAME=PC
OS=Windows_NT
PROCESSOR_IDENTIFIER=Intel64 Family 6 Model 142 Stepping 10, GenuineIntel
TMP=C:\Users\PC\AppData\Local\Temp
TEMP=C:\Users\PC\AppData\Local\Temp




Periodic native trim disabled

---------------  S Y S T E M  ---------------

OS:
 Windows 10 , 64 bit Build 19041 (10.0.19041.5915)
OS uptime: 0 days 0:16 hours
Hyper-V role detected

CPU: total 8 (initial active 8) (4 cores per cpu, 2 threads per core) family 6 model 142 stepping 10 microcode 0xf0, cx8, cmov, fxsr, ht, mmx, 3dnowpref, sse, sse2, sse3, ssse3, sse4.1, sse4.2, popcnt, lzcnt, tsc, tscinvbit, avx, avx2, aes, erms, clmul, bmi1, bmi2, adx, fma, vzeroupper, clflush, clflushopt, hv, rdtscp, f16c
Processor Information for the first 8 processors :
  Max Mhz: 1992, Current Mhz: 1792, Mhz Limit: 1792

Memory: 4k page, system-wide physical 8089M (391M free)
TotalPageFile size 10137M (AvailPageFile size 166M)
current process WorkingSet (physical memory assigned to process): 140M, peak: 179M
current process commit charge ("private bytes"): 206M, peak: 286M

vm_info: Java HotSpot(TM) 64-Bit Server VM (24.0.2+12-54) for windows-amd64 JRE (24.0.2+12-54), built on 2025-07-08T12:10:27Z with MS VC++ 17.6 (VS2022)

END.
